<?xml version="1.0" encoding="utf-8"?>
<coverage line-rate="0.9987" branch-rate="0.9428" version="1.9" timestamp="1732011712" lines-covered="815" lines-valid="816" branches-covered="66" branches-valid="70">
  <sources>
    <source>C:\Users\ARNAV\</source>
  </sources>
  <packages>
    <package name="CloudUnitTesting" line-rate="0.9982" branch-rate="0.9375" complexity="81">
      <classes>
        <class name="AutoGeneratedProgram" filename=".nuget\packages\microsoft.net.test.sdk\17.11.1\build\netcoreapp3.1\Microsoft.NET.Test.Sdk.Program.cs" line-rate="0" branch-rate="1" complexity="1">
          <methods>
            <method name="Main" signature="(System.String[])" line-rate="0" branch-rate="1" complexity="1">
              <lines>
                <line number="4" hits="0" branch="False" />
              </lines>
            </method>
          </methods>
          <lines>
            <line number="4" hits="0" branch="False" />
          </lines>
        </class>
        <class name="CloudUnitTesting.Tests" filename="Desktop\Software Engineering\Lab Project\Demos\Finale\Cloud Module\ServerlessStorageAPI\CloudUnitTesting\UnitTest1.cs" line-rate="1" branch-rate="0.5" complexity="11">
          <methods>
            <method name="Setup" signature="()" line-rate="1" branch-rate="1" complexity="1">
              <lines>
                <line number="55" hits="42" branch="False" />
                <line number="56" hits="42" branch="False" />
                <line number="57" hits="42" branch="False" />
                <line number="58" hits="42" branch="False" />
                <line number="59" hits="42" branch="False" />
                <line number="60" hits="42" branch="False" />
                <line number="61" hits="42" branch="False" />
                <line number="62" hits="42" branch="False" />
                <line number="63" hits="42" branch="False" />
                <line number="64" hits="42" branch="False" />
                <line number="65" hits="42" branch="False" />
              </lines>
            </method>
            <method name="Teardown" signature="()" line-rate="1" branch-rate="0.5" complexity="2">
              <lines>
                <line number="72" hits="42" branch="False" />
                <line number="73" hits="42" branch="True" condition-coverage="50% (1/2)">
                  <conditions>
                    <condition number="8" type="jump" coverage="50%" />
                  </conditions>
                </line>
                <line number="74" hits="42" branch="False" />
              </lines>
            </method>
            <method name="&lt;ExceptionNullBaseUrl&gt;b__8_0" signature="()" line-rate="1" branch-rate="1" complexity="1">
              <lines>
                <line number="101" hits="2" branch="False" />
              </lines>
            </method>
            <method name="&lt;ExceptionEmptyContainerName&gt;b__9_0" signature="()" line-rate="1" branch-rate="1" complexity="1">
              <lines>
                <line number="108" hits="2" branch="False" />
              </lines>
            </method>
            <method name="&lt;ExceptionNullContainerName&gt;b__10_0" signature="()" line-rate="1" branch-rate="1" complexity="1">
              <lines>
                <line number="115" hits="2" branch="False" />
              </lines>
            </method>
            <method name="&lt;ExceptionEmptyBaseUrl&gt;b__11_0" signature="()" line-rate="1" branch-rate="1" complexity="1">
              <lines>
                <line number="122" hits="2" branch="False" />
              </lines>
            </method>
            <method name="&lt;ExceptionNullSasToken&gt;b__12_0" signature="()" line-rate="1" branch-rate="1" complexity="1">
              <lines>
                <line number="129" hits="2" branch="False" />
              </lines>
            </method>
            <method name="&lt;ExceptionNullHttpClient&gt;b__13_0" signature="()" line-rate="1" branch-rate="1" complexity="1">
              <lines>
                <line number="136" hits="2" branch="False" />
              </lines>
            </method>
            <method name="&lt;ExceptionNullLogger&gt;b__14_0" signature="()" line-rate="1" branch-rate="1" complexity="1">
              <lines>
                <line number="143" hits="2" branch="False" />
              </lines>
            </method>
            <method name=".ctor" signature="()" line-rate="1" branch-rate="1" complexity="1">
              <lines>
                <line number="46" hits="1" branch="False" />
                <line number="47" hits="1" branch="False" />
              </lines>
            </method>
          </methods>
          <lines>
            <line number="55" hits="42" branch="False" />
            <line number="56" hits="42" branch="False" />
            <line number="57" hits="42" branch="False" />
            <line number="58" hits="42" branch="False" />
            <line number="59" hits="42" branch="False" />
            <line number="60" hits="42" branch="False" />
            <line number="61" hits="42" branch="False" />
            <line number="62" hits="42" branch="False" />
            <line number="63" hits="42" branch="False" />
            <line number="64" hits="42" branch="False" />
            <line number="65" hits="42" branch="False" />
            <line number="72" hits="42" branch="False" />
            <line number="73" hits="42" branch="True" condition-coverage="50% (1/2)">
              <conditions>
                <condition number="8" type="jump" coverage="50%" />
              </conditions>
            </line>
            <line number="74" hits="42" branch="False" />
            <line number="101" hits="2" branch="False" />
            <line number="108" hits="2" branch="False" />
            <line number="115" hits="2" branch="False" />
            <line number="122" hits="2" branch="False" />
            <line number="129" hits="2" branch="False" />
            <line number="136" hits="2" branch="False" />
            <line number="143" hits="2" branch="False" />
            <line number="46" hits="1" branch="False" />
            <line number="47" hits="1" branch="False" />
          </lines>
        </class>
        <class name="CloudUnitTesting.Tests/&lt;&gt;c" filename="Desktop\Software Engineering\Lab Project\Demos\Finale\Cloud Module\ServerlessStorageAPI\CloudUnitTesting\UnitTest1.cs" line-rate="1" branch-rate="1" complexity="5">
          <methods>
            <method name="&lt;UploadFailsWithErrorMessage&gt;b__22_0" signature="(System.Net.Http.HttpRequestMessage,System.Threading.CancellationToken)" line-rate="1" branch-rate="1" complexity="1">
              <lines>
                <line number="302" hits="2" branch="False" />
                <line number="303" hits="1" branch="False" />
                <line number="304" hits="1" branch="False" />
                <line number="305" hits="1" branch="False" />
                <line number="306" hits="1" branch="False" />
                <line number="307" hits="2" branch="False" />
              </lines>
            </method>
            <method name="&lt;UploadHandlesExceptionGracefully&gt;b__23_0" signature="(System.Net.Http.HttpRequestMessage,System.Threading.CancellationToken)" line-rate="1" branch-rate="1" complexity="1">
              <lines>
                <line number="335" hits="2" branch="False" />
                <line number="336" hits="1" branch="False" />
              </lines>
            </method>
            <method name="&lt;ListBlobsAsyncBlobListResponseIsNullReturnsEmptyList&gt;b__42_0" signature="(System.Net.Http.HttpRequestMessage,System.Threading.CancellationToken)" line-rate="1" branch-rate="1" complexity="1">
              <lines>
                <line number="784" hits="2" branch="False" />
                <line number="785" hits="1" branch="False" />
                <line number="786" hits="1" branch="False" />
                <line number="787" hits="1" branch="False" />
                <line number="788" hits="1" branch="False" />
                <line number="789" hits="2" branch="False" />
              </lines>
            </method>
            <method name="&lt;SearchJsonFilesAsyncFailsWithErrorMessage&gt;b__47_0" signature="(System.Net.Http.HttpRequestMessage,System.Threading.CancellationToken)" line-rate="1" branch-rate="1" complexity="1">
              <lines>
                <line number="935" hits="2" branch="False" />
                <line number="936" hits="1" branch="False" />
                <line number="937" hits="1" branch="False" />
                <line number="938" hits="1" branch="False" />
                <line number="939" hits="1" branch="False" />
                <line number="940" hits="2" branch="False" />
              </lines>
            </method>
            <method name="&lt;SearchJsonFilesAsyncSearchResponseIsNullReturnsSuccessWithZeroMatches&gt;b__48_0" signature="(System.Net.Http.HttpRequestMessage,System.Threading.CancellationToken)" line-rate="1" branch-rate="1" complexity="1">
              <lines>
                <line number="970" hits="2" branch="False" />
                <line number="971" hits="1" branch="False" />
                <line number="972" hits="1" branch="False" />
                <line number="973" hits="1" branch="False" />
                <line number="974" hits="1" branch="False" />
                <line number="975" hits="2" branch="False" />
              </lines>
            </method>
          </methods>
          <lines>
            <line number="302" hits="2" branch="False" />
            <line number="303" hits="1" branch="False" />
            <line number="304" hits="1" branch="False" />
            <line number="305" hits="1" branch="False" />
            <line number="306" hits="1" branch="False" />
            <line number="307" hits="2" branch="False" />
            <line number="335" hits="2" branch="False" />
            <line number="336" hits="1" branch="False" />
            <line number="784" hits="2" branch="False" />
            <line number="785" hits="1" branch="False" />
            <line number="786" hits="1" branch="False" />
            <line number="787" hits="1" branch="False" />
            <line number="788" hits="1" branch="False" />
            <line number="789" hits="2" branch="False" />
            <line number="935" hits="2" branch="False" />
            <line number="936" hits="1" branch="False" />
            <line number="937" hits="1" branch="False" />
            <line number="938" hits="1" branch="False" />
            <line number="939" hits="1" branch="False" />
            <line number="940" hits="2" branch="False" />
            <line number="970" hits="2" branch="False" />
            <line number="971" hits="1" branch="False" />
            <line number="972" hits="1" branch="False" />
            <line number="973" hits="1" branch="False" />
            <line number="974" hits="1" branch="False" />
            <line number="975" hits="2" branch="False" />
          </lines>
        </class>
        <class name="CloudUnitTesting.Tests/&lt;&gt;c__DisplayClass15_0" filename="Desktop\Software Engineering\Lab Project\Demos\Finale\Cloud Module\ServerlessStorageAPI\CloudUnitTesting\UnitTest1.cs" line-rate="1" branch-rate="1" complexity="1">
          <methods>
            <method name="&lt;UploadAsyncZeroContentLengthReturnsFailure&gt;b__0" signature="()" line-rate="1" branch-rate="1" complexity="1">
              <lines>
                <line number="161" hits="2" branch="False" />
                <line number="163" hits="1" branch="False" />
                <line number="164" hits="1" branch="False" />
                <line number="165" hits="2" branch="False" />
              </lines>
            </method>
          </methods>
          <lines>
            <line number="161" hits="2" branch="False" />
            <line number="163" hits="1" branch="False" />
            <line number="164" hits="1" branch="False" />
            <line number="165" hits="2" branch="False" />
          </lines>
        </class>
        <class name="CloudUnitTesting.Tests/&lt;&gt;c__DisplayClass19_0" filename="Desktop\Software Engineering\Lab Project\Demos\Finale\Cloud Module\ServerlessStorageAPI\CloudUnitTesting\UnitTest1.cs" line-rate="1" branch-rate="1" complexity="1">
          <methods>
            <method name="&lt;UploadFailsForUnsupportedContentType&gt;b__0" signature="()" line-rate="1" branch-rate="1" complexity="1">
              <lines>
                <line number="245" hits="2" branch="False" />
                <line number="246" hits="1" branch="False" />
                <line number="247" hits="1" branch="False" />
                <line number="248" hits="2" branch="False" />
              </lines>
            </method>
          </methods>
          <lines>
            <line number="245" hits="2" branch="False" />
            <line number="246" hits="1" branch="False" />
            <line number="247" hits="1" branch="False" />
            <line number="248" hits="2" branch="False" />
          </lines>
        </class>
        <class name="CloudUnitTesting.Tests/&lt;&gt;c__DisplayClass23_0" filename="Desktop\Software Engineering\Lab Project\Demos\Finale\Cloud Module\ServerlessStorageAPI\CloudUnitTesting\UnitTest1.cs" line-rate="1" branch-rate="1" complexity="1">
          <methods>
            <method name="&lt;UploadHandlesExceptionGracefully&gt;b__1" signature="()" line-rate="1" branch-rate="1" complexity="1">
              <lines>
                <line number="352" hits="2" branch="False" />
                <line number="353" hits="1" branch="False" />
                <line number="354" hits="1" branch="False" />
                <line number="355" hits="2" branch="False" />
              </lines>
            </method>
          </methods>
          <lines>
            <line number="352" hits="2" branch="False" />
            <line number="353" hits="1" branch="False" />
            <line number="354" hits="1" branch="False" />
            <line number="355" hits="2" branch="False" />
          </lines>
        </class>
        <class name="CloudUnitTesting.Tests/&lt;&gt;c__DisplayClass42_0" filename="Desktop\Software Engineering\Lab Project\Demos\Finale\Cloud Module\ServerlessStorageAPI\CloudUnitTesting\UnitTest1.cs" line-rate="1" branch-rate="1" complexity="1">
          <methods>
            <method name="&lt;ListBlobsAsyncBlobListResponseIsNullReturnsEmptyList&gt;b__1" signature="()" line-rate="1" branch-rate="1" complexity="1">
              <lines>
                <line number="796" hits="2" branch="False" />
                <line number="798" hits="1" branch="False" />
                <line number="799" hits="1" branch="False" />
                <line number="800" hits="2" branch="False" />
              </lines>
            </method>
          </methods>
          <lines>
            <line number="796" hits="2" branch="False" />
            <line number="798" hits="1" branch="False" />
            <line number="799" hits="1" branch="False" />
            <line number="800" hits="2" branch="False" />
          </lines>
        </class>
        <class name="CloudUnitTesting.Tests/&lt;&gt;c__DisplayClass47_0" filename="Desktop\Software Engineering\Lab Project\Demos\Finale\Cloud Module\ServerlessStorageAPI\CloudUnitTesting\UnitTest1.cs" line-rate="1" branch-rate="1" complexity="1">
          <methods>
            <method name="&lt;SearchJsonFilesAsyncFailsWithErrorMessage&gt;b__1" signature="()" line-rate="1" branch-rate="1" complexity="1">
              <lines>
                <line number="956" hits="2" branch="False" />
                <line number="958" hits="1" branch="False" />
                <line number="959" hits="1" branch="False" />
                <line number="960" hits="2" branch="False" />
              </lines>
            </method>
          </methods>
          <lines>
            <line number="956" hits="2" branch="False" />
            <line number="958" hits="1" branch="False" />
            <line number="959" hits="1" branch="False" />
            <line number="960" hits="2" branch="False" />
          </lines>
        </class>
        <class name="CloudUnitTesting.Tests/&lt;&gt;c__DisplayClass48_0" filename="Desktop\Software Engineering\Lab Project\Demos\Finale\Cloud Module\ServerlessStorageAPI\CloudUnitTesting\UnitTest1.cs" line-rate="1" branch-rate="1" complexity="1">
          <methods>
            <method name="&lt;SearchJsonFilesAsyncSearchResponseIsNullReturnsSuccessWithZeroMatches&gt;b__1" signature="()" line-rate="1" branch-rate="1" complexity="1">
              <lines>
                <line number="982" hits="2" branch="False" />
                <line number="984" hits="1" branch="False" />
                <line number="985" hits="1" branch="False" />
                <line number="986" hits="2" branch="False" />
              </lines>
            </method>
          </methods>
          <lines>
            <line number="982" hits="2" branch="False" />
            <line number="984" hits="1" branch="False" />
            <line number="985" hits="1" branch="False" />
            <line number="986" hits="2" branch="False" />
          </lines>
        </class>
        <class name="CloudUnitTesting.Tests/&lt;&gt;c__DisplayClass7_0" filename="Desktop\Software Engineering\Lab Project\Demos\Finale\Cloud Module\ServerlessStorageAPI\CloudUnitTesting\UnitTest1.cs" line-rate="1" branch-rate="1" complexity="1">
          <methods>
            <method name="&lt;UploadAsyncNullContentReturnsFailure&gt;b__0" signature="()" line-rate="1" branch-rate="1" complexity="1">
              <lines>
                <line number="90" hits="2" branch="False" />
                <line number="92" hits="1" branch="False" />
                <line number="93" hits="1" branch="False" />
                <line number="94" hits="2" branch="False" />
              </lines>
            </method>
          </methods>
          <lines>
            <line number="90" hits="2" branch="False" />
            <line number="92" hits="1" branch="False" />
            <line number="93" hits="1" branch="False" />
            <line number="94" hits="2" branch="False" />
          </lines>
        </class>
        <class name="CloudUnitTesting.Tests/&lt;ConcurrentFileUploadTest&gt;d__29" filename="Desktop\Software Engineering\Lab Project\Demos\Finale\Cloud Module\ServerlessStorageAPI\CloudUnitTesting\UnitTest1.cs" line-rate="1" branch-rate="1" complexity="4">
          <methods>
            <method name="MoveNext" signature="()" line-rate="1" branch-rate="1" complexity="4">
              <lines>
                <line number="484" hits="1" branch="False" />
                <line number="485" hits="1" branch="False" />
                <line number="486" hits="1" branch="False" />
                <line number="487" hits="1" branch="False" />
                <line number="488" hits="1" branch="False" />
                <line number="489" hits="1" branch="False" />
                <line number="490" hits="1" branch="False" />
                <line number="491" hits="1" branch="False" />
                <line number="492" hits="1" branch="False" />
                <line number="493" hits="1" branch="False" />
                <line number="495" hits="1" branch="False" />
                <line number="496" hits="12" branch="True" condition-coverage="100% (2/2)">
                  <conditions>
                    <condition number="409" type="jump" coverage="100%" />
                  </conditions>
                </line>
                <line number="497" hits="5" branch="False" />
                <line number="498" hits="5" branch="False" />
                <line number="499" hits="5" branch="False" />
                <line number="500" hits="5" branch="False" />
                <line number="502" hits="5" branch="False" />
                <line number="503" hits="5" branch="False" />
                <line number="504" hits="1" branch="False" />
                <line number="506" hits="13" branch="True" condition-coverage="100% (2/2)">
                  <conditions>
                    <condition number="714" type="jump" coverage="100%" />
                  </conditions>
                </line>
                <line number="507" hits="5" branch="False" />
                <line number="508" hits="5" branch="False" />
                <line number="509" hits="5" branch="False" />
                <line number="510" hits="5" branch="False" />
                <line number="512" hits="1" branch="False" />
              </lines>
            </method>
          </methods>
          <lines>
            <line number="484" hits="1" branch="False" />
            <line number="485" hits="1" branch="False" />
            <line number="486" hits="1" branch="False" />
            <line number="487" hits="1" branch="False" />
            <line number="488" hits="1" branch="False" />
            <line number="489" hits="1" branch="False" />
            <line number="490" hits="1" branch="False" />
            <line number="491" hits="1" branch="False" />
            <line number="492" hits="1" branch="False" />
            <line number="493" hits="1" branch="False" />
            <line number="495" hits="1" branch="False" />
            <line number="496" hits="12" branch="True" condition-coverage="100% (2/2)">
              <conditions>
                <condition number="409" type="jump" coverage="100%" />
              </conditions>
            </line>
            <line number="497" hits="5" branch="False" />
            <line number="498" hits="5" branch="False" />
            <line number="499" hits="5" branch="False" />
            <line number="500" hits="5" branch="False" />
            <line number="502" hits="5" branch="False" />
            <line number="503" hits="5" branch="False" />
            <line number="504" hits="1" branch="False" />
            <line number="506" hits="13" branch="True" condition-coverage="100% (2/2)">
              <conditions>
                <condition number="714" type="jump" coverage="100%" />
              </conditions>
            </line>
            <line number="507" hits="5" branch="False" />
            <line number="508" hits="5" branch="False" />
            <line number="509" hits="5" branch="False" />
            <line number="510" hits="5" branch="False" />
            <line number="512" hits="1" branch="False" />
          </lines>
        </class>
        <class name="CloudUnitTesting.Tests/&lt;EmptyContainerListBlobsTest&gt;d__43" filename="Desktop\Software Engineering\Lab Project\Demos\Finale\Cloud Module\ServerlessStorageAPI\CloudUnitTesting\UnitTest1.cs" line-rate="1" branch-rate="1" complexity="1">
          <methods>
            <method name="MoveNext" signature="()" line-rate="1" branch-rate="1" complexity="1">
              <lines>
                <line number="808" hits="1" branch="False" />
                <line number="809" hits="1" branch="False" />
                <line number="810" hits="1" branch="False" />
                <line number="811" hits="1" branch="False" />
                <line number="812" hits="1" branch="False" />
                <line number="813" hits="1" branch="False" />
                <line number="814" hits="1" branch="False" />
                <line number="815" hits="1" branch="False" />
                <line number="816" hits="1" branch="False" />
                <line number="818" hits="1" branch="False" />
                <line number="819" hits="1" branch="False" />
                <line number="820" hits="1" branch="False" />
              </lines>
            </method>
          </methods>
          <lines>
            <line number="808" hits="1" branch="False" />
            <line number="809" hits="1" branch="False" />
            <line number="810" hits="1" branch="False" />
            <line number="811" hits="1" branch="False" />
            <line number="812" hits="1" branch="False" />
            <line number="813" hits="1" branch="False" />
            <line number="814" hits="1" branch="False" />
            <line number="815" hits="1" branch="False" />
            <line number="816" hits="1" branch="False" />
            <line number="818" hits="1" branch="False" />
            <line number="819" hits="1" branch="False" />
            <line number="820" hits="1" branch="False" />
          </lines>
        </class>
        <class name="CloudUnitTesting.Tests/&lt;EmptyFileNameUploadTest&gt;d__27" filename="Desktop\Software Engineering\Lab Project\Demos\Finale\Cloud Module\ServerlessStorageAPI\CloudUnitTesting\UnitTest1.cs" line-rate="1" branch-rate="1" complexity="1">
          <methods>
            <method name="MoveNext" signature="()" line-rate="1" branch-rate="1" complexity="1">
              <lines>
                <line number="438" hits="1" branch="False" />
                <line number="439" hits="1" branch="False" />
                <line number="440" hits="1" branch="False" />
                <line number="441" hits="1" branch="False" />
                <line number="442" hits="1" branch="False" />
                <line number="443" hits="1" branch="False" />
                <line number="444" hits="1" branch="False" />
                <line number="445" hits="1" branch="False" />
                <line number="446" hits="1" branch="False" />
                <line number="448" hits="1" branch="False" />
                <line number="449" hits="1" branch="False" />
                <line number="450" hits="1" branch="False" />
                <line number="451" hits="1" branch="False" />
                <line number="453" hits="1" branch="False" />
                <line number="454" hits="1" branch="False" />
              </lines>
            </method>
          </methods>
          <lines>
            <line number="438" hits="1" branch="False" />
            <line number="439" hits="1" branch="False" />
            <line number="440" hits="1" branch="False" />
            <line number="441" hits="1" branch="False" />
            <line number="442" hits="1" branch="False" />
            <line number="443" hits="1" branch="False" />
            <line number="444" hits="1" branch="False" />
            <line number="445" hits="1" branch="False" />
            <line number="446" hits="1" branch="False" />
            <line number="448" hits="1" branch="False" />
            <line number="449" hits="1" branch="False" />
            <line number="450" hits="1" branch="False" />
            <line number="451" hits="1" branch="False" />
            <line number="453" hits="1" branch="False" />
            <line number="454" hits="1" branch="False" />
          </lines>
        </class>
        <class name="CloudUnitTesting.Tests/&lt;EmptyFileUploadTest&gt;d__26" filename="Desktop\Software Engineering\Lab Project\Demos\Finale\Cloud Module\ServerlessStorageAPI\CloudUnitTesting\UnitTest1.cs" line-rate="1" branch-rate="1" complexity="1">
          <methods>
            <method name="MoveNext" signature="()" line-rate="1" branch-rate="1" complexity="1">
              <lines>
                <line number="415" hits="1" branch="False" />
                <line number="416" hits="1" branch="False" />
                <line number="417" hits="1" branch="False" />
                <line number="418" hits="1" branch="False" />
                <line number="419" hits="1" branch="False" />
                <line number="420" hits="1" branch="False" />
                <line number="421" hits="1" branch="False" />
                <line number="422" hits="1" branch="False" />
                <line number="423" hits="1" branch="False" />
                <line number="425" hits="1" branch="False" />
                <line number="426" hits="1" branch="False" />
                <line number="427" hits="1" branch="False" />
                <line number="428" hits="1" branch="False" />
                <line number="430" hits="1" branch="False" />
                <line number="431" hits="1" branch="False" />
              </lines>
            </method>
          </methods>
          <lines>
            <line number="415" hits="1" branch="False" />
            <line number="416" hits="1" branch="False" />
            <line number="417" hits="1" branch="False" />
            <line number="418" hits="1" branch="False" />
            <line number="419" hits="1" branch="False" />
            <line number="420" hits="1" branch="False" />
            <line number="421" hits="1" branch="False" />
            <line number="422" hits="1" branch="False" />
            <line number="423" hits="1" branch="False" />
            <line number="425" hits="1" branch="False" />
            <line number="426" hits="1" branch="False" />
            <line number="427" hits="1" branch="False" />
            <line number="428" hits="1" branch="False" />
            <line number="430" hits="1" branch="False" />
            <line number="431" hits="1" branch="False" />
          </lines>
        </class>
        <class name="CloudUnitTesting.Tests/&lt;EmptySearchKeyJsonSearchTest&gt;d__45" filename="Desktop\Software Engineering\Lab Project\Demos\Finale\Cloud Module\ServerlessStorageAPI\CloudUnitTesting\UnitTest1.cs" line-rate="1" branch-rate="1" complexity="1">
          <methods>
            <method name="MoveNext" signature="()" line-rate="1" branch-rate="1" complexity="1">
              <lines>
                <line number="868" hits="1" branch="False" />
                <line number="869" hits="1" branch="False" />
                <line number="870" hits="1" branch="False" />
                <line number="871" hits="1" branch="False" />
                <line number="872" hits="1" branch="False" />
                <line number="873" hits="1" branch="False" />
                <line number="874" hits="1" branch="False" />
                <line number="875" hits="1" branch="False" />
                <line number="876" hits="1" branch="False" />
                <line number="879" hits="1" branch="False" />
                <line number="880" hits="1" branch="False" />
                <line number="881" hits="1" branch="False" />
                <line number="884" hits="1" branch="False" />
                <line number="885" hits="1" branch="False" />
              </lines>
            </method>
          </methods>
          <lines>
            <line number="868" hits="1" branch="False" />
            <line number="869" hits="1" branch="False" />
            <line number="870" hits="1" branch="False" />
            <line number="871" hits="1" branch="False" />
            <line number="872" hits="1" branch="False" />
            <line number="873" hits="1" branch="False" />
            <line number="874" hits="1" branch="False" />
            <line number="875" hits="1" branch="False" />
            <line number="876" hits="1" branch="False" />
            <line number="879" hits="1" branch="False" />
            <line number="880" hits="1" branch="False" />
            <line number="881" hits="1" branch="False" />
            <line number="884" hits="1" branch="False" />
            <line number="885" hits="1" branch="False" />
          </lines>
        </class>
        <class name="CloudUnitTesting.Tests/&lt;ExceptionEmptyBaseUrl&gt;d__11" filename="Desktop\Software Engineering\Lab Project\Demos\Finale\Cloud Module\ServerlessStorageAPI\CloudUnitTesting\UnitTest1.cs" line-rate="1" branch-rate="1" complexity="1">
          <methods>
            <method name="MoveNext" signature="()" line-rate="1" branch-rate="1" complexity="1">
              <lines>
                <line number="120" hits="1" branch="False" />
                <line number="123" hits="1" branch="False" />
              </lines>
            </method>
          </methods>
          <lines>
            <line number="120" hits="1" branch="False" />
            <line number="123" hits="1" branch="False" />
          </lines>
        </class>
        <class name="CloudUnitTesting.Tests/&lt;ExceptionEmptyContainerName&gt;d__9" filename="Desktop\Software Engineering\Lab Project\Demos\Finale\Cloud Module\ServerlessStorageAPI\CloudUnitTesting\UnitTest1.cs" line-rate="1" branch-rate="1" complexity="1">
          <methods>
            <method name="MoveNext" signature="()" line-rate="1" branch-rate="1" complexity="1">
              <lines>
                <line number="106" hits="1" branch="False" />
                <line number="109" hits="1" branch="False" />
              </lines>
            </method>
          </methods>
          <lines>
            <line number="106" hits="1" branch="False" />
            <line number="109" hits="1" branch="False" />
          </lines>
        </class>
        <class name="CloudUnitTesting.Tests/&lt;ExceptionNullBaseUrl&gt;d__8" filename="Desktop\Software Engineering\Lab Project\Demos\Finale\Cloud Module\ServerlessStorageAPI\CloudUnitTesting\UnitTest1.cs" line-rate="1" branch-rate="1" complexity="1">
          <methods>
            <method name="MoveNext" signature="()" line-rate="1" branch-rate="1" complexity="1">
              <lines>
                <line number="99" hits="1" branch="False" />
                <line number="102" hits="1" branch="False" />
              </lines>
            </method>
          </methods>
          <lines>
            <line number="99" hits="1" branch="False" />
            <line number="102" hits="1" branch="False" />
          </lines>
        </class>
        <class name="CloudUnitTesting.Tests/&lt;ExceptionNullContainerName&gt;d__10" filename="Desktop\Software Engineering\Lab Project\Demos\Finale\Cloud Module\ServerlessStorageAPI\CloudUnitTesting\UnitTest1.cs" line-rate="1" branch-rate="1" complexity="1">
          <methods>
            <method name="MoveNext" signature="()" line-rate="1" branch-rate="1" complexity="1">
              <lines>
                <line number="113" hits="1" branch="False" />
                <line number="116" hits="1" branch="False" />
              </lines>
            </method>
          </methods>
          <lines>
            <line number="113" hits="1" branch="False" />
            <line number="116" hits="1" branch="False" />
          </lines>
        </class>
        <class name="CloudUnitTesting.Tests/&lt;ExceptionNullHttpClient&gt;d__13" filename="Desktop\Software Engineering\Lab Project\Demos\Finale\Cloud Module\ServerlessStorageAPI\CloudUnitTesting\UnitTest1.cs" line-rate="1" branch-rate="1" complexity="1">
          <methods>
            <method name="MoveNext" signature="()" line-rate="1" branch-rate="1" complexity="1">
              <lines>
                <line number="134" hits="1" branch="False" />
                <line number="137" hits="1" branch="False" />
              </lines>
            </method>
          </methods>
          <lines>
            <line number="134" hits="1" branch="False" />
            <line number="137" hits="1" branch="False" />
          </lines>
        </class>
        <class name="CloudUnitTesting.Tests/&lt;ExceptionNullLogger&gt;d__14" filename="Desktop\Software Engineering\Lab Project\Demos\Finale\Cloud Module\ServerlessStorageAPI\CloudUnitTesting\UnitTest1.cs" line-rate="1" branch-rate="1" complexity="1">
          <methods>
            <method name="MoveNext" signature="()" line-rate="1" branch-rate="1" complexity="1">
              <lines>
                <line number="141" hits="1" branch="False" />
                <line number="144" hits="1" branch="False" />
              </lines>
            </method>
          </methods>
          <lines>
            <line number="141" hits="1" branch="False" />
            <line number="144" hits="1" branch="False" />
          </lines>
        </class>
        <class name="CloudUnitTesting.Tests/&lt;ExceptionNullSasToken&gt;d__12" filename="Desktop\Software Engineering\Lab Project\Demos\Finale\Cloud Module\ServerlessStorageAPI\CloudUnitTesting\UnitTest1.cs" line-rate="1" branch-rate="1" complexity="1">
          <methods>
            <method name="MoveNext" signature="()" line-rate="1" branch-rate="1" complexity="1">
              <lines>
                <line number="127" hits="1" branch="False" />
                <line number="130" hits="1" branch="False" />
              </lines>
            </method>
          </methods>
          <lines>
            <line number="127" hits="1" branch="False" />
            <line number="130" hits="1" branch="False" />
          </lines>
        </class>
        <class name="CloudUnitTesting.Tests/&lt;ImageFileUploadTest&gt;d__25" filename="Desktop\Software Engineering\Lab Project\Demos\Finale\Cloud Module\ServerlessStorageAPI\CloudUnitTesting\UnitTest1.cs" line-rate="1" branch-rate="1" complexity="1">
          <methods>
            <method name="MoveNext" signature="()" line-rate="1" branch-rate="1" complexity="1">
              <lines>
                <line number="389" hits="1" branch="False" />
                <line number="390" hits="1" branch="False" />
                <line number="391" hits="1" branch="False" />
                <line number="392" hits="1" branch="False" />
                <line number="393" hits="1" branch="False" />
                <line number="394" hits="1" branch="False" />
                <line number="395" hits="1" branch="False" />
                <line number="396" hits="1" branch="False" />
                <line number="397" hits="1" branch="False" />
                <line number="400" hits="1" branch="False" />
                <line number="401" hits="1" branch="False" />
                <line number="402" hits="1" branch="False" />
                <line number="403" hits="1" branch="False" />
                <line number="406" hits="1" branch="False" />
                <line number="407" hits="1" branch="False" />
                <line number="408" hits="1" branch="False" />
              </lines>
            </method>
          </methods>
          <lines>
            <line number="389" hits="1" branch="False" />
            <line number="390" hits="1" branch="False" />
            <line number="391" hits="1" branch="False" />
            <line number="392" hits="1" branch="False" />
            <line number="393" hits="1" branch="False" />
            <line number="394" hits="1" branch="False" />
            <line number="395" hits="1" branch="False" />
            <line number="396" hits="1" branch="False" />
            <line number="397" hits="1" branch="False" />
            <line number="400" hits="1" branch="False" />
            <line number="401" hits="1" branch="False" />
            <line number="402" hits="1" branch="False" />
            <line number="403" hits="1" branch="False" />
            <line number="406" hits="1" branch="False" />
            <line number="407" hits="1" branch="False" />
            <line number="408" hits="1" branch="False" />
          </lines>
        </class>
        <class name="CloudUnitTesting.Tests/&lt;InvalidContainerListBlobsTest&gt;d__41" filename="Desktop\Software Engineering\Lab Project\Demos\Finale\Cloud Module\ServerlessStorageAPI\CloudUnitTesting\UnitTest1.cs" line-rate="1" branch-rate="1" complexity="1">
          <methods>
            <method name="MoveNext" signature="()" line-rate="1" branch-rate="1" complexity="1">
              <lines>
                <line number="763" hits="1" branch="False" />
                <line number="764" hits="1" branch="False" />
                <line number="765" hits="1" branch="False" />
                <line number="766" hits="1" branch="False" />
                <line number="767" hits="1" branch="False" />
                <line number="768" hits="1" branch="False" />
                <line number="769" hits="1" branch="False" />
                <line number="770" hits="1" branch="False" />
                <line number="771" hits="1" branch="False" />
                <line number="773" hits="1" branch="False" />
                <line number="774" hits="1" branch="False" />
                <line number="775" hits="1" branch="False" />
              </lines>
            </method>
          </methods>
          <lines>
            <line number="763" hits="1" branch="False" />
            <line number="764" hits="1" branch="False" />
            <line number="765" hits="1" branch="False" />
            <line number="766" hits="1" branch="False" />
            <line number="767" hits="1" branch="False" />
            <line number="768" hits="1" branch="False" />
            <line number="769" hits="1" branch="False" />
            <line number="770" hits="1" branch="False" />
            <line number="771" hits="1" branch="False" />
            <line number="773" hits="1" branch="False" />
            <line number="774" hits="1" branch="False" />
            <line number="775" hits="1" branch="False" />
          </lines>
        </class>
        <class name="CloudUnitTesting.Tests/&lt;InvalidContainerNameJsonSearchTest&gt;d__46" filename="Desktop\Software Engineering\Lab Project\Demos\Finale\Cloud Module\ServerlessStorageAPI\CloudUnitTesting\UnitTest1.cs" line-rate="1" branch-rate="1" complexity="4">
          <methods>
            <method name="MoveNext" signature="()" line-rate="1" branch-rate="1" complexity="4">
              <lines>
                <line number="892" hits="1" branch="False" />
                <line number="893" hits="1" branch="False" />
                <line number="894" hits="1" branch="False" />
                <line number="895" hits="1" branch="False" />
                <line number="896" hits="1" branch="False" />
                <line number="897" hits="1" branch="False" />
                <line number="898" hits="1" branch="False" />
                <line number="899" hits="1" branch="False" />
                <line number="900" hits="1" branch="False" />
                <line number="902" hits="1" branch="False" />
                <line number="903" hits="1" branch="False" />
                <line number="904" hits="1" branch="True" condition-coverage="100% (2/2)">
                  <conditions>
                    <condition number="159" type="jump" coverage="100%" />
                  </conditions>
                </line>
                <line number="905" hits="1" branch="False" />
                <line number="907" hits="1" branch="False" />
                <line number="908" hits="1" branch="False" />
                <line number="909" hits="1" branch="True" condition-coverage="100% (2/2)">
                  <conditions>
                    <condition number="372" type="jump" coverage="100%" />
                  </conditions>
                </line>
                <line number="910" hits="1" branch="False" />
                <line number="912" hits="1" branch="False" />
                <line number="913" hits="1" branch="False" />
                <line number="914" hits="1" branch="False" />
                <line number="915" hits="1" branch="False" />
                <line number="918" hits="1" branch="False" />
                <line number="919" hits="1" branch="False" />
                <line number="920" hits="1" branch="False" />
                <line number="921" hits="1" branch="False" />
                <line number="923" hits="1" branch="False" />
                <line number="924" hits="1" branch="False" />
              </lines>
            </method>
          </methods>
          <lines>
            <line number="892" hits="1" branch="False" />
            <line number="893" hits="1" branch="False" />
            <line number="894" hits="1" branch="False" />
            <line number="895" hits="1" branch="False" />
            <line number="896" hits="1" branch="False" />
            <line number="897" hits="1" branch="False" />
            <line number="898" hits="1" branch="False" />
            <line number="899" hits="1" branch="False" />
            <line number="900" hits="1" branch="False" />
            <line number="902" hits="1" branch="False" />
            <line number="903" hits="1" branch="False" />
            <line number="904" hits="1" branch="True" condition-coverage="100% (2/2)">
              <conditions>
                <condition number="159" type="jump" coverage="100%" />
              </conditions>
            </line>
            <line number="905" hits="1" branch="False" />
            <line number="907" hits="1" branch="False" />
            <line number="908" hits="1" branch="False" />
            <line number="909" hits="1" branch="True" condition-coverage="100% (2/2)">
              <conditions>
                <condition number="372" type="jump" coverage="100%" />
              </conditions>
            </line>
            <line number="910" hits="1" branch="False" />
            <line number="912" hits="1" branch="False" />
            <line number="913" hits="1" branch="False" />
            <line number="914" hits="1" branch="False" />
            <line number="915" hits="1" branch="False" />
            <line number="918" hits="1" branch="False" />
            <line number="919" hits="1" branch="False" />
            <line number="920" hits="1" branch="False" />
            <line number="921" hits="1" branch="False" />
            <line number="923" hits="1" branch="False" />
            <line number="924" hits="1" branch="False" />
          </lines>
        </class>
        <class name="CloudUnitTesting.Tests/&lt;InvalidContainerNameUpdateTest&gt;d__37" filename="Desktop\Software Engineering\Lab Project\Demos\Finale\Cloud Module\ServerlessStorageAPI\CloudUnitTesting\UnitTest1.cs" line-rate="1" branch-rate="1" complexity="1">
          <methods>
            <method name="MoveNext" signature="()" line-rate="1" branch-rate="1" complexity="1">
              <lines>
                <line number="672" hits="1" branch="False" />
                <line number="673" hits="1" branch="False" />
                <line number="674" hits="1" branch="False" />
                <line number="675" hits="1" branch="False" />
                <line number="676" hits="1" branch="False" />
                <line number="677" hits="1" branch="False" />
                <line number="678" hits="1" branch="False" />
                <line number="679" hits="1" branch="False" />
                <line number="680" hits="1" branch="False" />
                <line number="682" hits="1" branch="False" />
                <line number="684" hits="1" branch="False" />
                <line number="685" hits="1" branch="False" />
                <line number="686" hits="1" branch="False" />
                <line number="688" hits="1" branch="False" />
                <line number="689" hits="1" branch="False" />
                <line number="690" hits="1" branch="False" />
              </lines>
            </method>
          </methods>
          <lines>
            <line number="672" hits="1" branch="False" />
            <line number="673" hits="1" branch="False" />
            <line number="674" hits="1" branch="False" />
            <line number="675" hits="1" branch="False" />
            <line number="676" hits="1" branch="False" />
            <line number="677" hits="1" branch="False" />
            <line number="678" hits="1" branch="False" />
            <line number="679" hits="1" branch="False" />
            <line number="680" hits="1" branch="False" />
            <line number="682" hits="1" branch="False" />
            <line number="684" hits="1" branch="False" />
            <line number="685" hits="1" branch="False" />
            <line number="686" hits="1" branch="False" />
            <line number="688" hits="1" branch="False" />
            <line number="689" hits="1" branch="False" />
            <line number="690" hits="1" branch="False" />
          </lines>
        </class>
        <class name="CloudUnitTesting.Tests/&lt;InvalidContentTypeFileUploadTest&gt;d__20" filename="Desktop\Software Engineering\Lab Project\Demos\Finale\Cloud Module\ServerlessStorageAPI\CloudUnitTesting\UnitTest1.cs" line-rate="1" branch-rate="1" complexity="1">
          <methods>
            <method name="MoveNext" signature="()" line-rate="1" branch-rate="1" complexity="1">
              <lines>
                <line number="256" hits="1" branch="False" />
                <line number="257" hits="1" branch="False" />
                <line number="258" hits="1" branch="False" />
                <line number="259" hits="1" branch="False" />
                <line number="260" hits="1" branch="False" />
                <line number="261" hits="1" branch="False" />
                <line number="262" hits="1" branch="False" />
                <line number="263" hits="1" branch="False" />
                <line number="264" hits="1" branch="False" />
                <line number="266" hits="1" branch="False" />
                <line number="267" hits="1" branch="False" />
                <line number="268" hits="1" branch="False" />
                <line number="269" hits="1" branch="False" />
                <line number="270" hits="1" branch="False" />
                <line number="271" hits="1" branch="False" />
              </lines>
            </method>
          </methods>
          <lines>
            <line number="256" hits="1" branch="False" />
            <line number="257" hits="1" branch="False" />
            <line number="258" hits="1" branch="False" />
            <line number="259" hits="1" branch="False" />
            <line number="260" hits="1" branch="False" />
            <line number="261" hits="1" branch="False" />
            <line number="262" hits="1" branch="False" />
            <line number="263" hits="1" branch="False" />
            <line number="264" hits="1" branch="False" />
            <line number="266" hits="1" branch="False" />
            <line number="267" hits="1" branch="False" />
            <line number="268" hits="1" branch="False" />
            <line number="269" hits="1" branch="False" />
            <line number="270" hits="1" branch="False" />
            <line number="271" hits="1" branch="False" />
          </lines>
        </class>
        <class name="CloudUnitTesting.Tests/&lt;InvalidFileNameDeleteTest&gt;d__39" filename="Desktop\Software Engineering\Lab Project\Demos\Finale\Cloud Module\ServerlessStorageAPI\CloudUnitTesting\UnitTest1.cs" line-rate="1" branch-rate="1" complexity="1">
          <methods>
            <method name="MoveNext" signature="()" line-rate="1" branch-rate="1" complexity="1">
              <lines>
                <line number="724" hits="1" branch="False" />
                <line number="725" hits="1" branch="False" />
                <line number="726" hits="1" branch="False" />
                <line number="727" hits="1" branch="False" />
                <line number="728" hits="1" branch="False" />
                <line number="729" hits="1" branch="False" />
                <line number="730" hits="1" branch="False" />
                <line number="731" hits="1" branch="False" />
                <line number="732" hits="1" branch="False" />
                <line number="734" hits="1" branch="False" />
                <line number="735" hits="1" branch="False" />
                <line number="736" hits="1" branch="False" />
                <line number="737" hits="1" branch="False" />
              </lines>
            </method>
          </methods>
          <lines>
            <line number="724" hits="1" branch="False" />
            <line number="725" hits="1" branch="False" />
            <line number="726" hits="1" branch="False" />
            <line number="727" hits="1" branch="False" />
            <line number="728" hits="1" branch="False" />
            <line number="729" hits="1" branch="False" />
            <line number="730" hits="1" branch="False" />
            <line number="731" hits="1" branch="False" />
            <line number="732" hits="1" branch="False" />
            <line number="734" hits="1" branch="False" />
            <line number="735" hits="1" branch="False" />
            <line number="736" hits="1" branch="False" />
            <line number="737" hits="1" branch="False" />
          </lines>
        </class>
        <class name="CloudUnitTesting.Tests/&lt;InvalidFileNameDownloadTest&gt;d__30" filename="Desktop\Software Engineering\Lab Project\Demos\Finale\Cloud Module\ServerlessStorageAPI\CloudUnitTesting\UnitTest1.cs" line-rate="1" branch-rate="1" complexity="1">
          <methods>
            <method name="MoveNext" signature="()" line-rate="1" branch-rate="1" complexity="1">
              <lines>
                <line number="519" hits="1" branch="False" />
                <line number="520" hits="1" branch="False" />
                <line number="521" hits="1" branch="False" />
                <line number="522" hits="1" branch="False" />
                <line number="523" hits="1" branch="False" />
                <line number="524" hits="1" branch="False" />
                <line number="525" hits="1" branch="False" />
                <line number="526" hits="1" branch="False" />
                <line number="527" hits="1" branch="False" />
                <line number="529" hits="1" branch="False" />
                <line number="530" hits="1" branch="False" />
                <line number="532" hits="1" branch="False" />
                <line number="533" hits="1" branch="False" />
              </lines>
            </method>
          </methods>
          <lines>
            <line number="519" hits="1" branch="False" />
            <line number="520" hits="1" branch="False" />
            <line number="521" hits="1" branch="False" />
            <line number="522" hits="1" branch="False" />
            <line number="523" hits="1" branch="False" />
            <line number="524" hits="1" branch="False" />
            <line number="525" hits="1" branch="False" />
            <line number="526" hits="1" branch="False" />
            <line number="527" hits="1" branch="False" />
            <line number="529" hits="1" branch="False" />
            <line number="530" hits="1" branch="False" />
            <line number="532" hits="1" branch="False" />
            <line number="533" hits="1" branch="False" />
          </lines>
        </class>
        <class name="CloudUnitTesting.Tests/&lt;InvalidFileSectionFileUploadTest&gt;d__21" filename="Desktop\Software Engineering\Lab Project\Demos\Finale\Cloud Module\ServerlessStorageAPI\CloudUnitTesting\UnitTest1.cs" line-rate="1" branch-rate="1" complexity="1">
          <methods>
            <method name="MoveNext" signature="()" line-rate="1" branch-rate="1" complexity="1">
              <lines>
                <line number="278" hits="1" branch="False" />
                <line number="279" hits="1" branch="False" />
                <line number="282" hits="1" branch="False" />
                <line number="285" hits="1" branch="False" />
                <line number="288" hits="1" branch="False" />
                <line number="289" hits="1" branch="False" />
                <line number="290" hits="1" branch="False" />
                <line number="291" hits="1" branch="False" />
              </lines>
            </method>
          </methods>
          <lines>
            <line number="278" hits="1" branch="False" />
            <line number="279" hits="1" branch="False" />
            <line number="282" hits="1" branch="False" />
            <line number="285" hits="1" branch="False" />
            <line number="288" hits="1" branch="False" />
            <line number="289" hits="1" branch="False" />
            <line number="290" hits="1" branch="False" />
            <line number="291" hits="1" branch="False" />
          </lines>
        </class>
        <class name="CloudUnitTesting.Tests/&lt;LargeFileUploadTest&gt;d__24" filename="Desktop\Software Engineering\Lab Project\Demos\Finale\Cloud Module\ServerlessStorageAPI\CloudUnitTesting\UnitTest1.cs" line-rate="1" branch-rate="1" complexity="1">
          <methods>
            <method name="MoveNext" signature="()" line-rate="1" branch-rate="1" complexity="1">
              <lines>
                <line number="363" hits="1" branch="False" />
                <line number="364" hits="1" branch="False" />
                <line number="365" hits="1" branch="False" />
                <line number="366" hits="1" branch="False" />
                <line number="367" hits="1" branch="False" />
                <line number="368" hits="1" branch="False" />
                <line number="369" hits="1" branch="False" />
                <line number="370" hits="1" branch="False" />
                <line number="371" hits="1" branch="False" />
                <line number="373" hits="1" branch="False" />
                <line number="374" hits="1" branch="False" />
                <line number="375" hits="1" branch="False" />
                <line number="377" hits="1" branch="False" />
                <line number="378" hits="1" branch="False" />
                <line number="379" hits="1" branch="False" />
                <line number="381" hits="1" branch="False" />
                <line number="382" hits="1" branch="False" />
              </lines>
            </method>
          </methods>
          <lines>
            <line number="363" hits="1" branch="False" />
            <line number="364" hits="1" branch="False" />
            <line number="365" hits="1" branch="False" />
            <line number="366" hits="1" branch="False" />
            <line number="367" hits="1" branch="False" />
            <line number="368" hits="1" branch="False" />
            <line number="369" hits="1" branch="False" />
            <line number="370" hits="1" branch="False" />
            <line number="371" hits="1" branch="False" />
            <line number="373" hits="1" branch="False" />
            <line number="374" hits="1" branch="False" />
            <line number="375" hits="1" branch="False" />
            <line number="377" hits="1" branch="False" />
            <line number="378" hits="1" branch="False" />
            <line number="379" hits="1" branch="False" />
            <line number="381" hits="1" branch="False" />
            <line number="382" hits="1" branch="False" />
          </lines>
        </class>
        <class name="CloudUnitTesting.Tests/&lt;ListBlobsAsyncBlobListResponseIsNullReturnsEmptyList&gt;d__42" filename="Desktop\Software Engineering\Lab Project\Demos\Finale\Cloud Module\ServerlessStorageAPI\CloudUnitTesting\UnitTest1.cs" line-rate="1" branch-rate="1" complexity="1">
          <methods>
            <method name="MoveNext" signature="()" line-rate="1" branch-rate="1" complexity="1">
              <lines>
                <line number="782" hits="1" branch="False" />
                <line number="791" hits="1" branch="False" />
                <line number="794" hits="1" branch="False" />
                <line number="797" hits="1" branch="False" />
                <line number="801" hits="1" branch="False" />
              </lines>
            </method>
          </methods>
          <lines>
            <line number="782" hits="1" branch="False" />
            <line number="791" hits="1" branch="False" />
            <line number="794" hits="1" branch="False" />
            <line number="797" hits="1" branch="False" />
            <line number="801" hits="1" branch="False" />
          </lines>
        </class>
        <class name="CloudUnitTesting.Tests/&lt;ListBlobsTest&gt;d__40" filename="Desktop\Software Engineering\Lab Project\Demos\Finale\Cloud Module\ServerlessStorageAPI\CloudUnitTesting\UnitTest1.cs" line-rate="1" branch-rate="1" complexity="1">
          <methods>
            <method name="MoveNext" signature="()" line-rate="1" branch-rate="1" complexity="1">
              <lines>
                <line number="744" hits="1" branch="False" />
                <line number="745" hits="1" branch="False" />
                <line number="746" hits="1" branch="False" />
                <line number="747" hits="1" branch="False" />
                <line number="748" hits="1" branch="False" />
                <line number="749" hits="1" branch="False" />
                <line number="750" hits="1" branch="False" />
                <line number="751" hits="1" branch="False" />
                <line number="752" hits="1" branch="False" />
                <line number="754" hits="1" branch="False" />
                <line number="755" hits="1" branch="False" />
                <line number="756" hits="1" branch="False" />
              </lines>
            </method>
          </methods>
          <lines>
            <line number="744" hits="1" branch="False" />
            <line number="745" hits="1" branch="False" />
            <line number="746" hits="1" branch="False" />
            <line number="747" hits="1" branch="False" />
            <line number="748" hits="1" branch="False" />
            <line number="749" hits="1" branch="False" />
            <line number="750" hits="1" branch="False" />
            <line number="751" hits="1" branch="False" />
            <line number="752" hits="1" branch="False" />
            <line number="754" hits="1" branch="False" />
            <line number="755" hits="1" branch="False" />
            <line number="756" hits="1" branch="False" />
          </lines>
        </class>
        <class name="CloudUnitTesting.Tests/&lt;NonExistentConfigFileRetrievalTest&gt;d__34" filename="Desktop\Software Engineering\Lab Project\Demos\Finale\Cloud Module\ServerlessStorageAPI\CloudUnitTesting\UnitTest1.cs" line-rate="1" branch-rate="1" complexity="1">
          <methods>
            <method name="MoveNext" signature="()" line-rate="1" branch-rate="1" complexity="1">
              <lines>
                <line number="604" hits="1" branch="False" />
                <line number="605" hits="1" branch="False" />
                <line number="606" hits="1" branch="False" />
                <line number="607" hits="1" branch="False" />
                <line number="608" hits="1" branch="False" />
                <line number="609" hits="1" branch="False" />
                <line number="610" hits="1" branch="False" />
                <line number="611" hits="1" branch="False" />
                <line number="612" hits="1" branch="False" />
                <line number="614" hits="1" branch="False" />
                <line number="615" hits="1" branch="False" />
                <line number="616" hits="1" branch="False" />
                <line number="617" hits="1" branch="False" />
              </lines>
            </method>
          </methods>
          <lines>
            <line number="604" hits="1" branch="False" />
            <line number="605" hits="1" branch="False" />
            <line number="606" hits="1" branch="False" />
            <line number="607" hits="1" branch="False" />
            <line number="608" hits="1" branch="False" />
            <line number="609" hits="1" branch="False" />
            <line number="610" hits="1" branch="False" />
            <line number="611" hits="1" branch="False" />
            <line number="612" hits="1" branch="False" />
            <line number="614" hits="1" branch="False" />
            <line number="615" hits="1" branch="False" />
            <line number="616" hits="1" branch="False" />
            <line number="617" hits="1" branch="False" />
          </lines>
        </class>
        <class name="CloudUnitTesting.Tests/&lt;NonExistentFileDownloadTest&gt;d__31" filename="Desktop\Software Engineering\Lab Project\Demos\Finale\Cloud Module\ServerlessStorageAPI\CloudUnitTesting\UnitTest1.cs" line-rate="1" branch-rate="1" complexity="1">
          <methods>
            <method name="MoveNext" signature="()" line-rate="1" branch-rate="1" complexity="1">
              <lines>
                <line number="540" hits="1" branch="False" />
                <line number="541" hits="1" branch="False" />
                <line number="542" hits="1" branch="False" />
                <line number="543" hits="1" branch="False" />
                <line number="544" hits="1" branch="False" />
                <line number="545" hits="1" branch="False" />
                <line number="546" hits="1" branch="False" />
                <line number="547" hits="1" branch="False" />
                <line number="548" hits="1" branch="False" />
                <line number="550" hits="1" branch="False" />
                <line number="551" hits="1" branch="False" />
                <line number="552" hits="1" branch="False" />
                <line number="553" hits="1" branch="False" />
              </lines>
            </method>
          </methods>
          <lines>
            <line number="540" hits="1" branch="False" />
            <line number="541" hits="1" branch="False" />
            <line number="542" hits="1" branch="False" />
            <line number="543" hits="1" branch="False" />
            <line number="544" hits="1" branch="False" />
            <line number="545" hits="1" branch="False" />
            <line number="546" hits="1" branch="False" />
            <line number="547" hits="1" branch="False" />
            <line number="548" hits="1" branch="False" />
            <line number="550" hits="1" branch="False" />
            <line number="551" hits="1" branch="False" />
            <line number="552" hits="1" branch="False" />
            <line number="553" hits="1" branch="False" />
          </lines>
        </class>
        <class name="CloudUnitTesting.Tests/&lt;NonExistentSettingConfigFileRetrievalTest&gt;d__35" filename="Desktop\Software Engineering\Lab Project\Demos\Finale\Cloud Module\ServerlessStorageAPI\CloudUnitTesting\UnitTest1.cs" line-rate="1" branch-rate="1" complexity="1">
          <methods>
            <method name="MoveNext" signature="()" line-rate="1" branch-rate="1" complexity="1">
              <lines>
                <line number="624" hits="1" branch="False" />
                <line number="625" hits="1" branch="False" />
                <line number="626" hits="1" branch="False" />
                <line number="627" hits="1" branch="False" />
                <line number="628" hits="1" branch="False" />
                <line number="629" hits="1" branch="False" />
                <line number="630" hits="1" branch="False" />
                <line number="631" hits="1" branch="False" />
                <line number="632" hits="1" branch="False" />
                <line number="634" hits="1" branch="False" />
                <line number="635" hits="1" branch="False" />
                <line number="636" hits="1" branch="False" />
                <line number="637" hits="1" branch="False" />
              </lines>
            </method>
          </methods>
          <lines>
            <line number="624" hits="1" branch="False" />
            <line number="625" hits="1" branch="False" />
            <line number="626" hits="1" branch="False" />
            <line number="627" hits="1" branch="False" />
            <line number="628" hits="1" branch="False" />
            <line number="629" hits="1" branch="False" />
            <line number="630" hits="1" branch="False" />
            <line number="631" hits="1" branch="False" />
            <line number="632" hits="1" branch="False" />
            <line number="634" hits="1" branch="False" />
            <line number="635" hits="1" branch="False" />
            <line number="636" hits="1" branch="False" />
            <line number="637" hits="1" branch="False" />
          </lines>
        </class>
        <class name="CloudUnitTesting.Tests/&lt;SearchJsonFilesAsyncFailsWithErrorMessage&gt;d__47" filename="Desktop\Software Engineering\Lab Project\Demos\Finale\Cloud Module\ServerlessStorageAPI\CloudUnitTesting\UnitTest1.cs" line-rate="1" branch-rate="1" complexity="1">
          <methods>
            <method name="MoveNext" signature="()" line-rate="1" branch-rate="1" complexity="1">
              <lines>
                <line number="931" hits="1" branch="False" />
                <line number="932" hits="1" branch="False" />
                <line number="942" hits="1" branch="False" />
                <line number="943" hits="1" branch="False" />
                <line number="944" hits="1" branch="False" />
                <line number="945" hits="1" branch="False" />
                <line number="946" hits="1" branch="False" />
                <line number="947" hits="1" branch="False" />
                <line number="948" hits="1" branch="False" />
                <line number="950" hits="1" branch="False" />
                <line number="951" hits="1" branch="False" />
                <line number="954" hits="1" branch="False" />
                <line number="957" hits="1" branch="False" />
                <line number="961" hits="1" branch="False" />
              </lines>
            </method>
          </methods>
          <lines>
            <line number="931" hits="1" branch="False" />
            <line number="932" hits="1" branch="False" />
            <line number="942" hits="1" branch="False" />
            <line number="943" hits="1" branch="False" />
            <line number="944" hits="1" branch="False" />
            <line number="945" hits="1" branch="False" />
            <line number="946" hits="1" branch="False" />
            <line number="947" hits="1" branch="False" />
            <line number="948" hits="1" branch="False" />
            <line number="950" hits="1" branch="False" />
            <line number="951" hits="1" branch="False" />
            <line number="954" hits="1" branch="False" />
            <line number="957" hits="1" branch="False" />
            <line number="961" hits="1" branch="False" />
          </lines>
        </class>
        <class name="CloudUnitTesting.Tests/&lt;SearchJsonFilesAsyncSearchResponseIsNullReturnsSuccessWithZeroMatches&gt;d__48" filename="Desktop\Software Engineering\Lab Project\Demos\Finale\Cloud Module\ServerlessStorageAPI\CloudUnitTesting\UnitTest1.cs" line-rate="1" branch-rate="1" complexity="1">
          <methods>
            <method name="MoveNext" signature="()" line-rate="1" branch-rate="1" complexity="1">
              <lines>
                <line number="968" hits="1" branch="False" />
                <line number="977" hits="1" branch="False" />
                <line number="980" hits="1" branch="False" />
                <line number="983" hits="1" branch="False" />
                <line number="987" hits="1" branch="False" />
              </lines>
            </method>
          </methods>
          <lines>
            <line number="968" hits="1" branch="False" />
            <line number="977" hits="1" branch="False" />
            <line number="980" hits="1" branch="False" />
            <line number="983" hits="1" branch="False" />
            <line number="987" hits="1" branch="False" />
          </lines>
        </class>
        <class name="CloudUnitTesting.Tests/&lt;SuccessfulConfigFileRetrievalTest&gt;d__33" filename="Desktop\Software Engineering\Lab Project\Demos\Finale\Cloud Module\ServerlessStorageAPI\CloudUnitTesting\UnitTest1.cs" line-rate="1" branch-rate="1" complexity="1">
          <methods>
            <method name="MoveNext" signature="()" line-rate="1" branch-rate="1" complexity="1">
              <lines>
                <line number="584" hits="1" branch="False" />
                <line number="585" hits="1" branch="False" />
                <line number="586" hits="1" branch="False" />
                <line number="587" hits="1" branch="False" />
                <line number="588" hits="1" branch="False" />
                <line number="589" hits="1" branch="False" />
                <line number="590" hits="1" branch="False" />
                <line number="591" hits="1" branch="False" />
                <line number="592" hits="1" branch="False" />
                <line number="594" hits="1" branch="False" />
                <line number="595" hits="1" branch="False" />
                <line number="596" hits="1" branch="False" />
                <line number="597" hits="1" branch="False" />
              </lines>
            </method>
          </methods>
          <lines>
            <line number="584" hits="1" branch="False" />
            <line number="585" hits="1" branch="False" />
            <line number="586" hits="1" branch="False" />
            <line number="587" hits="1" branch="False" />
            <line number="588" hits="1" branch="False" />
            <line number="589" hits="1" branch="False" />
            <line number="590" hits="1" branch="False" />
            <line number="591" hits="1" branch="False" />
            <line number="592" hits="1" branch="False" />
            <line number="594" hits="1" branch="False" />
            <line number="595" hits="1" branch="False" />
            <line number="596" hits="1" branch="False" />
            <line number="597" hits="1" branch="False" />
          </lines>
        </class>
        <class name="CloudUnitTesting.Tests/&lt;SuccessfulFileDeleteTest&gt;d__38" filename="Desktop\Software Engineering\Lab Project\Demos\Finale\Cloud Module\ServerlessStorageAPI\CloudUnitTesting\UnitTest1.cs" line-rate="1" branch-rate="1" complexity="2">
          <methods>
            <method name="MoveNext" signature="()" line-rate="1" branch-rate="1" complexity="2">
              <lines>
                <line number="697" hits="1" branch="False" />
                <line number="698" hits="1" branch="False" />
                <line number="699" hits="1" branch="False" />
                <line number="700" hits="1" branch="False" />
                <line number="701" hits="1" branch="False" />
                <line number="702" hits="1" branch="False" />
                <line number="703" hits="1" branch="False" />
                <line number="704" hits="1" branch="False" />
                <line number="705" hits="1" branch="False" />
                <line number="707" hits="1" branch="False" />
                <line number="708" hits="1" branch="False" />
                <line number="709" hits="1" branch="False" />
                <line number="710" hits="1" branch="False" />
                <line number="712" hits="1" branch="True" condition-coverage="100% (2/2)">
                  <conditions>
                    <condition number="329" type="jump" coverage="100%" />
                  </conditions>
                </line>
                <line number="713" hits="1" branch="False" />
                <line number="714" hits="1" branch="False" />
                <line number="715" hits="1" branch="False" />
                <line number="716" hits="1" branch="False" />
                <line number="717" hits="1" branch="False" />
              </lines>
            </method>
          </methods>
          <lines>
            <line number="697" hits="1" branch="False" />
            <line number="698" hits="1" branch="False" />
            <line number="699" hits="1" branch="False" />
            <line number="700" hits="1" branch="False" />
            <line number="701" hits="1" branch="False" />
            <line number="702" hits="1" branch="False" />
            <line number="703" hits="1" branch="False" />
            <line number="704" hits="1" branch="False" />
            <line number="705" hits="1" branch="False" />
            <line number="707" hits="1" branch="False" />
            <line number="708" hits="1" branch="False" />
            <line number="709" hits="1" branch="False" />
            <line number="710" hits="1" branch="False" />
            <line number="712" hits="1" branch="True" condition-coverage="100% (2/2)">
              <conditions>
                <condition number="329" type="jump" coverage="100%" />
              </conditions>
            </line>
            <line number="713" hits="1" branch="False" />
            <line number="714" hits="1" branch="False" />
            <line number="715" hits="1" branch="False" />
            <line number="716" hits="1" branch="False" />
            <line number="717" hits="1" branch="False" />
          </lines>
        </class>
        <class name="CloudUnitTesting.Tests/&lt;SuccessfulFileDownloadTest&gt;d__32" filename="Desktop\Software Engineering\Lab Project\Demos\Finale\Cloud Module\ServerlessStorageAPI\CloudUnitTesting\UnitTest1.cs" line-rate="1" branch-rate="1" complexity="1">
          <methods>
            <method name="MoveNext" signature="()" line-rate="1" branch-rate="1" complexity="1">
              <lines>
                <line number="560" hits="1" branch="False" />
                <line number="561" hits="1" branch="False" />
                <line number="562" hits="1" branch="False" />
                <line number="563" hits="1" branch="False" />
                <line number="564" hits="1" branch="False" />
                <line number="565" hits="1" branch="False" />
                <line number="566" hits="1" branch="False" />
                <line number="567" hits="1" branch="False" />
                <line number="568" hits="1" branch="False" />
                <line number="570" hits="1" branch="False" />
                <line number="571" hits="1" branch="False" />
                <line number="572" hits="1" branch="False" />
                <line number="573" hits="1" branch="False" />
                <line number="575" hits="1" branch="False" />
                <line number="576" hits="1" branch="False" />
                <line number="577" hits="1" branch="False" />
              </lines>
            </method>
          </methods>
          <lines>
            <line number="560" hits="1" branch="False" />
            <line number="561" hits="1" branch="False" />
            <line number="562" hits="1" branch="False" />
            <line number="563" hits="1" branch="False" />
            <line number="564" hits="1" branch="False" />
            <line number="565" hits="1" branch="False" />
            <line number="566" hits="1" branch="False" />
            <line number="567" hits="1" branch="False" />
            <line number="568" hits="1" branch="False" />
            <line number="570" hits="1" branch="False" />
[...]
                <line number="361" hits="1" branch="False" />
                <line number="362" hits="1" branch="False" />
                <line number="363" hits="1" branch="False" />
                <line number="364" hits="1" branch="False" />
                <line number="365" hits="1" branch="False" />
                <line number="368" hits="1" branch="False" />
                <line number="369" hits="1" branch="False" />
                <line number="370" hits="1" branch="False" />
                <line number="372" hits="1" branch="False" />
                <line number="373" hits="1" branch="False" />
                <line number="374" hits="1" branch="False" />
                <line number="375" hits="1" branch="False" />
                <line number="376" hits="1" branch="False" />
                <line number="378" hits="2" branch="False" />
              </lines>
            </method>
          </methods>
          <lines>
            <line number="340" hits="2" branch="False" />
            <line number="341" hits="2" branch="False" />
            <line number="345" hits="2" branch="False" />
            <line number="348" hits="2" branch="False" />
            <line number="351" hits="2" branch="False" />
            <line number="354" hits="2" branch="False" />
            <line number="356" hits="2" branch="True" condition-coverage="100% (2/2)">
              <conditions>
                <condition number="332" type="jump" coverage="100%" />
              </conditions>
            </line>
            <line number="357" hits="1" branch="False" />
            <line number="358" hits="1" branch="False" />
            <line number="359" hits="1" branch="False" />
            <line number="360" hits="1" branch="False" />
            <line number="361" hits="1" branch="False" />
            <line number="362" hits="1" branch="False" />
            <line number="363" hits="1" branch="False" />
            <line number="364" hits="1" branch="False" />
            <line number="365" hits="1" branch="False" />
            <line number="368" hits="1" branch="False" />
            <line number="369" hits="1" branch="False" />
            <line number="370" hits="1" branch="False" />
            <line number="372" hits="1" branch="False" />
            <line number="373" hits="1" branch="False" />
            <line number="374" hits="1" branch="False" />
            <line number="375" hits="1" branch="False" />
            <line number="376" hits="1" branch="False" />
            <line number="378" hits="2" branch="False" />
          </lines>
        </class>
        <class name="SECloud.Services.CloudService/&lt;UploadAsync&gt;d__7" filename="Desktop\Software Engineering\Lab Project\Demos\Finale\Cloud Module\SECloud\SECloud\Services\CloudService.cs" line-rate="1" branch-rate="0.8125" complexity="16">
          <methods>
            <method name="MoveNext" signature="()" line-rate="1" branch-rate="0.8125" complexity="16">
              <lines>
                <line number="97" hits="26" branch="False" />
                <line number="98" hits="26" branch="False" />
                <line number="101" hits="26" branch="False" />
                <line number="102" hits="26" branch="False" />
                <line number="103" hits="26" branch="False" />
                <line number="104" hits="26" branch="False" />
                <line number="105" hits="26" branch="False" />
                <line number="106" hits="26" branch="False" />
                <line number="107" hits="26" branch="False" />
                <line number="108" hits="26" branch="False" />
                <line number="109" hits="26" branch="False" />
                <line number="110" hits="26" branch="False" />
                <line number="113" hits="26" branch="True" condition-coverage="100% (2/2)">
                  <conditions>
                    <condition number="204" type="jump" coverage="100%" />
                  </conditions>
                </line>
                <line number="114" hits="1" branch="False" />
                <line number="115" hits="1" branch="False" />
                <line number="116" hits="1" branch="False" />
                <line number="117" hits="1" branch="False" />
                <line number="118" hits="1" branch="False" />
                <line number="119" hits="1" branch="False" />
                <line number="120" hits="1" branch="False" />
                <line number="124" hits="25" branch="True" condition-coverage="75% (3/4)">
                  <conditions>
                    <condition number="292" type="jump" coverage="50%" />
                    <condition number="314" type="jump" coverage="100%" />
                  </conditions>
                </line>
                <line number="125" hits="3" branch="False" />
                <line number="126" hits="3" branch="False" />
                <line number="127" hits="3" branch="False" />
                <line number="128" hits="3" branch="False" />
                <line number="129" hits="3" branch="False" />
                <line number="130" hits="3" branch="False" />
                <line number="131" hits="3" branch="False" />
                <line number="135" hits="22" branch="True" condition-coverage="50% (1/2)">
                  <conditions>
                    <condition number="388" type="jump" coverage="50%" />
                  </conditions>
                </line>
                <line number="136" hits="22" branch="True" condition-coverage="75% (3/4)">
                  <conditions>
                    <condition number="412" type="jump" coverage="50%" />
                    <condition number="447" type="jump" coverage="100%" />
                  </conditions>
                </line>
                <line number="137" hits="1" branch="False" />
                <line number="138" hits="1" branch="False" />
                <line number="139" hits="1" branch="False" />
                <line number="140" hits="1" branch="False" />
                <line number="141" hits="1" branch="False" />
                <line number="142" hits="1" branch="False" />
                <line number="143" hits="1" branch="False" />
                <line number="146" hits="21" branch="True" condition-coverage="100% (2/2)">
                  <conditions>
                    <condition number="529" type="jump" coverage="100%" />
                  </conditions>
                </line>
                <line number="147" hits="6" branch="False" />
                <line number="148" hits="6" branch="False" />
                <line number="149" hits="6" branch="False" />
                <line number="150" hits="6" branch="False" />
                <line number="151" hits="6" branch="False" />
                <line number="152" hits="6" branch="False" />
                <line number="153" hits="6" branch="False" />
                <line number="156" hits="15" branch="False" />
                <line number="159" hits="15" branch="False" />
                <line number="162" hits="15" branch="False" />
                <line number="164" hits="15" branch="False" />
                <line number="165" hits="15" branch="False" />
                <line number="168" hits="15" branch="False" />
                <line number="171" hits="15" branch="False" />
                <line number="173" hits="15" branch="False" />
                <line number="176" hits="15" branch="False" />
                <line number="179" hits="14" branch="True" condition-coverage="100% (2/2)">
                  <conditions>
                    <condition number="1048" type="jump" coverage="100%" />
                  </conditions>
                </line>
                <line number="180" hits="13" branch="False" />
                <line number="181" hits="13" branch="False" />
                <line number="182" hits="13" branch="False" />
                <line number="183" hits="13" branch="False" />
                <line number="184" hits="13" branch="False" />
                <line number="185" hits="13" branch="False" />
                <line number="186" hits="13" branch="False" />
                <line number="187" hits="13" branch="False" />
                <line number="188" hits="13" branch="False" />
                <line number="192" hits="1" branch="False" />
                <line number="193" hits="1" branch="False" />
                <line number="194" hits="1" branch="False" />
                <line number="196" hits="1" branch="False" />
                <line number="197" hits="1" branch="False" />
                <line number="198" hits="1" branch="False" />
                <line number="199" hits="1" branch="False" />
                <line number="200" hits="1" branch="False" />
                <line number="202" hits="1" branch="False" />
                <line number="203" hits="1" branch="False" />
                <line number="205" hits="1" branch="False" />
                <line number="206" hits="1" branch="False" />
                <line number="207" hits="1" branch="False" />
                <line number="208" hits="1" branch="False" />
                <line number="209" hits="1" branch="False" />
                <line number="210" hits="1" branch="False" />
                <line number="212" hits="26" branch="False" />
              </lines>
            </method>
          </methods>
          <lines>
            <line number="97" hits="26" branch="False" />
            <line number="98" hits="26" branch="False" />
            <line number="101" hits="26" branch="False" />
            <line number="102" hits="26" branch="False" />
            <line number="103" hits="26" branch="False" />
            <line number="104" hits="26" branch="False" />
            <line number="105" hits="26" branch="False" />
            <line number="106" hits="26" branch="False" />
            <line number="107" hits="26" branch="False" />
            <line number="108" hits="26" branch="False" />
            <line number="109" hits="26" branch="False" />
            <line number="110" hits="26" branch="False" />
            <line number="113" hits="26" branch="True" condition-coverage="100% (2/2)">
              <conditions>
                <condition number="204" type="jump" coverage="100%" />
              </conditions>
            </line>
            <line number="114" hits="1" branch="False" />
            <line number="115" hits="1" branch="False" />
            <line number="116" hits="1" branch="False" />
            <line number="117" hits="1" branch="False" />
            <line number="118" hits="1" branch="False" />
            <line number="119" hits="1" branch="False" />
            <line number="120" hits="1" branch="False" />
            <line number="124" hits="25" branch="True" condition-coverage="75% (3/4)">
              <conditions>
                <condition number="292" type="jump" coverage="50%" />
                <condition number="314" type="jump" coverage="100%" />
              </conditions>
            </line>
            <line number="125" hits="3" branch="False" />
            <line number="126" hits="3" branch="False" />
            <line number="127" hits="3" branch="False" />
            <line number="128" hits="3" branch="False" />
            <line number="129" hits="3" branch="False" />
            <line number="130" hits="3" branch="False" />
            <line number="131" hits="3" branch="False" />
            <line number="135" hits="22" branch="True" condition-coverage="50% (1/2)">
              <conditions>
                <condition number="388" type="jump" coverage="50%" />
              </conditions>
            </line>
            <line number="136" hits="22" branch="True" condition-coverage="75% (3/4)">
              <conditions>
                <condition number="412" type="jump" coverage="50%" />
                <condition number="447" type="jump" coverage="100%" />
              </conditions>
            </line>
            <line number="137" hits="1" branch="False" />
            <line number="138" hits="1" branch="False" />
            <line number="139" hits="1" branch="False" />
            <line number="140" hits="1" branch="False" />
            <line number="141" hits="1" branch="False" />
            <line number="142" hits="1" branch="False" />
            <line number="143" hits="1" branch="False" />
            <line number="146" hits="21" branch="True" condition-coverage="100% (2/2)">
              <conditions>
                <condition number="529" type="jump" coverage="100%" />
              </conditions>
            </line>
            <line number="147" hits="6" branch="False" />
            <line number="148" hits="6" branch="False" />
            <line number="149" hits="6" branch="False" />
            <line number="150" hits="6" branch="False" />
            <line number="151" hits="6" branch="False" />
            <line number="152" hits="6" branch="False" />
            <line number="153" hits="6" branch="False" />
            <line number="156" hits="15" branch="False" />
            <line number="159" hits="15" branch="False" />
            <line number="162" hits="15" branch="False" />
            <line number="164" hits="15" branch="False" />
            <line number="165" hits="15" branch="False" />
            <line number="168" hits="15" branch="False" />
            <line number="171" hits="15" branch="False" />
            <line number="173" hits="15" branch="False" />
            <line number="176" hits="15" branch="False" />
            <line number="179" hits="14" branch="True" condition-coverage="100% (2/2)">
              <conditions>
                <condition number="1048" type="jump" coverage="100%" />
              </conditions>
            </line>
            <line number="180" hits="13" branch="False" />
            <line number="181" hits="13" branch="False" />
            <line number="182" hits="13" branch="False" />
            <line number="183" hits="13" branch="False" />
            <line number="184" hits="13" branch="False" />
            <line number="185" hits="13" branch="False" />
            <line number="186" hits="13" branch="False" />
            <line number="187" hits="13" branch="False" />
            <line number="188" hits="13" branch="False" />
            <line number="192" hits="1" branch="False" />
            <line number="193" hits="1" branch="False" />
            <line number="194" hits="1" branch="False" />
            <line number="196" hits="1" branch="False" />
            <line number="197" hits="1" branch="False" />
            <line number="198" hits="1" branch="False" />
            <line number="199" hits="1" branch="False" />
            <line number="200" hits="1" branch="False" />
            <line number="202" hits="1" branch="False" />
            <line number="203" hits="1" branch="False" />
            <line number="205" hits="1" branch="False" />
            <line number="206" hits="1" branch="False" />
            <line number="207" hits="1" branch="False" />
            <line number="208" hits="1" branch="False" />
            <line number="209" hits="1" branch="False" />
            <line number="210" hits="1" branch="False" />
            <line number="212" hits="26" branch="False" />
          </lines>
        </class>
        <class name="SECloud.Models.BlobListResponse" filename="Desktop\Software Engineering\Lab Project\Demos\Finale\Cloud Module\SECloud\SECloud\Models\BlobListResponse.cs" line-rate="1" branch-rate="1" complexity="1">
          <methods>
            <method name="get_Blobs" signature="()" line-rate="1" branch-rate="1" complexity="1">
              <lines>
                <line number="25" hits="4" branch="False" />
              </lines>
            </method>
          </methods>
          <lines>
            <line number="25" hits="4" branch="False" />
          </lines>
        </class>
        <class name="SECloud.Models.JsonSearchMatch" filename="Desktop\Software Engineering\Lab Project\Demos\Finale\Cloud Module\SECloud\SECloud\Models\JsonSearchMatch.cs" line-rate="1" branch-rate="1" complexity="2">
          <methods>
            <method name="get_FileName" signature="()" line-rate="1" branch-rate="1" complexity="1">
              <lines>
                <line number="25" hits="1" branch="False" />
              </lines>
            </method>
            <method name="get_Content" signature="()" line-rate="1" branch-rate="1" complexity="1">
              <lines>
                <line number="30" hits="1" branch="False" />
              </lines>
            </method>
          </methods>
          <lines>
            <line number="25" hits="1" branch="False" />
            <line number="30" hits="1" branch="False" />
          </lines>
        </class>
        <class name="SECloud.Models.JsonSearchResponse" filename="Desktop\Software Engineering\Lab Project\Demos\Finale\Cloud Module\SECloud\SECloud\Models\JsonSearchResponse.cs" line-rate="1" branch-rate="1" complexity="4">
          <methods>
            <method name="get_SearchKey" signature="()" line-rate="1" branch-rate="1" complexity="1">
              <lines>
                <line number="23" hits="1" branch="False" />
              </lines>
            </method>
            <method name="get_SearchValue" signature="()" line-rate="1" branch-rate="1" complexity="1">
              <lines>
                <line number="28" hits="1" branch="False" />
              </lines>
            </method>
            <method name="get_MatchCount" signature="()" line-rate="1" branch-rate="1" complexity="1">
              <lines>
                <line number="33" hits="3" branch="False" />
              </lines>
            </method>
            <method name="get_Matches" signature="()" line-rate="1" branch-rate="1" complexity="1">
              <lines>
                <line number="38" hits="1" branch="False" />
              </lines>
            </method>
          </methods>
          <lines>
            <line number="23" hits="1" branch="False" />
            <line number="28" hits="1" branch="False" />
            <line number="33" hits="3" branch="False" />
            <line number="38" hits="1" branch="False" />
          </lines>
        </class>
        <class name="SECloud.Models.ServiceResponse`1" filename="Desktop\Software Engineering\Lab Project\Demos\Finale\Cloud Module\SECloud\SECloud\Models\ServiceResponse.cs" line-rate="1" branch-rate="1" complexity="3">
          <methods>
            <method name="get_Success" signature="()" line-rate="1" branch-rate="1" complexity="1">
              <lines>
                <line number="24" hits="84" branch="False" />
              </lines>
            </method>
            <method name="get_Message" signature="()" line-rate="1" branch-rate="1" complexity="1">
              <lines>
                <line number="29" hits="97" branch="False" />
              </lines>
            </method>
            <method name="get_Data" signature="()" line-rate="1" branch-rate="1" complexity="1">
              <lines>
                <line number="34" hits="26" branch="False" />
              </lines>
            </method>
          </methods>
          <lines>
            <line number="24" hits="84" branch="False" />
            <line number="29" hits="97" branch="False" />
            <line number="34" hits="26" branch="False" />
          </lines>
        </class>
      </classes>
    </package>
  </packages>
</coverage>