<?xml version="1.0" encoding="utf-8"?>
<!DOCTYPE coverage SYSTEM "http://cobertura.sourceforge.net/xml/coverage-04.dtd">
<coverage line-rate="0.998702983138781" branch-rate="0.948275862068966" lines-covered="770" lines-valid="771" branches-covered="55" branches-valid="58" complexity="109" version="0" timestamp="1731962893">
  <sources>
    <source>C:\Users\ARNAV\</source>
  </sources>
  <packages>
    <package name="CloudUnitTesting" line-rate="0.998175182481752" branch-rate="0.9375" complexity="55">
      <classes>
        <class name="AutoGeneratedProgram" filename="C:\Users\ARNAV\.nuget\packages\microsoft.net.test.sdk\17.11.1\build\netcoreapp3.1\Microsoft.NET.Test.Sdk.Program.cs" line-rate="0" branch-rate="1" complexity="1">
          <methods>
            <method name="Main" signature="(...)" line-rate="0" branch-rate="1" complexity="1">
              <lines>
                <line number="4" hits="0" branch="false" />
              </lines>
            </method>
          </methods>
          <lines>
            <line number="4" hits="0" branch="false" />
          </lines>
        </class>
        <class name="CloudUnitTesting.HttpMessageHandlerMock" filename="C:\Users\ARNAV\Desktop\Software Engineering\Lab Project\Demos\Development\ServerlessStorageAPI\CloudUnitTesting\UnitTest1.cs" line-rate="1" branch-rate="1" complexity="2">
          <methods>
            <method name="SendAsync" signature="(...)" line-rate="1" branch-rate="1" complexity="1">
              <lines>
                <line number="930" hits="5" branch="false" />
                <line number="931" hits="5" branch="false" />
                <line number="932" hits="4" branch="false" />
              </lines>
            </method>
            <method name=".ctor" signature="(...)" line-rate="1" branch-rate="1" complexity="1">
              <lines>
                <line number="924" hits="5" branch="false" />
                <line number="925" hits="5" branch="false" />
                <line number="926" hits="5" branch="false" />
                <line number="927" hits="5" branch="false" />
              </lines>
            </method>
          </methods>
          <lines>
            <line number="924" hits="5" branch="false" />
            <line number="925" hits="5" branch="false" />
            <line number="926" hits="5" branch="false" />
            <line number="927" hits="5" branch="false" />
            <line number="930" hits="5" branch="false" />
            <line number="931" hits="5" branch="false" />
            <line number="932" hits="4" branch="false" />
          </lines>
        </class>
        <class name="CloudUnitTesting.Tests" filename="C:\Users\ARNAV\Desktop\Software Engineering\Lab Project\Demos\Development\ServerlessStorageAPI\CloudUnitTesting\UnitTest1.cs" line-rate="1" branch-rate="0.9375" complexity="49">
          <methods>
            <method name="Setup" signature="()" line-rate="1" branch-rate="1" complexity="1">
              <lines>
                <line number="49" hits="35" branch="false" />
                <line number="50" hits="35" branch="false" />
                <line number="51" hits="35" branch="false" />
                <line number="52" hits="35" branch="false" />
                <line number="53" hits="35" branch="false" />
                <line number="54" hits="35" branch="false" />
                <line number="55" hits="35" branch="false" />
                <line number="56" hits="35" branch="false" />
                <line number="57" hits="35" branch="false" />
                <line number="58" hits="35" branch="false" />
                <line number="59" hits="35" branch="false" />
              </lines>
            </method>
            <method name="Teardown" signature="()" line-rate="1" branch-rate="0.5" complexity="2">
              <lines>
                <line number="63" hits="35" branch="false" />
                <line number="64" hits="35" branch="true" condition-coverage="50% (1/2)" />
                <line number="65" hits="35" branch="false" />
              </lines>
            </method>
            <method name=".ctor" signature="()" line-rate="1" branch-rate="1" complexity="1">
              <lines>
                <line number="43" hits="1" branch="false" />
                <line number="44" hits="1" branch="false" />
              </lines>
            </method>
            <method name="ConcurrentFileUploadTest" signature="()" line-rate="1" branch-rate="1" complexity="4">
              <lines>
                <line number="414" hits="1" branch="false" />
                <line number="415" hits="1" branch="false" />
                <line number="416" hits="1" branch="false" />
                <line number="417" hits="1" branch="false" />
                <line number="418" hits="1" branch="false" />
                <line number="419" hits="1" branch="false" />
                <line number="420" hits="1" branch="false" />
                <line number="421" hits="1" branch="false" />
                <line number="422" hits="1" branch="false" />
                <line number="423" hits="1" branch="false" />
                <line number="425" hits="1" branch="false" />
                <line number="426" hits="12" branch="true" condition-coverage="100% (2/2)" />
                <line number="427" hits="5" branch="false" />
                <line number="428" hits="5" branch="false" />
                <line number="429" hits="5" branch="false" />
                <line number="430" hits="5" branch="false" />
                <line number="432" hits="5" branch="false" />
                <line number="433" hits="5" branch="false" />
                <line number="434" hits="1" branch="false" />
                <line number="436" hits="13" branch="true" condition-coverage="100% (2/2)" />
                <line number="437" hits="5" branch="false" />
                <line number="438" hits="5" branch="false" />
                <line number="439" hits="5" branch="false" />
                <line number="440" hits="5" branch="false" />
                <line number="442" hits="1" branch="false" />
              </lines>
            </method>
            <method name="EmptyContainerListBlobsTest" signature="()" line-rate="1" branch-rate="1" complexity="1">
              <lines>
                <line number="728" hits="1" branch="false" />
                <line number="729" hits="1" branch="false" />
                <line number="730" hits="1" branch="false" />
                <line number="731" hits="1" branch="false" />
                <line number="732" hits="1" branch="false" />
                <line number="733" hits="1" branch="false" />
                <line number="734" hits="1" branch="false" />
                <line number="735" hits="1" branch="false" />
                <line number="736" hits="1" branch="false" />
                <line number="738" hits="1" branch="false" />
                <line number="739" hits="1" branch="false" />
                <line number="740" hits="1" branch="false" />
              </lines>
            </method>
            <method name="EmptyFileNameUploadTest" signature="()" line-rate="1" branch-rate="1" complexity="1">
              <lines>
                <line number="374" hits="1" branch="false" />
                <line number="375" hits="1" branch="false" />
                <line number="376" hits="1" branch="false" />
                <line number="377" hits="1" branch="false" />
                <line number="378" hits="1" branch="false" />
                <line number="379" hits="1" branch="false" />
                <line number="380" hits="1" branch="false" />
                <line number="381" hits="1" branch="false" />
                <line number="382" hits="1" branch="false" />
                <line number="384" hits="1" branch="false" />
                <line number="385" hits="1" branch="false" />
                <line number="386" hits="1" branch="false" />
                <line number="387" hits="1" branch="false" />
                <line number="389" hits="1" branch="false" />
                <line number="390" hits="1" branch="false" />
              </lines>
            </method>
            <method name="EmptyFileUploadTest" signature="()" line-rate="1" branch-rate="1" complexity="1">
              <lines>
                <line number="353" hits="1" branch="false" />
                <line number="354" hits="1" branch="false" />
                <line number="355" hits="1" branch="false" />
                <line number="356" hits="1" branch="false" />
                <line number="357" hits="1" branch="false" />
                <line number="358" hits="1" branch="false" />
                <line number="359" hits="1" branch="false" />
                <line number="360" hits="1" branch="false" />
                <line number="361" hits="1" branch="false" />
                <line number="364" hits="1" branch="false" />
                <line number="365" hits="1" branch="false" />
                <line number="367" hits="1" branch="false" />
                <line number="368" hits="1" branch="false" />
                <line number="369" hits="1" branch="false" />
                <line number="370" hits="1" branch="false" />
              </lines>
            </method>
            <method name="EmptySearchKeyJsonSearchTest" signature="()" line-rate="1" branch-rate="1" complexity="1">
              <lines>
                <line number="782" hits="1" branch="false" />
                <line number="783" hits="1" branch="false" />
                <line number="784" hits="1" branch="false" />
                <line number="785" hits="1" branch="false" />
                <line number="786" hits="1" branch="false" />
                <line number="787" hits="1" branch="false" />
                <line number="788" hits="1" branch="false" />
                <line number="789" hits="1" branch="false" />
                <line number="790" hits="1" branch="false" />
                <line number="810" hits="1" branch="false" />
                <line number="811" hits="1" branch="false" />
                <line number="812" hits="1" branch="false" />
                <line number="815" hits="1" branch="false" />
                <line number="816" hits="1" branch="false" />
              </lines>
            </method>
            <method name="ImageFileUploadTest" signature="()" line-rate="1" branch-rate="1" complexity="1">
              <lines>
                <line number="331" hits="1" branch="false" />
                <line number="332" hits="1" branch="false" />
                <line number="333" hits="1" branch="false" />
                <line number="334" hits="1" branch="false" />
                <line number="335" hits="1" branch="false" />
                <line number="336" hits="1" branch="false" />
                <line number="337" hits="1" branch="false" />
                <line number="338" hits="1" branch="false" />
                <line number="339" hits="1" branch="false" />
                <line number="342" hits="1" branch="false" />
                <line number="343" hits="1" branch="false" />
                <line number="344" hits="1" branch="false" />
                <line number="345" hits="1" branch="false" />
                <line number="347" hits="1" branch="false" />
                <line number="348" hits="1" branch="false" />
                <line number="349" hits="1" branch="false" />
              </lines>
            </method>
            <method name="InvalidContainerListBlobsTest" signature="()" line-rate="1" branch-rate="1" complexity="1">
              <lines>
                <line number="687" hits="1" branch="false" />
                <line number="688" hits="1" branch="false" />
                <line number="689" hits="1" branch="false" />
                <line number="690" hits="1" branch="false" />
                <line number="691" hits="1" branch="false" />
                <line number="692" hits="1" branch="false" />
                <line number="693" hits="1" branch="false" />
                <line number="694" hits="1" branch="false" />
                <line number="695" hits="1" branch="false" />
                <line number="697" hits="1" branch="false" />
                <line number="698" hits="1" branch="false" />
                <line number="699" hits="1" branch="false" />
              </lines>
            </method>
            <method name="InvalidContainerNameJsonSearchTest" signature="()" line-rate="1" branch-rate="1" complexity="4">
              <lines>
                <line number="820" hits="1" branch="false" />
                <line number="821" hits="1" branch="false" />
                <line number="822" hits="1" branch="false" />
                <line number="823" hits="1" branch="false" />
                <line number="824" hits="1" branch="false" />
                <line number="825" hits="1" branch="false" />
                <line number="826" hits="1" branch="false" />
                <line number="827" hits="1" branch="false" />
                <line number="828" hits="1" branch="false" />
                <line number="830" hits="1" branch="false" />
                <line number="831" hits="1" branch="false" />
                <line number="832" hits="1" branch="true" condition-coverage="100% (2/2)" />
                <line number="833" hits="1" branch="false" />
                <line number="835" hits="1" branch="false" />
                <line number="836" hits="1" branch="false" />
                <line number="837" hits="1" branch="true" condition-coverage="100% (2/2)" />
                <line number="838" hits="1" branch="false" />
                <line number="840" hits="1" branch="false" />
                <line number="841" hits="1" branch="false" />
                <line number="842" hits="1" branch="false" />
                <line number="843" hits="1" branch="false" />
                <line number="846" hits="1" branch="false" />
                <line number="847" hits="1" branch="false" />
                <line number="848" hits="1" branch="false" />
                <line number="849" hits="1" branch="false" />
                <line number="851" hits="1" branch="false" />
                <line number="852" hits="1" branch="false" />
              </lines>
            </method>
            <method name="InvalidContainerNameUpdateTest" signature="()" line-rate="1" branch-rate="1" complexity="1">
              <lines>
                <line number="608" hits="1" branch="false" />
                <line number="609" hits="1" branch="false" />
                <line number="610" hits="1" branch="false" />
                <line number="611" hits="1" branch="false" />
                <line number="612" hits="1" branch="false" />
                <line number="613" hits="1" branch="false" />
                <line number="614" hits="1" branch="false" />
                <line number="615" hits="1" branch="false" />
                <line number="616" hits="1" branch="false" />
                <line number="618" hits="1" branch="false" />
                <line number="620" hits="1" branch="false" />
                <line number="621" hits="1" branch="false" />
                <line number="622" hits="1" branch="false" />
                <line number="624" hits="1" branch="false" />
                <line number="625" hits="1" branch="false" />
                <line number="626" hits="1" branch="false" />
              </lines>
            </method>
            <method name="InvalidContentTypeFileUploadTest" signature="()" line-rate="1" branch-rate="1" complexity="1">
              <lines>
                <line number="188" hits="1" branch="false" />
                <line number="189" hits="1" branch="false" />
                <line number="190" hits="1" branch="false" />
                <line number="191" hits="1" branch="false" />
                <line number="192" hits="1" branch="false" />
                <line number="193" hits="1" branch="false" />
                <line number="194" hits="1" branch="false" />
                <line number="195" hits="1" branch="false" />
                <line number="196" hits="1" branch="false" />
                <line number="198" hits="1" branch="false" />
                <line number="199" hits="1" branch="false" />
                <line number="200" hits="1" branch="false" />
                <line number="201" hits="1" branch="false" />
                <line number="202" hits="1" branch="false" />
                <line number="203" hits="1" branch="false" />
              </lines>
            </method>
            <method name="InvalidFileNameDeleteTest" signature="()" line-rate="1" branch-rate="1" complexity="1">
              <lines>
                <line number="654" hits="1" branch="false" />
                <line number="655" hits="1" branch="false" />
                <line number="656" hits="1" branch="false" />
                <line number="657" hits="1" branch="false" />
                <line number="658" hits="1" branch="false" />
                <line number="659" hits="1" branch="false" />
                <line number="660" hits="1" branch="false" />
                <line number="661" hits="1" branch="false" />
                <line number="662" hits="1" branch="false" />
                <line number="664" hits="1" branch="false" />
                <line number="665" hits="1" branch="false" />
                <line number="666" hits="1" branch="false" />
                <line number="667" hits="1" branch="false" />
              </lines>
            </method>
            <method name="InvalidFileNameDownloadTest" signature="()" line-rate="1" branch-rate="1" complexity="1">
              <lines>
                <line number="446" hits="1" branch="false" />
                <line number="447" hits="1" branch="false" />
                <line number="448" hits="1" branch="false" />
                <line number="449" hits="1" branch="false" />
                <line number="450" hits="1" branch="false" />
                <line number="451" hits="1" branch="false" />
                <line number="452" hits="1" branch="false" />
                <line number="453" hits="1" branch="false" />
                <line number="454" hits="1" branch="false" />
                <line number="456" hits="1" branch="false" />
                <line number="457" hits="1" branch="false" />
                <line number="458" hits="1" branch="false" />
                <line number="459" hits="1" branch="false" />
              </lines>
            </method>
            <method name="InvalidFileSectionFileUploadTest" signature="()" line-rate="1" branch-rate="1" complexity="1">
              <lines>
                <line number="207" hits="1" branch="false" />
                <line number="208" hits="1" branch="false" />
                <line number="209" hits="1" branch="false" />
                <line number="210" hits="1" branch="false" />
                <line number="211" hits="1" branch="false" />
                <line number="212" hits="1" branch="false" />
                <line number="213" hits="1" branch="false" />
                <line number="214" hits="1" branch="false" />
                <line number="215" hits="1" branch="false" />
                <line number="218" hits="1" branch="false" />
                <line number="221" hits="1" branch="false" />
                <line number="224" hits="1" branch="false" />
                <line number="225" hits="1" branch="false" />
                <line number="226" hits="1" branch="false" />
                <line number="245" hits="1" branch="false" />
              </lines>
            </method>
            <method name="LargeFileUploadTest" signature="()" line-rate="1" branch-rate="1" complexity="1">
              <lines>
                <line number="307" hits="1" branch="false" />
                <line number="308" hits="1" branch="false" />
                <line number="309" hits="1" branch="false" />
                <line number="310" hits="1" branch="false" />
                <line number="311" hits="1" branch="false" />
                <line number="312" hits="1" branch="false" />
                <line number="313" hits="1" branch="false" />
                <line number="314" hits="1" branch="false" />
                <line number="315" hits="1" branch="false" />
                <line number="317" hits="1" branch="false" />
                <line number="318" hits="1" branch="false" />
                <line number="319" hits="1" branch="false" />
                <line number="321" hits="1" branch="false" />
                <line number="323" hits="1" branch="false" />
                <line number="324" hits="1" branch="false" />
                <line number="326" hits="1" branch="false" />
                <line number="327" hits="1" branch="false" />
              </lines>
            </method>
            <method name="ListBlobsAsync_BlobListResponseIsNull_ReturnsEmptyList" signature="()" line-rate="1" branch-rate="1" complexity="1">
              <lines>
                <line number="703" hits="1" branch="false" />
                <line number="705" hits="2" branch="false" />
                <line number="706" hits="1" branch="false" />
                <line number="707" hits="1" branch="false" />
                <line number="708" hits="1" branch="false" />
                <line number="709" hits="1" branch="false" />
                <line number="710" hits="2" branch="false" />
                <line number="712" hits="1" branch="false" />
                <line number="715" hits="1" branch="false" />
                <line number="718" hits="1" branch="false" />
                <line number="719" hits="1" branch="false" />
                <line number="724" hits="1" branch="false" />
              </lines>
            </method>
            <method name="ListBlobsTest" signature="()" line-rate="1" branch-rate="1" complexity="1">
              <lines>
                <line number="671" hits="1" branch="false" />
                <line number="672" hits="1" branch="false" />
                <line number="673" hits="1" branch="false" />
                <line number="674" hits="1" branch="false" />
                <line number="675" hits="1" branch="false" />
                <line number="676" hits="1" branch="false" />
                <line number="677" hits="1" branch="false" />
                <line number="678" hits="1" branch="false" />
                <line number="679" hits="1" branch="false" />
                <line number="681" hits="1" branch="false" />
                <line number="682" hits="1" branch="false" />
                <line number="683" hits="1" branch="false" />
              </lines>
            </method>
            <method name="NonExistentConfigFileRetrievalTest" signature="()" line-rate="1" branch-rate="1" complexity="1">
              <lines>
                <line number="535" hits="1" branch="false" />
                <line number="536" hits="1" branch="false" />
                <line number="537" hits="1" branch="false" />
                <line number="538" hits="1" branch="false" />
                <line number="539" hits="1" branch="false" />
                <line number="540" hits="1" branch="false" />
                <line number="541" hits="1" branch="false" />
                <line number="542" hits="1" branch="false" />
                <line number="543" hits="1" branch="false" />
                <line number="545" hits="1" branch="false" />
                <line number="546" hits="1" branch="false" />
                <line number="547" hits="1" branch="false" />
                <line number="548" hits="1" branch="false" />
              </lines>
            </method>
            <method name="NonExistentFileDownloadTest" signature="()" line-rate="1" branch-rate="1" complexity="1">
              <lines>
                <line number="480" hits="1" branch="false" />
                <line number="481" hits="1" branch="false" />
                <line number="482" hits="1" branch="false" />
                <line number="483" hits="1" branch="false" />
                <line number="484" hits="1" branch="false" />
                <line number="485" hits="1" branch="false" />
                <line number="486" hits="1" branch="false" />
                <line number="487" hits="1" branch="false" />
                <line number="488" hits="1" branch="false" />
                <line number="490" hits="1" branch="false" />
                <line number="491" hits="1" branch="false" />
                <line number="492" hits="1" branch="false" />
                <line number="493" hits="1" branch="false" />
              </lines>
            </method>
            <method name="NonExistentSettingConfigFileRetrievalTest" signature="()" line-rate="1" branch-rate="1" complexity="1">
              <lines>
                <line number="552" hits="1" branch="false" />
                <line number="553" hits="1" branch="false" />
                <line number="554" hits="1" branch="false" />
                <line number="555" hits="1" branch="false" />
                <line number="556" hits="1" branch="false" />
                <line number="557" hits="1" branch="false" />
                <line number="558" hits="1" branch="false" />
                <line number="559" hits="1" branch="false" />
                <line number="560" hits="1" branch="false" />
                <line number="562" hits="1" branch="false" />
                <line number="563" hits="1" branch="false" />
                <line number="564" hits="1" branch="false" />
                <line number="565" hits="1" branch="false" />
              </lines>
            </method>
            <method name="SearchJsonFilesAsync_FailsWithErrorMessage" signature="()" line-rate="1" branch-rate="1" complexity="1">
              <lines>
                <line number="856" hits="1" branch="false" />
                <line number="857" hits="1" branch="false" />
                <line number="860" hits="2" branch="false" />
                <line number="861" hits="1" branch="false" />
                <line number="862" hits="1" branch="false" />
                <line number="863" hits="1" branch="false" />
                <line number="864" hits="1" branch="false" />
                <line number="865" hits="2" branch="false" />
                <line number="867" hits="1" branch="false" />
                <line number="868" hits="1" branch="false" />
                <line number="869" hits="1" branch="false" />
                <line number="870" hits="1" branch="false" />
                <line number="871" hits="1" branch="false" />
                <line number="872" hits="1" branch="false" />
                <line number="873" hits="1" branch="false" />
                <line number="875" hits="1" branch="false" />
                <line number="876" hits="1" branch="false" />
                <line number="879" hits="1" branch="false" />
                <line number="882" hits="1" branch="false" />
                <line number="883" hits="1" branch="false" />
                <line number="891" hits="1" branch="false" />
              </lines>
            </method>
            <method name="SearchJsonFilesAsync_SearchResponseIsNull_ReturnsSuccessWithZeroMatches" signature="()" line-rate="1" branch-rate="1" complexity="1">
              <lines>
                <line number="895" hits="1" branch="false" />
                <line number="897" hits="2" branch="false" />
                <line number="898" hits="1" branch="false" />
                <line number="899" hits="1" branch="false" />
                <line number="900" hits="1" branch="false" />
                <line number="901" hits="1" branch="false" />
                <line number="902" hits="2" branch="false" />
                <line number="904" hits="1" branch="false" />
                <line number="907" hits="1" branch="false" />
                <line number="910" hits="1" branch="false" />
                <line number="911" hits="1" branch="false" />
                <line number="916" hits="1" branch="false" />
              </lines>
            </method>
            <method name="SuccessfulConfigFileRetrievalTest" signature="()" line-rate="1" branch-rate="1" complexity="1">
              <lines>
                <line number="518" hits="1" branch="false" />
                <line number="519" hits="1" branch="false" />
                <line number="520" hits="1" branch="false" />
                <line number="521" hits="1" branch="false" />
                <line number="522" hits="1" branch="false" />
                <line number="523" hits="1" branch="false" />
                <line number="524" hits="1" branch="false" />
                <line number="525" hits="1" branch="false" />
                <line number="526" hits="1" branch="false" />
                <line number="528" hits="1" branch="false" />
                <line number="529" hits="1" branch="false" />
                <line number="530" hits="1" branch="false" />
                <line number="531" hits="1" branch="false" />
              </lines>
            </method>
            <method name="SuccessfulFileDeleteTest" signature="()" line-rate="1" branch-rate="1" complexity="2">
              <lines>
                <line number="630" hits="1" branch="false" />
                <line number="631" hits="1" branch="false" />
                <line number="632" hits="1" branch="false" />
                <line number="633" hits="1" branch="false" />
                <line number="634" hits="1" branch="false" />
                <line number="635" hits="1" branch="false" />
                <line number="636" hits="1" branch="false" />
                <line number="637" hits="1" branch="false" />
                <line number="638" hits="1" branch="false" />
                <line number="640" hits="1" branch="false" />
                <line number="641" hits="1" branch="false" />
                <line number="642" hits="1" branch="false" />
                <line number="643" hits="1" branch="false" />
                <line number="645" hits="1" branch="true" condition-coverage="100% (2/2)" />
                <line number="646" hits="1" branch="false" />
                <line number="647" hits="1" branch="false" />
                <line number="648" hits="1" branch="false" />
                <line number="649" hits="1" branch="false" />
                <line number="650" hits="1" branch="false" />
              </lines>
            </method>
            <method name="SuccessfulFileDownloadTest" signature="()" line-rate="1" branch-rate="1" complexity="1">
              <lines>
                <line number="497" hits="1" branch="false" />
                <line number="498" hits="1" branch="false" />
                <line number="499" hits="1" branch="false" />
                <line number="500" hits="1" branch="false" />
                <line number="501" hits="1" branch="false" />
                <line number="502" hits="1" branch="false" />
                <line number="503" hits="1" branch="false" />
                <line number="504" hits="1" branch="false" />
                <line number="505" hits="1" branch="false" />
                <line number="507" hits="1" branch="false" />
                <line number="508" hits="1" branch="false" />
                <line number="509" hits="1" branch="false" />
                <line number="510" hits="1" branch="false" />
                <line number="512" hits="1" branch="false" />
                <line number="513" hits="1" branch="false" />
                <line number="514" hits="1" branch="false" />
              </lines>
            </method>
            <method name="SuccessfulFileUpdateTest" signature="()" line-rate="1" branch-rate="1" complexity="1">
              <lines>
                <line number="586" hits="1" branch="false" />
                <line number="587" hits="1" branch="false" />
                <line number="588" hits="1" branch="false" />
                <line number="589" hits="1" branch="false" />
                <line number="590" hits="1" branch="false" />
                <line number="591" hits="1" branch="false" />
                <line number="592" hits="1" branch="false" />
                <line number="593" hits="1" branch="false" />
                <line number="594" hits="1" branch="false" />
                <line number="596" hits="1" branch="false" />
                <line number="598" hits="1" branch="false" />
                <line number="599" hits="1" branch="false" />
                <line number="600" hits="1" branch="false" />
                <line number="602" hits="1" branch="false" />
                <line number="603" hits="1" branch="false" />
                <line number="604" hits="1" branch="false" />
              </lines>
            </method>
            <method name="SuccessfulFileUploadTest" signature="()" line-rate="1" branch-rate="1" complexity="1">
              <lines>
                <line number="394" hits="1" branch="false" />
                <line number="395" hits="1" branch="false" />
                <line number="396" hits="1" branch="false" />
                <line number="397" hits="1" branch="false" />
                <line number="398" hits="1" branch="false" />
                <line number="399" hits="1" branch="false" />
                <line number="400" hits="1" branch="false" />
                <line number="401" hits="1" branch="false" />
                <line number="402" hits="1" branch="false" />
                <line number="404" hits="1" branch="false" />
                <line number="405" hits="1" branch="false" />
                <line number="406" hits="1" branch="false" />
                <line number="407" hits="1" branch="false" />
                <line number="409" hits="1" branch="false" />
                <line number="410" hits="1" branch="false" />
              </lines>
            </method>
            <method name="SuccessfulJsonSearchTest" signature="()" line-rate="1" branch-rate="1" complexity="4">
              <lines>
                <line number="744" hits="1" branch="false" />
                <line number="745" hits="1" branch="false" />
                <line number="746" hits="1" branch="false" />
                <line number="747" hits="1" branch="false" />
                <line number="748" hits="1" branch="false" />
                <line number="749" hits="1" branch="false" />
                <line number="750" hits="1" branch="false" />
                <line number="751" hits="1" branch="false" />
                <line number="752" hits="1" branch="false" />
                <line number="754" hits="1" branch="false" />
                <line number="755" hits="1" branch="false" />
                <line number="756" hits="1" branch="false" />
                <line number="757" hits="1" branch="false" />
                <line number="758" hits="1" branch="false" />
                <line number="759" hits="1" branch="false" />
                <line number="760" hits="1" branch="false" />
                <line number="761" hits="1" branch="false" />
                <line number="762" hits="1" branch="false" />
                <line number="763" hits="1" branch="true" condition-coverage="100% (2/2)" />
                <line number="766" hits="1" branch="false" />
                <line number="769" hits="1" branch="false" />
                <line number="772" hits="1" branch="false" />
                <line number="773" hits="1" branch="false" />
                <line number="774" hits="1" branch="false" />
                <line number="777" hits="1" branch="true" condition-coverage="100% (2/2)" />
                <line number="778" hits="1" branch="false" />
              </lines>
            </method>
            <method name="UploadAsync_BlobNameWithUpperCaseExtension_ReturnsFailure" signature="()" line-rate="1" branch-rate="1" complexity="1">
              <lines>
                <line number="118" hits="1" branch="false" />
                <line number="120" hits="1" branch="false" />
                <line number="121" hits="1" branch="false" />
                <line number="122" hits="1" branch="false" />
                <line number="123" hits="1" branch="false" />
                <line number="126" hits="1" branch="false" />
                <line number="128" hits="1" branch="false" />
                <line number="131" hits="1" branch="false" />
              </lines>
            </method>
            <method name="UploadAsync_BlobNameWithValidExtension_ReturnsSuccess" signature="()" line-rate="1" branch-rate="1" complexity="1">
              <lines>
                <line number="135" hits="1" branch="false" />
                <line number="137" hits="1" branch="false" />
                <line number="138" hits="1" branch="false" />
                <line number="139" hits="1" branch="false" />
                <line number="140" hits="1" branch="false" />
                <line number="143" hits="1" branch="false" />
                <line number="146" hits="1" branch="false" />
                <line number="148" hits="1" branch="false" />
              </lines>
            </method>
            <method name="UploadAsync_BlobNameWithoutExtension_ReturnsFailure" signature="()" line-rate="1" branch-rate="1" complexity="1">
              <lines>
                <line number="102" hits="1" branch="false" />
                <line number="104" hits="1" branch="false" />
                <line number="105" hits="1" branch="false" />
                <line number="106" hits="1" branch="false" />
                <line number="107" hits="1" branch="false" />
                <line number="110" hits="1" branch="false" />
                <line number="113" hits="1" branch="false" />
                <line number="114" hits="1" branch="false" />
              </lines>
            </method>
            <method name="UploadAsync_ContentIsNull_ReturnsFailure" signature="()" line-rate="1" branch-rate="1" complexity="1">
              <lines>
                <line number="69" hits="1" branch="false" />
                <line number="71" hits="1" branch="false" />
                <line number="72" hits="1" branch="false" />
                <line number="73" hits="1" branch="false" />
                <line number="76" hits="1" branch="false" />
                <line number="79" hits="1" branch="false" />
                <line number="80" hits="1" branch="false" />
                <line number="81" hits="1" branch="false" />
              </lines>
            </method>
            <method name="UploadAsync_ContentLengthIsZero_ReturnsFailure" signature="()" line-rate="1" branch-rate="1" complexity="1">
              <lines>
                <line number="85" hits="1" branch="false" />
                <line number="87" hits="1" branch="false" />
                <line number="88" hits="1" branch="false" />
                <line number="89" hits="1" branch="false" />
                <line number="90" hits="1" branch="false" />
                <line number="93" hits="1" branch="false" />
                <line number="96" hits="1" branch="false" />
                <line number="97" hits="1" branch="false" />
                <line number="98" hits="1" branch="false" />
              </lines>
            </method>
            <method name="UploadFailsForUnsupportedContentType" signature="()" line-rate="1" branch-rate="1" complexity="1">
              <lines>
                <line number="152" hits="1" branch="false" />
                <line number="153" hits="1" branch="false" />
                <line number="154" hits="1" branch="false" />
                <line number="155" hits="1" branch="false" />
                <line number="156" hits="1" branch="false" />
                <line number="157" hits="1" branch="false" />
                <line number="158" hits="1" branch="false" />
                <line number="159" hits="1" branch="false" />
                <line number="160" hits="1" branch="false" />
                <line number="162" hits="1" branch="false" />
                <line number="163" hits="1" branch="false" />
                <line number="165" hits="1" branch="false" />
                <line number="167" hits="1" branch="false" />
                <line number="168" hits="1" branch="false" />
                <line number="169" hits="1" branch="false" />
              </lines>
            </method>
            <method name="UploadFailsWithErrorMessage" signature="()" line-rate="1" branch-rate="1" complexity="1">
              <lines>
                <line number="249" hits="1" branch="false" />
                <line number="250" hits="1" branch="false" />
                <line number="253" hits="2" branch="false" />
                <line number="254" hits="1" branch="false" />
                <line number="255" hits="1" branch="false" />
                <line number="256" hits="1" branch="false" />
                <line number="257" hits="1" branch="false" />
                <line number="258" hits="2" branch="false" />
                <line number="260" hits="1" branch="false" />
                <line number="261" hits="1" branch="false" />
                <line number="262" hits="1" branch="false" />
                <line number="263" hits="1" branch="false" />
                <line number="264" hits="1" branch="false" />
                <line number="265" hits="1" branch="false" />
                <line number="266" hits="1" branch="false" />
                <line number="268" hits="1" branch="false" />
                <line number="269" hits="1" branch="false" />
                <line number="271" hits="1" branch="false" />
                <line number="272" hits="1" branch="false" />
                <line number="274" hits="1" branch="false" />
                <line number="276" hits="1" branch="false" />
              </lines>
            </method>
            <method name="UploadHandlesExceptionGracefully" signature="()" line-rate="1" branch-rate="1" complexity="1">
              <lines>
                <line number="280" hits="1" branch="false" />
                <line number="281" hits="1" branch="false" />
                <line number="284" hits="2" branch="false" />
                <line number="285" hits="1" branch="false" />
                <line number="286" hits="1" branch="false" />
                <line number="288" hits="1" branch="false" />
                <line number="289" hits="1" branch="false" />
                <line number="290" hits="1" branch="false" />
                <line number="291" hits="1" branch="false" />
                <line number="292" hits="1" branch="false" />
                <line number="293" hits="1" branch="false" />
                <line number="294" hits="1" branch="false" />
                <line number="296" hits="1" branch="false" />
                <line number="297" hits="1" branch="false" />
                <line number="299" hits="1" branch="false" />
                <line number="301" hits="1" branch="false" />
                <line number="302" hits="1" branch="false" />
                <line number="303" hits="1" branch="false" />
              </lines>
            </method>
          </methods>
          <lines>
            <line number="43" hits="1" branch="false" />
            <line number="44" hits="1" branch="false" />
            <line number="49" hits="35" branch="false" />
            <line number="50" hits="35" branch="false" />
            <line number="51" hits="35" branch="false" />
            <line number="52" hits="35" branch="false" />
            <line number="53" hits="35" branch="false" />
            <line number="54" hits="35" branch="false" />
            <line number="55" hits="35" branch="false" />
            <line number="56" hits="35" branch="false" />
            <line number="57" hits="35" branch="false" />
            <line number="58" hits="35" branch="false" />
            <line number="59" hits="35" branch="false" />
            <line number="63" hits="35" branch="false" />
            <line number="64" hits="35" branch="true" condition-coverage="50% (1/2)" />
            <line number="65" hits="35" branch="false" />
            <line number="69" hits="1" branch="false" />
            <line number="71" hits="1" branch="false" />
            <line number="72" hits="1" branch="false" />
            <line number="73" hits="1" branch="false" />
            <line number="76" hits="1" branch="false" />
            <line number="79" hits="1" branch="false" />
            <line number="80" hits="1" branch="false" />
            <line number="81" hits="1" branch="false" />
            <line number="85" hits="1" branch="false" />
            <line number="87" hits="1" branch="false" />
            <line number="88" hits="1" branch="false" />
            <line number="89" hits="1" branch="false" />
            <line number="90" hits="1" branch="false" />
            <line number="93" hits="1" branch="false" />
            <line number="96" hits="1" branch="false" />
            <line number="97" hits="1" branch="false" />
            <line number="98" hits="1" branch="false" />
            <line number="102" hits="1" branch="false" />
            <line number="104" hits="1" branch="false" />
            <line number="105" hits="1" branch="false" />
            <line number="106" hits="1" branch="false" />
            <line number="107" hits="1" branch="false" />
            <line number="110" hits="1" branch="false" />
            <line number="113" hits="1" branch="false" />
            <line number="114" hits="1" branch="false" />
            <line number="118" hits="1" branch="false" />
            <line number="120" hits="1" branch="false" />
            <line number="121" hits="1" branch="false" />
            <line number="122" hits="1" branch="false" />
            <line number="123" hits="1" branch="false" />
            <line number="126" hits="1" branch="false" />
            <line number="128" hits="1" branch="false" />
            <line number="131" hits="1" branch="false" />
            <line number="135" hits="1" branch="false" />
            <line number="137" hits="1" branch="false" />
            <line number="138" hits="1" branch="false" />
            <line number="139" hits="1" branch="false" />
            <line number="140" hits="1" branch="false" />
            <line number="143" hits="1" branch="false" />
            <line number="146" hits="1" branch="false" />
            <line number="148" hits="1" branch="false" />
            <line number="152" hits="1" branch="false" />
            <line number="153" hits="1" branch="false" />
            <line number="154" hits="1" branch="false" />
            <line number="155" hits="1" branch="false" />
            <line number="156" hits="1" branch="false" />
            <line number="157" hits="1" branch="false" />
            <line number="158" hits="1" branch="false" />
            <line number="159" hits="1" branch="false" />
            <line number="160" hits="1" branch="false" />
            <line number="162" hits="1" branch="false" />
            <line number="163" hits="1" branch="false" />
            <line number="165" hits="1" branch="false" />
            <line number="167" hits="1" branch="false" />
            <line number="168" hits="1" branch="false" />
            <line number="169" hits="1" branch="false" />
            <line number="188" hits="1" branch="false" />
            <line number="189" hits="1" branch="false" />
            <line number="190" hits="1" branch="false" />
            <line number="191" hits="1" branch="false" />
            <line number="192" hits="1" branch="false" />
            <line number="193" hits="1" branch="false" />
            <line number="194" hits="1" branch="false" />
            <line number="195" hits="1" branch="false" />
            <line number="196" hits="1" branch="false" />
            <line number="198" hits="1" branch="false" />
            <line number="199" hits="1" branch="false" />
            <line number="200" hits="1" branch="false" />
            <line number="201" hits="1" branch="false" />
            <line number="202" hits="1" branch="false" />
            <line number="203" hits="1" branch="false" />
            <line number="207" hits="1" branch="false" />
            <line number="208" hits="1" branch="false" />
            <line number="209" hits="1" branch="false" />
            <line number="210" hits="1" branch="false" />
            <line number="211" hits="1" branch="false" />
            <line number="212" hits="1" branch="false" />
            <line number="213" hits="1" branch="false" />
            <line number="214" hits="1" branch="false" />
            <line number="215" hits="1" branch="false" />
            <line number="218" hits="1" branch="false" />
            <line number="221" hits="1" branch="false" />
            <line number="224" hits="1" branch="false" />
            <line number="225" hits="1" branch="false" />
            <line number="226" hits="1" branch="false" />
            <line number="245" hits="1" branch="false" />
            <line number="249" hits="1" branch="false" />
            <line number="250" hits="1" branch="false" />
            <line number="253" hits="2" branch="false" />
            <line number="254" hits="1" branch="false" />
            <line number="255" hits="1" branch="false" />
            <line number="256" hits="1" branch="false" />
            <line number="257" hits="1" branch="false" />
            <line number="258" hits="2" branch="false" />
            <line number="260" hits="1" branch="false" />
            <line number="261" hits="1" branch="false" />
            <line number="262" hits="1" branch="false" />
            <line number="263" hits="1" branch="false" />
            <line number="264" hits="1" branch="false" />
            <line number="265" hits="1" branch="false" />
            <line number="266" hits="1" branch="false" />
            <line number="268" hits="1" branch="false" />
            <line number="269" hits="1" branch="false" />
            <line number="271" hits="1" branch="false" />
            <line number="272" hits="1" branch="false" />
            <line number="274" hits="1" branch="false" />
            <line number="276" hits="1" branch="false" />
            <line number="280" hits="1" branch="false" />
            <line number="281" hits="1" branch="false" />
            <line number="284" hits="2" branch="false" />
            <line number="285" hits="1" branch="false" />
            <line number="286" hits="1" branch="false" />
            <line number="288" hits="1" branch="false" />
            <line number="289" hits="1" branch="false" />
            <line number="290" hits="1" branch="false" />
            <line number="291" hits="1" branch="false" />
            <line number="292" hits="1" branch="false" />
            <line number="293" hits="1" branch="false" />
            <line number="294" hits="1" branch="false" />
            <line number="296" hits="1" branch="false" />
            <line number="297" hits="1" branch="false" />
            <line number="299" hits="1" branch="false" />
            <line number="301" hits="1" branch="false" />
            <line number="302" hits="1" branch="false" />
            <line number="303" hits="1" branch="false" />
            <line number="307" hits="1" branch="false" />
            <line number="308" hits="1" branch="false" />
            <line number="309" hits="1" branch="false" />
            <line number="310" hits="1" branch="false" />
            <line number="311" hits="1" branch="false" />
            <line number="312" hits="1" branch="false" />
            <line number="313" hits="1" branch="false" />
            <line number="314" hits="1" branch="false" />
            <line number="315" hits="1" branch="false" />
            <line number="317" hits="1" branch="false" />
            <line number="318" hits="1" branch="false" />
            <line number="319" hits="1" branch="false" />
            <line number="321" hits="1" branch="false" />
            <line number="323" hits="1" branch="false" />
            <line number="324" hits="1" branch="false" />
            <line number="326" hits="1" branch="false" />
            <line number="327" hits="1" branch="false" />
            <line number="331" hits="1" branch="false" />
            <line number="332" hits="1" branch="false" />
            <line number="333" hits="1" branch="false" />
            <line number="334" hits="1" branch="false" />
            <line number="335" hits="1" branch="false" />
            <line number="336" hits="1" branch="false" />
            <line number="337" hits="1" branch="false" />
            <line number="338" hits="1" branch="false" />
            <line number="339" hits="1" branch="false" />
            <line number="342" hits="1" branch="false" />
            <line number="343" hits="1" branch="false" />
            <line number="344" hits="1" branch="false" />
            <line number="345" hits="1" branch="false" />
            <line number="347" hits="1" branch="false" />
            <line number="348" hits="1" branch="false" />
            <line number="349" hits="1" branch="false" />
            <line number="353" hits="1" branch="false" />
            <line number="354" hits="1" branch="false" />
            <line number="355" hits="1" branch="false" />
            <line number="356" hits="1" branch="false" />
            <line number="357" hits="1" branch="false" />
            <line number="358" hits="1" branch="false" />
            <line number="359" hits="1" branch="false" />
            <line number="360" hits="1" branch="false" />
            <line number="361" hits="1" branch="false" />
            <line number="364" hits="1" branch="false" />
            <line number="365" hits="1" branch="false" />
            <line number="367" hits="1" branch="false" />
            <line number="368" hits="1" branch="false" />
            <line number="369" hits="1" branch="false" />
            <line number="370" hits="1" branch="false" />
            <line number="374" hits="1" branch="false" />
            <line number="375" hits="1" branch="false" />
            <line number="376" hits="1" branch="false" />
            <line number="377" hits="1" branch="false" />
            <line number="378" hits="1" branch="false" />
            <line number="379" hits="1" branch="false" />
            <line number="380" hits="1" branch="false" />
            <line number="381" hits="1" branch="false" />
            <line number="382" hits="1" branch="false" />
            <line number="384" hits="1" branch="false" />
            <line number="385" hits="1" branch="false" />
            <line number="386" hits="1" branch="false" />
            <line number="387" hits="1" branch="false" />
            <line number="389" hits="1" branch="false" />
            <line number="390" hits="1" branch="false" />
            <line number="394" hits="1" branch="false" />
            <line number="395" hits="1" branch="false" />
            <line number="396" hits="1" branch="false" />
            <line number="397" hits="1" branch="false" />
            <line number="398" hits="1" branch="false" />
            <line number="399" hits="1" branch="false" />
            <line number="400" hits="1" branch="false" />
            <line number="401" hits="1" branch="false" />
            <line number="402" hits="1" branch="false" />
            <line number="404" hits="1" branch="false" />
            <line number="405" hits="1" branch="false" />
            <line number="406" hits="1" branch="false" />
            <line number="407" hits="1" branch="false" />
            <line number="409" hits="1" branch="false" />
            <line number="410" hits="1" branch="false" />
            <line number="414" hits="1" branch="false" />
            <line number="415" hits="1" branch="false" />
            <line number="416" hits="1" branch="false" />
            <line number="417" hits="1" branch="false" />
            <line number="418" hits="1" branch="false" />
            <line number="419" hits="1" branch="false" />
            <line number="420" hits="1" branch="false" />
            <line number="421" hits="1" branch="false" />
            <line number="422" hits="1" branch="false" />
            <line number="423" hits="1" branch="false" />
            <line number="425" hits="1" branch="false" />
            <line number="426" hits="12" branch="true" condition-coverage="100% (2/2)" />
            <line number="427" hits="5" branch="false" />
            <line number="428" hits="5" branch="false" />
            <line number="429" hits="5" branch="false" />
            <line number="430" hits="5" branch="false" />
            <line number="432" hits="5" branch="false" />
            <line number="433" hits="5" branch="false" />
            <line number="434" hits="1" branch="false" />
            <line number="436" hits="13" branch="true" condition-coverage="100% (2/2)" />
            <line number="437" hits="5" branch="false" />
            <line number="438" hits="5" branch="false" />
            <line number="439" hits="5" branch="false" />
            <line number="440" hits="5" branch="false" />
            <line number="442" hits="1" branch="false" />
            <line number="446" hits="1" branch="false" />
            <line number="447" hits="1" branch="false" />
            <line number="448" hits="1" branch="false" />
            <line number="449" hits="1" branch="false" />
            <line number="450" hits="1" branch="false" />
            <line number="451" hits="1" branch="false" />
            <line number="452" hits="1" branch="false" />
            <line number="453" hits="1" branch="false" />
            <line number="454" hits="1" branch="false" />
            <line number="456" hits="1" branch="false" />
            <line number="457" hits="1" branch="false" />
            <line number="458" hits="1" branch="false" />
            <line number="459" hits="1" branch="false" />
            <line number="480" hits="1" branch="false" />
            <line number="481" hits="1" branch="false" />
            <line number="482" hits="1" branch="false" />
            <line number="483" hits="1" branch="false" />
            <line number="484" hits="1" branch="false" />
            <line number="485" hits="1" branch="false" />
            <line number="486" hits="1" branch="false" />
            <line number="487" hits="1" branch="false" />
            <line number="488" hits="1" branch="false" />
            <line number="490" hits="1" branch="false" />
            <line number="491" hits="1" branch="false" />
            <line number="492" hits="1" branch="false" />
            <line number="493" hits="1" branch="false" />
            <line number="497" hits="1" branch="false" />
            <line number="498" hits="1" branch="false" />
            <line number="499" hits="1" branch="false" />
            <line number="500" hits="1" branch="false" />
            <line number="501" hits="1" branch="false" />
            <line number="502" hits="1" branch="false" />
            <line number="503" hits="1" branch="false" />
            <line number="504" hits="1" branch="false" />
            <line number="505" hits="1" branch="false" />
            <line number="507" hits="1" branch="false" />
            <line number="508" hits="1" branch="false" />
            <line number="509" hits="1" branch="false" />
            <line number="510" hits="1" branch="false" />
            <line number="512" hits="1" branch="false" />
            <line number="513" hits="1" branch="false" />
            <line number="514" hits="1" branch="false" />
            <line number="518" hits="1" branch="false" />
            <line number="519" hits="1" branch="false" />
            <line number="520" hits="1" branch="false" />
            <line number="521" hits="1" branch="false" />
            <line number="522" hits="1" branch="false" />
            <line number="523" hits="1" branch="false" />
            <line number="524" hits="1" branch="false" />
            <line number="525" hits="1" branch="false" />
            <line number="526" hits="1" branch="false" />
            <line number="528" hits="1" branch="false" />
            <line number="529" hits="1" branch="false" />
            <line number="530" hits="1" branch="false" />
            <line number="531" hits="1" branch="false" />
            <line number="535" hits="1" branch="false" />
            <line number="536" hits="1" branch="false" />
            <line number="537" hits="1" branch="false" />
            <line number="538" hits="1" branch="false" />
            <line number="539" hits="1" branch="false" />
            <line number="540" hits="1" branch="false" />
            <line number="541" hits="1" branch="false" />
            <line number="542" hits="1" branch="false" />
            <line number="543" hits="1" branch="false" />
            <line number="545" hits="1" branch="false" />
            <line number="546" hits="1" branch="false" />
            <line number="547" hits="1" branch="false" />
            <line number="548" hits="1" branch="false" />
            <line number="552" hits="1" branch="false" />
            <line number="553" hits="1" branch="false" />
            <line number="554" hits="1" branch="false" />
            <line number="555" hits="1" branch="false" />
            <line number="556" hits="1" branch="false" />
            <line number="557" hits="1" branch="false" />
            <line number="558" hits="1" branch="false" />
            <line number="559" hits="1" branch="false" />
            <line number="560" hits="1" branch="false" />
            <line number="562" hits="1" branch="false" />
            <line number="563" hits="1" branch="false" />
            <line number="564" hits="1" branch="false" />
            <line number="565" hits="1" branch="false" />
            <line number="586" hits="1" branch="false" />
            <line number="587" hits="1" branch="false" />
            <line number="588" hits="1" branch="false" />
            <line number="589" hits="1" branch="false" />
            <line number="590" hits="1" branch="false" />
            <line number="591" hits="1" branch="false" />
            <line number="592" hits="1" branch="false" />
            <line number="593" hits="1" branch="false" />
            <line number="594" hits="1" branch="false" />
            <line number="596" hits="1" branch="false" />
            <line number="598" hits="1" branch="false" />
            <line number="599" hits="1" branch="false" />
            <line number="600" hits="1" branch="false" />
            <line number="602" hits="1" branch="false" />
            <line number="603" hits="1" branch="false" />
            <line number="604" hits="1" branch="false" />
            <line number="608" hits="1" branch="false" />
            <line number="609" hits="1" branch="false" />
            <line number="610" hits="1" branch="false" />
            <line number="611" hits="1" branch="false" />
            <line number="612" hits="1" branch="false" />
            <line number="613" hits="1" branch="false" />
            <line number="614" hits="1" branch="false" />
            <line number="615" hits="1" branch="false" />
            <line number="616" hits="1" branch="false" />
            <line number="618" hits="1" branch="false" />
            <line number="620" hits="1" branch="false" />
            <line number="621" hits="1" branch="false" />
            <line number="622" hits="1" branch="false" />
            <line number="624" hits="1" branch="false" />
            <line number="625" hits="1" branch="false" />
            <line number="626" hits="1" branch="false" />
            <line number="630" hits="1" branch="false" />
            <line number="631" hits="1" branch="false" />
            <line number="632" hits="1" branch="false" />
            <line number="633" hits="1" branch="false" />
            <line number="634" hits="1" branch="false" />
            <line number="635" hits="1" branch="false" />
            <line number="636" hits="1" branch="false" />
            <line number="637" hits="1" branch="false" />
            <line number="638" hits="1" branch="false" />
            <line number="640" hits="1" branch="false" />
            <line number="641" hits="1" branch="false" />
            <line number="642" hits="1" branch="false" />
            <line number="643" hits="1" branch="false" />
            <line number="645" hits="1" branch="true" condition-coverage="100% (2/2)" />
            <line number="646" hits="1" branch="false" />
            <line number="647" hits="1" branch="false" />
            <line number="648" hits="1" branch="false" />
            <line number="649" hits="1" branch="false" />
            <line number="650" hits="1" branch="false" />
            <line number="654" hits="1" branch="false" />
            <line number="655" hits="1" branch="false" />
            <line number="656" hits="1" branch="false" />
            <line number="657" hits="1" branch="false" />
            <line number="658" hits="1" branch="false" />
            <line number="659" hits="1" branch="false" />
            <line number="660" hits="1" branch="false" />
            <line number="661" hits="1" branch="false" />
            <line number="662" hits="1" branch="false" />
            <line number="664" hits="1" branch="false" />
            <line number="665" hits="1" branch="false" />
            <line number="666" hits="1" branch="false" />
            <line number="667" hits="1" branch="false" />
            <line number="671" hits="1" branch="false" />
            <line number="672" hits="1" branch="false" />
            <line number="673" hits="1" branch="false" />
            <line number="674" hits="1" branch="false" />
            <line number="675" hits="1" branch="false" />
            <line number="676" hits="1" branch="false" />
            <line number="677" hits="1" branch="false" />
            <line number="678" hits="1" branch="false" />
            <line number="679" hits="1" branch="false" />
            <line number="681" hits="1" branch="false" />
            <line number="682" hits="1" branch="false" />
            <line number="683" hits="1" branch="false" />
            <line number="687" hits="1" branch="false" />
            <line number="688" hits="1" branch="false" />
            <line number="689" hits="1" branch="false" />
            <line number="690" hits="1" branch="false" />
            <line number="691" hits="1" branch="false" />
            <line number="692" hits="1" branch="false" />
            <line number="693" hits="1" branch="false" />
            <line number="694" hits="1" branch="false" />
            <line number="695" hits="1" branch="false" />
            <line number="697" hits="1" branch="false" />
            <line number="698" hits="1" branch="false" />
            <line number="699" hits="1" branch="false" />
            <line number="703" hits="1" branch="false" />
            <line number="705" hits="2" branch="false" />
            <line number="706" hits="1" branch="false" />
            <line number="707" hits="1" branch="false" />
            <line number="708" hits="1" branch="false" />
            <line number="709" hits="1" branch="false" />
            <line number="710" hits="2" branch="false" />
            <line number="712" hits="1" branch="false" />
            <line number="715" hits="1" branch="false" />
            <line number="718" hits="1" branch="false" />
            <line number="719" hits="1" branch="false" />
            <line number="724" hits="1" branch="false" />
            <line number="728" hits="1" branch="false" />
            <line number="729" hits="1" branch="false" />
            <line number="730" hits="1" branch="false" />
            <line number="731" hits="1" branch="false" />
            <line number="732" hits="1" branch="false" />
            <line number="733" hits="1" branch="false" />
            <line number="734" hits="1" branch="false" />
            <line number="735" hits="1" branch="false" />
            <line number="736" hits="1" branch="false" />
            <line number="738" hits="1" branch="false" />
            <line number="739" hits="1" branch="false" />
            <line number="740" hits="1" branch="false" />
            <line number="744" hits="1" branch="false" />
            <line number="745" hits="1" branch="false" />
            <line number="746" hits="1" branch="false" />
            <line number="747" hits="1" branch="false" />
            <line number="748" hits="1" branch="false" />
            <line number="749" hits="1" branch="false" />
            <line number="750" hits="1" branch="false" />
            <line number="751" hits="1" branch="false" />
            <line number="752" hits="1" branch="false" />
            <line number="754" hits="1" branch="false" />
            <line number="755" hits="1" branch="false" />
            <line number="756" hits="1" branch="false" />
            <line number="757" hits="1" branch="false" />
            <line number="758" hits="1" branch="false" />
            <line number="759" hits="1" branch="false" />
            <line number="760" hits="1" branch="false" />
            <line number="761" hits="1" branch="false" />
            <line number="762" hits="1" branch="false" />
            <line number="763" hits="1" branch="true" condition-coverage="100% (2/2)" />
            <line number="766" hits="1" branch="false" />
            <line number="769" hits="1" branch="false" />
            <line number="772" hits="1" branch="false" />
            <line number="773" hits="1" branch="false" />
            <line number="774" hits="1" branch="false" />
            <line number="777" hits="1" branch="true" condition-coverage="100% (2/2)" />
            <line number="778" hits="1" branch="false" />
            <line number="782" hits="1" branch="false" />
            <line number="783" hits="1" branch="false" />
            <line number="784" hits="1" branch="false" />
            <line number="785" hits="1" branch="false" />
            <line number="786" hits="1" branch="false" />
            <line number="787" hits="1" branch="false" />
            <line number="788" hits="1" branch="false" />
            <line number="789" hits="1" branch="false" />
            <line number="790" hits="1" branch="false" />
            <line number="810" hits="1" branch="false" />
            <line number="811" hits="1" branch="false" />
            <line number="812" hits="1" branch="false" />
            <line number="815" hits="1" branch="false" />
            <line number="816" hits="1" branch="false" />
            <line number="820" hits="1" branch="false" />
            <line number="821" hits="1" branch="false" />
            <line number="822" hits="1" branch="false" />
            <line number="823" hits="1" branch="false" />
            <line number="824" hits="1" branch="false" />
            <line number="825" hits="1" branch="false" />
            <line number="826" hits="1" branch="false" />
            <line number="827" hits="1" branch="false" />
            <line number="828" hits="1" branch="false" />
            <line number="830" hits="1" branch="false" />
            <line number="831" hits="1" branch="false" />
            <line number="832" hits="1" branch="true" condition-coverage="100% (2/2)" />
            <line number="833" hits="1" branch="false" />
            <line number="835" hits="1" branch="false" />
            <line number="836" hits="1" branch="false" />
            <line number="837" hits="1" branch="true" condition-coverage="100% (2/2)" />
            <line number="838" hits="1" branch="false" />
            <line number="840" hits="1" branch="false" />
            <line number="841" hits="1" branch="false" />
            <line number="842" hits="1" branch="false" />
            <line number="843" hits="1" branch="false" />
            <line number="846" hits="1" branch="false" />
            <line number="847" hits="1" branch="false" />
            <line number="848" hits="1" branch="false" />
            <line number="849" hits="1" branch="false" />
            <line number="851" hits="1" branch="false" />
            <line number="852" hits="1" branch="false" />
            <line number="856" hits="1" branch="false" />
            <line number="857" hits="1" branch="false" />
            <line number="860" hits="2" branch="false" />
            <line number="861" hits="1" branch="false" />
            <line number="862" hits="1" branch="false" />
            <line number="863" hits="1" branch="false" />
            <line number="864" hits="1" branch="false" />
            <line number="865" hits="2" branch="false" />
            <line number="867" hits="1" branch="false" />
            <line number="868" hits="1" branch="false" />
            <line number="869" hits="1" branch="false" />
            <line number="870" hits="1" branch="false" />
            <line number="871" hits="1" branch="false" />
            <line number="872" hits="1" branch="false" />
            <line number="873" hits="1" branch="false" />
            <line number="875" hits="1" branch="false" />
            <line number="876" hits="1" branch="false" />
            <line number="879" hits="1" branch="false" />
            <line number="882" hits="1" branch="false" />
            <line number="883" hits="1" branch="false" />
            <line number="891" hits="1" branch="false" />
            <line number="895" hits="1" branch="false" />
            <line number="897" hits="2" branch="false" />
            <line number="898" hits="1" branch="false" />
            <line number="899" hits="1" branch="false" />
            <line number="900" hits="1" branch="false" />
            <line number="901" hits="1" branch="false" />
            <line number="902" hits="2" branch="false" />
            <line number="904" hits="1" branch="false" />
            <line number="907" hits="1" branch="false" />
            <line number="910" hits="1" branch="false" />
            <line number="911" hits="1" branch="false" />
            <line number="916" hits="1" branch="false" />
          </lines>
        </class>
        <class name="CloudUnitTesting.WeatherForecast" filename="C:\Users\ARNAV\Desktop\Software Engineering\Lab Project\Demos\Development\ServerlessStorageAPI\CloudUnitTesting\UnitTest1.cs" line-rate="1" branch-rate="1" complexity="3">
          <methods>
            <method name="get_Date" signature="()" line-rate="1" branch-rate="1" complexity="1">
              <lines>
                <line number="937" hits="2" branch="false" />
              </lines>
            </method>
            <method name="get_TemperatureCelsius" signature="()" line-rate="1" branch-rate="1" complexity="1">
              <lines>
                <line number="938" hits="2" branch="false" />
              </lines>
            </method>
            <method name="get_Summary" signature="()" line-rate="1" branch-rate="1" complexity="1">
              <lines>
                <line number="939" hits="2" branch="false" />
              </lines>
            </method>
          </methods>
          <lines>
            <line number="937" hits="2" branch="false" />
            <line number="938" hits="2" branch="false" />
            <line number="939" hits="2" branch="false" />
          </lines>
        </class>
      </classes>
    </package>
    <package name="SECloud" line-rate="1" branch-rate="0.952380952380952" complexity="54">
      <classes>
        <class name="SECloud.Models.BlobListResponse" filename="C:\Users\ARNAV\Desktop\Software Engineering\Lab Project\Demos\Development\SECloud\SECloud\Models\BlobListResponse.cs" line-rate="1" branch-rate="1" complexity="1">
          <methods>
            <method name="get_Blobs" signature="()" line-rate="1" branch-rate="1" complexity="1">
              <lines>
                <line number="25" hits="4" branch="false" />
              </lines>
            </method>
          </methods>
          <lines>
            <line number="25" hits="4" branch="false" />
          </lines>
        </class>
        <class name="SECloud.Models.JsonSearchMatch" filename="C:\Users\ARNAV\Desktop\Software Engineering\Lab Project\Demos\Development\SECloud\SECloud\Models\JsonSearchMatch.cs" line-rate="1" branch-rate="1" complexity="2">
          <methods>
            <method name="get_FileName" signature="()" line-rate="1" branch-rate="1" complexity="1">
              <lines>
                <line number="25" hits="1" branch="false" />
              </lines>
            </method>
            <method name="get_Content" signature="()" line-rate="1" branch-rate="1" complexity="1">
              <lines>
                <line number="30" hits="1" branch="false" />
              </lines>
            </method>
          </methods>
          <lines>
            <line number="25" hits="1" branch="false" />
            <line number="30" hits="1" branch="false" />
          </lines>
        </class>
        <class name="SECloud.Models.JsonSearchResponse" filename="C:\Users\ARNAV\Desktop\Software Engineering\Lab Project\Demos\Development\SECloud\SECloud\Models\JsonSearchResponse.cs" line-rate="1" branch-rate="1" complexity="4">
          <methods>
            <method name="get_SearchKey" signature="()" line-rate="1" branch-rate="1" complexity="1">
              <lines>
                <line number="23" hits="1" branch="false" />
              </lines>
            </method>
            <method name="get_SearchValue" signature="()" line-rate="1" branch-rate="1" complexity="1">
              <lines>
                <line number="28" hits="1" branch="false" />
              </lines>
            </method>
            <method name="get_MatchCount" signature="()" line-rate="1" branch-rate="1" complexity="1">
              <lines>
[...]
                <line number="343" hits="1" branch="false" />
                <line number="344" hits="1" branch="false" />
                <line number="345" hits="1" branch="false" />
                <line number="346" hits="1" branch="false" />
                <line number="347" hits="1" branch="false" />
                <line number="348" hits="1" branch="false" />
                <line number="349" hits="1" branch="false" />
                <line number="350" hits="1" branch="false" />
                <line number="351" hits="1" branch="false" />
                <line number="354" hits="1" branch="false" />
                <line number="355" hits="1" branch="false" />
                <line number="356" hits="1" branch="false" />
                <line number="358" hits="1" branch="false" />
                <line number="359" hits="1" branch="false" />
                <line number="360" hits="1" branch="false" />
                <line number="361" hits="1" branch="false" />
                <line number="362" hits="1" branch="false" />
                <line number="364" hits="2" branch="false" />
              </lines>
            </method>
            <method name="UploadAsync" signature="()" line-rate="1" branch-rate="0.875" complexity="16">
              <lines>
                <line number="83" hits="25" branch="false" />
                <line number="84" hits="25" branch="false" />
                <line number="87" hits="25" branch="false" />
                <line number="88" hits="25" branch="false" />
                <line number="89" hits="25" branch="false" />
                <line number="90" hits="25" branch="false" />
                <line number="91" hits="25" branch="false" />
                <line number="92" hits="25" branch="false" />
                <line number="93" hits="25" branch="false" />
                <line number="94" hits="25" branch="false" />
                <line number="95" hits="25" branch="false" />
                <line number="96" hits="25" branch="false" />
                <line number="99" hits="25" branch="true" condition-coverage="100% (2/2)" />
                <line number="100" hits="1" branch="false" />
                <line number="101" hits="1" branch="false" />
                <line number="102" hits="1" branch="false" />
                <line number="103" hits="1" branch="false" />
                <line number="104" hits="1" branch="false" />
                <line number="105" hits="1" branch="false" />
                <line number="106" hits="1" branch="false" />
                <line number="110" hits="24" branch="true" condition-coverage="100% (4/4)" />
                <line number="111" hits="3" branch="false" />
                <line number="112" hits="3" branch="false" />
                <line number="113" hits="3" branch="false" />
                <line number="114" hits="3" branch="false" />
                <line number="115" hits="3" branch="false" />
                <line number="116" hits="3" branch="false" />
                <line number="117" hits="3" branch="false" />
                <line number="121" hits="21" branch="true" condition-coverage="50% (1/2)" />
                <line number="122" hits="21" branch="true" condition-coverage="75% (3/4)" />
                <line number="123" hits="1" branch="false" />
                <line number="124" hits="1" branch="false" />
                <line number="125" hits="1" branch="false" />
                <line number="126" hits="1" branch="false" />
                <line number="127" hits="1" branch="false" />
                <line number="128" hits="1" branch="false" />
                <line number="129" hits="1" branch="false" />
                <line number="132" hits="20" branch="true" condition-coverage="100% (2/2)" />
                <line number="133" hits="6" branch="false" />
                <line number="134" hits="6" branch="false" />
                <line number="135" hits="6" branch="false" />
                <line number="136" hits="6" branch="false" />
                <line number="137" hits="6" branch="false" />
                <line number="138" hits="6" branch="false" />
                <line number="139" hits="6" branch="false" />
                <line number="142" hits="14" branch="false" />
                <line number="145" hits="14" branch="false" />
                <line number="148" hits="14" branch="false" />
                <line number="150" hits="14" branch="false" />
                <line number="151" hits="14" branch="false" />
                <line number="154" hits="14" branch="false" />
                <line number="157" hits="14" branch="false" />
                <line number="159" hits="14" branch="false" />
                <line number="162" hits="14" branch="false" />
                <line number="165" hits="13" branch="true" condition-coverage="100% (2/2)" />
                <line number="166" hits="12" branch="false" />
                <line number="167" hits="12" branch="false" />
                <line number="168" hits="12" branch="false" />
                <line number="169" hits="12" branch="false" />
                <line number="170" hits="12" branch="false" />
                <line number="171" hits="12" branch="false" />
                <line number="172" hits="12" branch="false" />
                <line number="173" hits="12" branch="false" />
                <line number="174" hits="12" branch="false" />
                <line number="178" hits="1" branch="false" />
                <line number="179" hits="1" branch="false" />
                <line number="180" hits="1" branch="false" />
                <line number="182" hits="1" branch="false" />
                <line number="183" hits="1" branch="false" />
                <line number="184" hits="1" branch="false" />
                <line number="185" hits="1" branch="false" />
                <line number="186" hits="1" branch="false" />
                <line number="188" hits="1" branch="false" />
                <line number="189" hits="1" branch="false" />
                <line number="191" hits="1" branch="false" />
                <line number="192" hits="1" branch="false" />
                <line number="193" hits="1" branch="false" />
                <line number="194" hits="1" branch="false" />
                <line number="195" hits="1" branch="false" />
                <line number="196" hits="1" branch="false" />
                <line number="198" hits="25" branch="false" />
              </lines>
            </method>
          </methods>
          <lines>
            <line number="47" hits="35" branch="false" />
            <line number="48" hits="35" branch="false" />
            <line number="49" hits="35" branch="false" />
            <line number="50" hits="35" branch="false" />
            <line number="51" hits="35" branch="false" />
            <line number="52" hits="35" branch="false" />
            <line number="53" hits="35" branch="false" />
            <line number="54" hits="35" branch="false" />
            <line number="55" hits="35" branch="false" />
            <line number="56" hits="35" branch="false" />
            <line number="57" hits="35" branch="false" />
            <line number="58" hits="35" branch="false" />
            <line number="60" hits="35" branch="false" />
            <line number="61" hits="35" branch="false" />
            <line number="69" hits="31" branch="false" />
            <line number="70" hits="31" branch="false" />
            <line number="71" hits="31" branch="false" />
            <line number="72" hits="31" branch="false" />
            <line number="73" hits="31" branch="false" />
            <line number="83" hits="25" branch="false" />
            <line number="84" hits="25" branch="false" />
            <line number="87" hits="25" branch="false" />
            <line number="88" hits="25" branch="false" />
            <line number="89" hits="25" branch="false" />
            <line number="90" hits="25" branch="false" />
            <line number="91" hits="25" branch="false" />
            <line number="92" hits="25" branch="false" />
            <line number="93" hits="25" branch="false" />
            <line number="94" hits="25" branch="false" />
            <line number="95" hits="25" branch="false" />
            <line number="96" hits="25" branch="false" />
            <line number="99" hits="25" branch="true" condition-coverage="100% (2/2)" />
            <line number="100" hits="1" branch="false" />
            <line number="101" hits="1" branch="false" />
            <line number="102" hits="1" branch="false" />
            <line number="103" hits="1" branch="false" />
            <line number="104" hits="1" branch="false" />
            <line number="105" hits="1" branch="false" />
            <line number="106" hits="1" branch="false" />
            <line number="110" hits="24" branch="true" condition-coverage="100% (4/4)" />
            <line number="111" hits="3" branch="false" />
            <line number="112" hits="3" branch="false" />
            <line number="113" hits="3" branch="false" />
            <line number="114" hits="3" branch="false" />
            <line number="115" hits="3" branch="false" />
            <line number="116" hits="3" branch="false" />
            <line number="117" hits="3" branch="false" />
            <line number="121" hits="21" branch="true" condition-coverage="50% (1/2)" />
            <line number="122" hits="21" branch="true" condition-coverage="75% (3/4)" />
            <line number="123" hits="1" branch="false" />
            <line number="124" hits="1" branch="false" />
            <line number="125" hits="1" branch="false" />
            <line number="126" hits="1" branch="false" />
            <line number="127" hits="1" branch="false" />
            <line number="128" hits="1" branch="false" />
            <line number="129" hits="1" branch="false" />
            <line number="132" hits="20" branch="true" condition-coverage="100% (2/2)" />
            <line number="133" hits="6" branch="false" />
            <line number="134" hits="6" branch="false" />
            <line number="135" hits="6" branch="false" />
            <line number="136" hits="6" branch="false" />
            <line number="137" hits="6" branch="false" />
            <line number="138" hits="6" branch="false" />
            <line number="139" hits="6" branch="false" />
            <line number="142" hits="14" branch="false" />
            <line number="145" hits="14" branch="false" />
            <line number="148" hits="14" branch="false" />
            <line number="150" hits="14" branch="false" />
            <line number="151" hits="14" branch="false" />
            <line number="154" hits="14" branch="false" />
            <line number="157" hits="14" branch="false" />
            <line number="159" hits="14" branch="false" />
            <line number="162" hits="14" branch="false" />
            <line number="165" hits="13" branch="true" condition-coverage="100% (2/2)" />
            <line number="166" hits="12" branch="false" />
            <line number="167" hits="12" branch="false" />
            <line number="168" hits="12" branch="false" />
            <line number="169" hits="12" branch="false" />
            <line number="170" hits="12" branch="false" />
            <line number="171" hits="12" branch="false" />
            <line number="172" hits="12" branch="false" />
            <line number="173" hits="12" branch="false" />
            <line number="174" hits="12" branch="false" />
            <line number="178" hits="1" branch="false" />
            <line number="179" hits="1" branch="false" />
            <line number="180" hits="1" branch="false" />
            <line number="182" hits="1" branch="false" />
            <line number="183" hits="1" branch="false" />
            <line number="184" hits="1" branch="false" />
            <line number="185" hits="1" branch="false" />
            <line number="186" hits="1" branch="false" />
            <line number="188" hits="1" branch="false" />
            <line number="189" hits="1" branch="false" />
            <line number="191" hits="1" branch="false" />
            <line number="192" hits="1" branch="false" />
            <line number="193" hits="1" branch="false" />
            <line number="194" hits="1" branch="false" />
            <line number="195" hits="1" branch="false" />
            <line number="196" hits="1" branch="false" />
            <line number="198" hits="25" branch="false" />
            <line number="207" hits="3" branch="false" />
            <line number="208" hits="3" branch="false" />
            <line number="212" hits="3" branch="false" />
            <line number="213" hits="3" branch="false" />
            <line number="215" hits="3" branch="true" condition-coverage="100% (2/2)" />
            <line number="216" hits="1" branch="false" />
            <line number="217" hits="1" branch="false" />
            <line number="218" hits="1" branch="false" />
            <line number="219" hits="1" branch="false" />
            <line number="222" hits="2" branch="false" />
            <line number="223" hits="2" branch="false" />
            <line number="224" hits="2" branch="false" />
            <line number="226" hits="3" branch="false" />
            <line number="234" hits="2" branch="false" />
            <line number="235" hits="2" branch="false" />
            <line number="239" hits="2" branch="false" />
            <line number="240" hits="2" branch="false" />
            <line number="242" hits="2" branch="true" condition-coverage="100% (2/2)" />
            <line number="243" hits="1" branch="false" />
            <line number="244" hits="1" branch="false" />
            <line number="245" hits="1" branch="false" />
            <line number="247" hits="1" branch="false" />
            <line number="248" hits="1" branch="false" />
            <line number="249" hits="1" branch="false" />
            <line number="250" hits="1" branch="false" />
            <line number="252" hits="2" branch="true" condition-coverage="100% (2/2)" />
            <line number="253" hits="2" branch="false" />
            <line number="254" hits="2" branch="false" />
            <line number="255" hits="2" branch="false" />
            <line number="256" hits="2" branch="false" />
            <line number="257" hits="2" branch="false" />
            <line number="259" hits="2" branch="false" />
            <line number="266" hits="4" branch="false" />
            <line number="267" hits="4" branch="false" />
            <line number="272" hits="4" branch="false" />
            <line number="273" hits="4" branch="false" />
            <line number="275" hits="4" branch="true" condition-coverage="100% (2/2)" />
            <line number="276" hits="3" branch="false" />
            <line number="278" hits="3" branch="false" />
            <line number="279" hits="3" branch="true" condition-coverage="100% (2/2)" />
            <line number="281" hits="3" branch="true" condition-coverage="100% (2/2)" />
            <line number="282" hits="3" branch="false" />
            <line number="285" hits="1" branch="false" />
            <line number="286" hits="1" branch="false" />
            <line number="287" hits="1" branch="false" />
            <line number="289" hits="4" branch="false" />
            <line number="297" hits="3" branch="false" />
            <line number="298" hits="3" branch="false" />
            <line number="302" hits="3" branch="false" />
            <line number="303" hits="3" branch="false" />
            <line number="305" hits="3" branch="true" condition-coverage="100% (2/2)" />
            <line number="306" hits="1" branch="false" />
            <line number="307" hits="1" branch="false" />
            <line number="308" hits="1" branch="false" />
            <line number="309" hits="1" branch="false" />
            <line number="312" hits="2" branch="false" />
            <line number="313" hits="2" branch="false" />
            <line number="314" hits="2" branch="false" />
            <line number="316" hits="3" branch="false" />
            <line number="326" hits="2" branch="false" />
            <line number="327" hits="2" branch="false" />
            <line number="331" hits="2" branch="false" />
            <line number="334" hits="2" branch="false" />
            <line number="337" hits="2" branch="false" />
            <line number="340" hits="2" branch="false" />
            <line number="342" hits="2" branch="true" condition-coverage="100% (2/2)" />
            <line number="343" hits="1" branch="false" />
            <line number="344" hits="1" branch="false" />
            <line number="345" hits="1" branch="false" />
            <line number="346" hits="1" branch="false" />
            <line number="347" hits="1" branch="false" />
            <line number="348" hits="1" branch="false" />
            <line number="349" hits="1" branch="false" />
            <line number="350" hits="1" branch="false" />
            <line number="351" hits="1" branch="false" />
            <line number="354" hits="1" branch="false" />
            <line number="355" hits="1" branch="false" />
            <line number="356" hits="1" branch="false" />
            <line number="358" hits="1" branch="false" />
            <line number="359" hits="1" branch="false" />
            <line number="360" hits="1" branch="false" />
            <line number="361" hits="1" branch="false" />
            <line number="362" hits="1" branch="false" />
            <line number="364" hits="2" branch="false" />
            <line number="373" hits="5" branch="false" />
            <line number="374" hits="5" branch="false" />
            <line number="378" hits="5" branch="true" condition-coverage="100% (4/4)" />
            <line number="379" hits="2" branch="false" />
            <line number="380" hits="2" branch="false" />
            <line number="381" hits="2" branch="false" />
            <line number="382" hits="2" branch="false" />
            <line number="383" hits="2" branch="false" />
            <line number="384" hits="2" branch="false" />
            <line number="387" hits="3" branch="false" />
            <line number="388" hits="3" branch="false" />
            <line number="390" hits="3" branch="true" condition-coverage="100% (2/2)" />
            <line number="391" hits="2" branch="false" />
            <line number="392" hits="2" branch="false" />
            <line number="393" hits="2" branch="true" condition-coverage="100% (2/2)" />
            <line number="395" hits="2" branch="true" condition-coverage="100% (2/2)" />
            <line number="396" hits="2" branch="false" />
            <line number="397" hits="2" branch="false" />
            <line number="398" hits="2" branch="false" />
            <line number="399" hits="2" branch="false" />
            <line number="400" hits="2" branch="false" />
            <line number="403" hits="1" branch="false" />
            <line number="404" hits="1" branch="false" />
            <line number="406" hits="1" branch="false" />
            <line number="407" hits="1" branch="false" />
            <line number="408" hits="1" branch="false" />
            <line number="409" hits="1" branch="false" />
            <line number="410" hits="1" branch="false" />
            <line number="412" hits="5" branch="false" />
          </lines>
        </class>
      </classes>
    </package>
  </packages>
</coverage>