<?xml version="1.0" encoding="utf-8"?>
<!DOCTYPE coverage SYSTEM "http://cobertura.sourceforge.net/xml/coverage-04.dtd">
<coverage line-rate="0.998774509803922" branch-rate="0.942857142857143" lines-covered="815" lines-valid="816" branches-covered="66" branches-valid="70" complexity="127" version="0" timestamp="1732031513">
  <sources>
    <source>C:\Users\ARNAV\</source>
  </sources>
  <packages>
    <package name="CloudUnitTesting" line-rate="0.998287671232877" branch-rate="0.9375" complexity="62">
      <classes>
        <class name="AutoGeneratedProgram" filename="C:\Users\ARNAV\.nuget\packages\microsoft.net.test.sdk\17.11.1\build\netcoreapp3.1\Microsoft.NET.Test.Sdk.Program.cs" line-rate="0" branch-rate="1" complexity="1">
          <methods>
            <method name="Main" signature="(...)" line-rate="0" branch-rate="1" complexity="1">
              <lines>
                <line number="4" hits="0" branch="false" />
              </lines>
            </method>
          </methods>
          <lines>
            <line number="4" hits="0" branch="false" />
          </lines>
        </class>
        <class name="CloudUnitTesting.HttpMessageHandlerMock" filename="C:\Users\ARNAV\Desktop\Software Engineering\Lab Project\Demos\Finale\Cloud Module\ServerlessStorageAPI\CloudUnitTesting\UnitTest1.cs" line-rate="1" branch-rate="1" complexity="2">
          <methods>
            <method name="SendAsync" signature="(...)" line-rate="1" branch-rate="1" complexity="1">
              <lines>
                <line number="1004" hits="5" branch="false" />
                <line number="1005" hits="5" branch="false" />
                <line number="1006" hits="4" branch="false" />
              </lines>
            </method>
            <method name=".ctor" signature="(...)" line-rate="1" branch-rate="1" complexity="1">
              <lines>
                <line number="998" hits="5" branch="false" />
                <line number="999" hits="5" branch="false" />
                <line number="1000" hits="5" branch="false" />
                <line number="1001" hits="5" branch="false" />
              </lines>
            </method>
          </methods>
          <lines>
            <line number="998" hits="5" branch="false" />
            <line number="999" hits="5" branch="false" />
            <line number="1000" hits="5" branch="false" />
            <line number="1001" hits="5" branch="false" />
            <line number="1004" hits="5" branch="false" />
            <line number="1005" hits="5" branch="false" />
            <line number="1006" hits="4" branch="false" />
          </lines>
        </class>
        <class name="CloudUnitTesting.Tests" filename="C:\Users\ARNAV\Desktop\Software Engineering\Lab Project\Demos\Finale\Cloud Module\ServerlessStorageAPI\CloudUnitTesting\UnitTest1.cs" line-rate="1" branch-rate="0.9375" complexity="56">
          <methods>
            <method name="Setup" signature="()" line-rate="1" branch-rate="1" complexity="1">
              <lines>
                <line number="55" hits="42" branch="false" />
                <line number="56" hits="42" branch="false" />
                <line number="57" hits="42" branch="false" />
                <line number="58" hits="42" branch="false" />
                <line number="59" hits="42" branch="false" />
                <line number="60" hits="42" branch="false" />
                <line number="61" hits="42" branch="false" />
                <line number="62" hits="42" branch="false" />
                <line number="63" hits="42" branch="false" />
                <line number="64" hits="42" branch="false" />
                <line number="65" hits="42" branch="false" />
              </lines>
            </method>
            <method name="Teardown" signature="()" line-rate="1" branch-rate="0.5" complexity="2">
              <lines>
                <line number="72" hits="42" branch="false" />
                <line number="73" hits="42" branch="true" condition-coverage="50% (1/2)" />
                <line number="74" hits="42" branch="false" />
              </lines>
            </method>
            <method name=".ctor" signature="()" line-rate="1" branch-rate="1" complexity="1">
              <lines>
                <line number="46" hits="1" branch="false" />
                <line number="47" hits="1" branch="false" />
              </lines>
            </method>
            <method name="ConcurrentFileUploadTest" signature="()" line-rate="1" branch-rate="1" complexity="4">
              <lines>
                <line number="484" hits="1" branch="false" />
                <line number="485" hits="1" branch="false" />
                <line number="486" hits="1" branch="false" />
                <line number="487" hits="1" branch="false" />
                <line number="488" hits="1" branch="false" />
                <line number="489" hits="1" branch="false" />
                <line number="490" hits="1" branch="false" />
                <line number="491" hits="1" branch="false" />
                <line number="492" hits="1" branch="false" />
                <line number="493" hits="1" branch="false" />
                <line number="495" hits="1" branch="false" />
                <line number="496" hits="12" branch="true" condition-coverage="100% (2/2)" />
                <line number="497" hits="5" branch="false" />
                <line number="498" hits="5" branch="false" />
                <line number="499" hits="5" branch="false" />
                <line number="500" hits="5" branch="false" />
                <line number="502" hits="5" branch="false" />
                <line number="503" hits="5" branch="false" />
                <line number="504" hits="1" branch="false" />
                <line number="506" hits="13" branch="true" condition-coverage="100% (2/2)" />
                <line number="507" hits="5" branch="false" />
                <line number="508" hits="5" branch="false" />
                <line number="509" hits="5" branch="false" />
                <line number="510" hits="5" branch="false" />
                <line number="512" hits="1" branch="false" />
              </lines>
            </method>
            <method name="EmptyContainerListBlobsTest" signature="()" line-rate="1" branch-rate="1" complexity="1">
              <lines>
                <line number="808" hits="1" branch="false" />
                <line number="809" hits="1" branch="false" />
                <line number="810" hits="1" branch="false" />
                <line number="811" hits="1" branch="false" />
                <line number="812" hits="1" branch="false" />
                <line number="813" hits="1" branch="false" />
                <line number="814" hits="1" branch="false" />
                <line number="815" hits="1" branch="false" />
                <line number="816" hits="1" branch="false" />
                <line number="818" hits="1" branch="false" />
                <line number="819" hits="1" branch="false" />
                <line number="820" hits="1" branch="false" />
              </lines>
            </method>
            <method name="EmptyFileNameUploadTest" signature="()" line-rate="1" branch-rate="1" complexity="1">
              <lines>
                <line number="438" hits="1" branch="false" />
                <line number="439" hits="1" branch="false" />
                <line number="440" hits="1" branch="false" />
                <line number="441" hits="1" branch="false" />
                <line number="442" hits="1" branch="false" />
                <line number="443" hits="1" branch="false" />
                <line number="444" hits="1" branch="false" />
                <line number="445" hits="1" branch="false" />
                <line number="446" hits="1" branch="false" />
                <line number="448" hits="1" branch="false" />
                <line number="449" hits="1" branch="false" />
                <line number="450" hits="1" branch="false" />
                <line number="451" hits="1" branch="false" />
                <line number="453" hits="1" branch="false" />
                <line number="454" hits="1" branch="false" />
              </lines>
            </method>
            <method name="EmptyFileUploadTest" signature="()" line-rate="1" branch-rate="1" complexity="1">
              <lines>
                <line number="415" hits="1" branch="false" />
                <line number="416" hits="1" branch="false" />
                <line number="417" hits="1" branch="false" />
                <line number="418" hits="1" branch="false" />
                <line number="419" hits="1" branch="false" />
                <line number="420" hits="1" branch="false" />
                <line number="421" hits="1" branch="false" />
                <line number="422" hits="1" branch="false" />
                <line number="423" hits="1" branch="false" />
                <line number="425" hits="1" branch="false" />
                <line number="426" hits="1" branch="false" />
                <line number="427" hits="1" branch="false" />
                <line number="428" hits="1" branch="false" />
                <line number="430" hits="1" branch="false" />
                <line number="431" hits="1" branch="false" />
              </lines>
            </method>
            <method name="EmptySearchKeyJsonSearchTest" signature="()" line-rate="1" branch-rate="1" complexity="1">
              <lines>
                <line number="868" hits="1" branch="false" />
                <line number="869" hits="1" branch="false" />
                <line number="870" hits="1" branch="false" />
                <line number="871" hits="1" branch="false" />
                <line number="872" hits="1" branch="false" />
                <line number="873" hits="1" branch="false" />
                <line number="874" hits="1" branch="false" />
                <line number="875" hits="1" branch="false" />
                <line number="876" hits="1" branch="false" />
                <line number="879" hits="1" branch="false" />
                <line number="880" hits="1" branch="false" />
                <line number="881" hits="1" branch="false" />
                <line number="884" hits="1" branch="false" />
                <line number="885" hits="1" branch="false" />
              </lines>
            </method>
            <method name="ExceptionEmptyBaseUrl" signature="()" line-rate="1" branch-rate="1" complexity="1">
              <lines>
                <line number="120" hits="1" branch="false" />
                <line number="122" hits="2" branch="false" />
                <line number="123" hits="1" branch="false" />
              </lines>
            </method>
            <method name="ExceptionEmptyContainerName" signature="()" line-rate="1" branch-rate="1" complexity="1">
              <lines>
                <line number="106" hits="1" branch="false" />
                <line number="108" hits="2" branch="false" />
                <line number="109" hits="1" branch="false" />
              </lines>
            </method>
            <method name="ExceptionNullBaseUrl" signature="()" line-rate="1" branch-rate="1" complexity="1">
              <lines>
                <line number="99" hits="1" branch="false" />
                <line number="101" hits="2" branch="false" />
                <line number="102" hits="1" branch="false" />
              </lines>
            </method>
            <method name="ExceptionNullContainerName" signature="()" line-rate="1" branch-rate="1" complexity="1">
              <lines>
                <line number="113" hits="1" branch="false" />
                <line number="115" hits="2" branch="false" />
                <line number="116" hits="1" branch="false" />
              </lines>
            </method>
            <method name="ExceptionNullHttpClient" signature="()" line-rate="1" branch-rate="1" complexity="1">
              <lines>
                <line number="134" hits="1" branch="false" />
                <line number="136" hits="2" branch="false" />
                <line number="137" hits="1" branch="false" />
              </lines>
            </method>
            <method name="ExceptionNullLogger" signature="()" line-rate="1" branch-rate="1" complexity="1">
              <lines>
                <line number="141" hits="1" branch="false" />
                <line number="143" hits="2" branch="false" />
                <line number="144" hits="1" branch="false" />
              </lines>
            </method>
            <method name="ExceptionNullSasToken" signature="()" line-rate="1" branch-rate="1" complexity="1">
              <lines>
                <line number="127" hits="1" branch="false" />
                <line number="129" hits="2" branch="false" />
                <line number="130" hits="1" branch="false" />
              </lines>
            </method>
            <method name="ImageFileUploadTest" signature="()" line-rate="1" branch-rate="1" complexity="1">
              <lines>
                <line number="389" hits="1" branch="false" />
                <line number="390" hits="1" branch="false" />
                <line number="391" hits="1" branch="false" />
                <line number="392" hits="1" branch="false" />
                <line number="393" hits="1" branch="false" />
                <line number="394" hits="1" branch="false" />
                <line number="395" hits="1" branch="false" />
                <line number="396" hits="1" branch="false" />
                <line number="397" hits="1" branch="false" />
                <line number="400" hits="1" branch="false" />
                <line number="401" hits="1" branch="false" />
                <line number="402" hits="1" branch="false" />
                <line number="403" hits="1" branch="false" />
                <line number="406" hits="1" branch="false" />
                <line number="407" hits="1" branch="false" />
                <line number="408" hits="1" branch="false" />
              </lines>
            </method>
            <method name="InvalidContainerListBlobsTest" signature="()" line-rate="1" branch-rate="1" complexity="1">
              <lines>
                <line number="763" hits="1" branch="false" />
                <line number="764" hits="1" branch="false" />
                <line number="765" hits="1" branch="false" />
                <line number="766" hits="1" branch="false" />
                <line number="767" hits="1" branch="false" />
                <line number="768" hits="1" branch="false" />
                <line number="769" hits="1" branch="false" />
                <line number="770" hits="1" branch="false" />
                <line number="771" hits="1" branch="false" />
                <line number="773" hits="1" branch="false" />
                <line number="774" hits="1" branch="false" />
                <line number="775" hits="1" branch="false" />
              </lines>
            </method>
            <method name="InvalidContainerNameJsonSearchTest" signature="()" line-rate="1" branch-rate="1" complexity="4">
              <lines>
                <line number="892" hits="1" branch="false" />
                <line number="893" hits="1" branch="false" />
                <line number="894" hits="1" branch="false" />
                <line number="895" hits="1" branch="false" />
                <line number="896" hits="1" branch="false" />
                <line number="897" hits="1" branch="false" />
                <line number="898" hits="1" branch="false" />
                <line number="899" hits="1" branch="false" />
                <line number="900" hits="1" branch="false" />
                <line number="902" hits="1" branch="false" />
                <line number="903" hits="1" branch="false" />
                <line number="904" hits="1" branch="true" condition-coverage="100% (2/2)" />
                <line number="905" hits="1" branch="false" />
                <line number="907" hits="1" branch="false" />
                <line number="908" hits="1" branch="false" />
                <line number="909" hits="1" branch="true" condition-coverage="100% (2/2)" />
                <line number="910" hits="1" branch="false" />
                <line number="912" hits="1" branch="false" />
                <line number="913" hits="1" branch="false" />
                <line number="914" hits="1" branch="false" />
                <line number="915" hits="1" branch="false" />
                <line number="918" hits="1" branch="false" />
                <line number="919" hits="1" branch="false" />
                <line number="920" hits="1" branch="false" />
                <line number="921" hits="1" branch="false" />
                <line number="923" hits="1" branch="false" />
                <line number="924" hits="1" branch="false" />
              </lines>
            </method>
            <method name="InvalidContainerNameUpdateTest" signature="()" line-rate="1" branch-rate="1" complexity="1">
              <lines>
                <line number="672" hits="1" branch="false" />
                <line number="673" hits="1" branch="false" />
                <line number="674" hits="1" branch="false" />
                <line number="675" hits="1" branch="false" />
                <line number="676" hits="1" branch="false" />
                <line number="677" hits="1" branch="false" />
                <line number="678" hits="1" branch="false" />
                <line number="679" hits="1" branch="false" />
                <line number="680" hits="1" branch="false" />
                <line number="682" hits="1" branch="false" />
                <line number="684" hits="1" branch="false" />
                <line number="685" hits="1" branch="false" />
                <line number="686" hits="1" branch="false" />
                <line number="688" hits="1" branch="false" />
                <line number="689" hits="1" branch="false" />
                <line number="690" hits="1" branch="false" />
              </lines>
            </method>
            <method name="InvalidContentTypeFileUploadTest" signature="()" line-rate="1" branch-rate="1" complexity="1">
              <lines>
                <line number="256" hits="1" branch="false" />
                <line number="257" hits="1" branch="false" />
                <line number="258" hits="1" branch="false" />
                <line number="259" hits="1" branch="false" />
                <line number="260" hits="1" branch="false" />
                <line number="261" hits="1" branch="false" />
                <line number="262" hits="1" branch="false" />
                <line number="263" hits="1" branch="false" />
                <line number="264" hits="1" branch="false" />
                <line number="266" hits="1" branch="false" />
                <line number="267" hits="1" branch="false" />
                <line number="268" hits="1" branch="false" />
                <line number="269" hits="1" branch="false" />
                <line number="270" hits="1" branch="false" />
                <line number="271" hits="1" branch="false" />
              </lines>
            </method>
            <method name="InvalidFileNameDeleteTest" signature="()" line-rate="1" branch-rate="1" complexity="1">
              <lines>
                <line number="724" hits="1" branch="false" />
                <line number="725" hits="1" branch="false" />
                <line number="726" hits="1" branch="false" />
                <line number="727" hits="1" branch="false" />
                <line number="728" hits="1" branch="false" />
                <line number="729" hits="1" branch="false" />
                <line number="730" hits="1" branch="false" />
                <line number="731" hits="1" branch="false" />
                <line number="732" hits="1" branch="false" />
                <line number="734" hits="1" branch="false" />
                <line number="735" hits="1" branch="false" />
                <line number="736" hits="1" branch="false" />
                <line number="737" hits="1" branch="false" />
              </lines>
            </method>
            <method name="InvalidFileNameDownloadTest" signature="()" line-rate="1" branch-rate="1" complexity="1">
              <lines>
                <line number="519" hits="1" branch="false" />
                <line number="520" hits="1" branch="false" />
                <line number="521" hits="1" branch="false" />
                <line number="522" hits="1" branch="false" />
                <line number="523" hits="1" branch="false" />
                <line number="524" hits="1" branch="false" />
                <line number="525" hits="1" branch="false" />
                <line number="526" hits="1" branch="false" />
                <line number="527" hits="1" branch="false" />
                <line number="529" hits="1" branch="false" />
                <line number="530" hits="1" branch="false" />
                <line number="532" hits="1" branch="false" />
                <line number="533" hits="1" branch="false" />
              </lines>
            </method>
            <method name="InvalidFileSectionFileUploadTest" signature="()" line-rate="1" branch-rate="1" complexity="1">
              <lines>
                <line number="278" hits="1" branch="false" />
                <line number="279" hits="1" branch="false" />
                <line number="282" hits="1" branch="false" />
                <line number="285" hits="1" branch="false" />
                <line number="288" hits="1" branch="false" />
                <line number="289" hits="1" branch="false" />
                <line number="290" hits="1" branch="false" />
                <line number="291" hits="1" branch="false" />
              </lines>
            </method>
            <method name="LargeFileUploadTest" signature="()" line-rate="1" branch-rate="1" complexity="1">
              <lines>
                <line number="363" hits="1" branch="false" />
                <line number="364" hits="1" branch="false" />
                <line number="365" hits="1" branch="false" />
                <line number="366" hits="1" branch="false" />
                <line number="367" hits="1" branch="false" />
                <line number="368" hits="1" branch="false" />
                <line number="369" hits="1" branch="false" />
                <line number="370" hits="1" branch="false" />
                <line number="371" hits="1" branch="false" />
                <line number="373" hits="1" branch="false" />
                <line number="374" hits="1" branch="false" />
                <line number="375" hits="1" branch="false" />
                <line number="377" hits="1" branch="false" />
                <line number="378" hits="1" branch="false" />
                <line number="379" hits="1" branch="false" />
                <line number="381" hits="1" branch="false" />
                <line number="382" hits="1" branch="false" />
              </lines>
            </method>
            <method name="ListBlobsAsyncBlobListResponseIsNullReturnsEmptyList" signature="()" line-rate="1" branch-rate="1" complexity="1">
              <lines>
                <line number="782" hits="1" branch="false" />
                <line number="784" hits="2" branch="false" />
                <line number="785" hits="1" branch="false" />
                <line number="786" hits="1" branch="false" />
                <line number="787" hits="1" branch="false" />
                <line number="788" hits="1" branch="false" />
                <line number="789" hits="2" branch="false" />
                <line number="791" hits="1" branch="false" />
                <line number="794" hits="1" branch="false" />
                <line number="796" hits="2" branch="false" />
                <line number="797" hits="1" branch="false" />
                <line number="798" hits="1" branch="false" />
                <line number="799" hits="1" branch="false" />
                <line number="800" hits="2" branch="false" />
                <line number="801" hits="1" branch="false" />
              </lines>
            </method>
            <method name="ListBlobsTest" signature="()" line-rate="1" branch-rate="1" complexity="1">
              <lines>
                <line number="744" hits="1" branch="false" />
                <line number="745" hits="1" branch="false" />
                <line number="746" hits="1" branch="false" />
                <line number="747" hits="1" branch="false" />
                <line number="748" hits="1" branch="false" />
                <line number="749" hits="1" branch="false" />
                <line number="750" hits="1" branch="false" />
                <line number="751" hits="1" branch="false" />
                <line number="752" hits="1" branch="false" />
                <line number="754" hits="1" branch="false" />
                <line number="755" hits="1" branch="false" />
                <line number="756" hits="1" branch="false" />
              </lines>
            </method>
            <method name="NonExistentConfigFileRetrievalTest" signature="()" line-rate="1" branch-rate="1" complexity="1">
              <lines>
                <line number="604" hits="1" branch="false" />
                <line number="605" hits="1" branch="false" />
                <line number="606" hits="1" branch="false" />
                <line number="607" hits="1" branch="false" />
                <line number="608" hits="1" branch="false" />
                <line number="609" hits="1" branch="false" />
                <line number="610" hits="1" branch="false" />
                <line number="611" hits="1" branch="false" />
                <line number="612" hits="1" branch="false" />
                <line number="614" hits="1" branch="false" />
                <line number="615" hits="1" branch="false" />
                <line number="616" hits="1" branch="false" />
                <line number="617" hits="1" branch="false" />
              </lines>
            </method>
            <method name="NonExistentFileDownloadTest" signature="()" line-rate="1" branch-rate="1" complexity="1">
              <lines>
                <line number="540" hits="1" branch="false" />
                <line number="541" hits="1" branch="false" />
                <line number="542" hits="1" branch="false" />
                <line number="543" hits="1" branch="false" />
                <line number="544" hits="1" branch="false" />
                <line number="545" hits="1" branch="false" />
                <line number="546" hits="1" branch="false" />
                <line number="547" hits="1" branch="false" />
                <line number="548" hits="1" branch="false" />
                <line number="550" hits="1" branch="false" />
                <line number="551" hits="1" branch="false" />
                <line number="552" hits="1" branch="false" />
                <line number="553" hits="1" branch="false" />
              </lines>
            </method>
            <method name="NonExistentSettingConfigFileRetrievalTest" signature="()" line-rate="1" branch-rate="1" complexity="1">
              <lines>
                <line number="624" hits="1" branch="false" />
                <line number="625" hits="1" branch="false" />
                <line number="626" hits="1" branch="false" />
                <line number="627" hits="1" branch="false" />
                <line number="628" hits="1" branch="false" />
                <line number="629" hits="1" branch="false" />
                <line number="630" hits="1" branch="false" />
                <line number="631" hits="1" branch="false" />
                <line number="632" hits="1" branch="false" />
                <line number="634" hits="1" branch="false" />
                <line number="635" hits="1" branch="false" />
                <line number="636" hits="1" branch="false" />
                <line number="637" hits="1" branch="false" />
              </lines>
            </method>
            <method name="SearchJsonFilesAsyncFailsWithErrorMessage" signature="()" line-rate="1" branch-rate="1" complexity="1">
              <lines>
                <line number="931" hits="1" branch="false" />
                <line number="932" hits="1" branch="false" />
                <line number="935" hits="2" branch="false" />
                <line number="936" hits="1" branch="false" />
                <line number="937" hits="1" branch="false" />
                <line number="938" hits="1" branch="false" />
                <line number="939" hits="1" branch="false" />
                <line number="940" hits="2" branch="false" />
                <line number="942" hits="1" branch="false" />
                <line number="943" hits="1" branch="false" />
                <line number="944" hits="1" branch="false" />
                <line number="945" hits="1" branch="false" />
                <line number="946" hits="1" branch="false" />
                <line number="947" hits="1" branch="false" />
                <line number="948" hits="1" branch="false" />
                <line number="950" hits="1" branch="false" />
                <line number="951" hits="1" branch="false" />
                <line number="954" hits="1" branch="false" />
                <line number="956" hits="2" branch="false" />
                <line number="957" hits="1" branch="false" />
                <line number="958" hits="1" branch="false" />
                <line number="959" hits="1" branch="false" />
                <line number="960" hits="2" branch="false" />
                <line number="961" hits="1" branch="false" />
              </lines>
            </method>
            <method name="SearchJsonFilesAsyncSearchResponseIsNullReturnsSuccessWithZeroMatches" signature="()" line-rate="1" branch-rate="1" complexity="1">
              <lines>
                <line number="968" hits="1" branch="false" />
                <line number="970" hits="2" branch="false" />
                <line number="971" hits="1" branch="false" />
                <line number="972" hits="1" branch="false" />
                <line number="973" hits="1" branch="false" />
                <line number="974" hits="1" branch="false" />
                <line number="975" hits="2" branch="false" />
                <line number="977" hits="1" branch="false" />
                <line number="980" hits="1" branch="false" />
                <line number="982" hits="2" branch="false" />
                <line number="983" hits="1" branch="false" />
                <line number="984" hits="1" branch="false" />
                <line number="985" hits="1" branch="false" />
                <line number="986" hits="2" branch="false" />
                <line number="987" hits="1" branch="false" />
              </lines>
            </method>
            <method name="SuccessfulConfigFileRetrievalTest" signature="()" line-rate="1" branch-rate="1" complexity="1">
              <lines>
                <line number="584" hits="1" branch="false" />
                <line number="585" hits="1" branch="false" />
                <line number="586" hits="1" branch="false" />
                <line number="587" hits="1" branch="false" />
                <line number="588" hits="1" branch="false" />
                <line number="589" hits="1" branch="false" />
                <line number="590" hits="1" branch="false" />
                <line number="591" hits="1" branch="false" />
                <line number="592" hits="1" branch="false" />
                <line number="594" hits="1" branch="false" />
                <line number="595" hits="1" branch="false" />
                <line number="596" hits="1" branch="false" />
                <line number="597" hits="1" branch="false" />
              </lines>
            </method>
            <method name="SuccessfulFileDeleteTest" signature="()" line-rate="1" branch-rate="1" complexity="2">
              <lines>
                <line number="697" hits="1" branch="false" />
                <line number="698" hits="1" branch="false" />
                <line number="699" hits="1" branch="false" />
                <line number="700" hits="1" branch="false" />
                <line number="701" hits="1" branch="false" />
                <line number="702" hits="1" branch="false" />
                <line number="703" hits="1" branch="false" />
                <line number="704" hits="1" branch="false" />
                <line number="705" hits="1" branch="false" />
                <line number="707" hits="1" branch="false" />
                <line number="708" hits="1" branch="false" />
                <line number="709" hits="1" branch="false" />
                <line number="710" hits="1" branch="false" />
                <line number="712" hits="1" branch="true" condition-coverage="100% (2/2)" />
                <line number="713" hits="1" branch="false" />
                <line number="714" hits="1" branch="false" />
                <line number="715" hits="1" branch="false" />
                <line number="716" hits="1" branch="false" />
                <line number="717" hits="1" branch="false" />
              </lines>
            </method>
            <method name="SuccessfulFileDownloadTest" signature="()" line-rate="1" branch-rate="1" complexity="1">
              <lines>
                <line number="560" hits="1" branch="false" />
                <line number="561" hits="1" branch="false" />
                <line number="562" hits="1" branch="false" />
                <line number="563" hits="1" branch="false" />
                <line number="564" hits="1" branch="false" />
                <line number="565" hits="1" branch="false" />
                <line number="566" hits="1" branch="false" />
                <line number="567" hits="1" branch="false" />
                <line number="568" hits="1" branch="false" />
                <line number="570" hits="1" branch="false" />
                <line number="571" hits="1" branch="false" />
                <line number="572" hits="1" branch="false" />
                <line number="573" hits="1" branch="false" />
                <line number="575" hits="1" branch="false" />
                <line number="576" hits="1" branch="false" />
                <line number="577" hits="1" branch="false" />
              </lines>
            </method>
            <method name="SuccessfulFileUpdateTest" signature="()" line-rate="1" branch-rate="1" complexity="1">
              <lines>
                <line number="644" hits="1" branch="false" />
                <line number="645" hits="1" branch="false" />
                <line number="646" hits="1" branch="false" />
                <line number="647" hits="1" branch="false" />
                <line number="648" hits="1" branch="false" />
                <line number="649" hits="1" branch="false" />
                <line number="650" hits="1" branch="false" />
                <line number="651" hits="1" branch="false" />
                <line number="652" hits="1" branch="false" />
                <line number="654" hits="1" branch="false" />
                <line number="656" hits="1" branch="false" />
                <line number="657" hits="1" branch="false" />
                <line number="658" hits="1" branch="false" />
                <line number="659" hits="1" branch="false" />
                <line number="661" hits="1" branch="false" />
                <line number="662" hits="1" branch="false" />
                <line number="663" hits="1" branch="false" />
                <line number="664" hits="1" branch="false" />
                <line number="665" hits="1" branch="false" />
              </lines>
            </method>
            <method name="SuccessfulFileUploadTest" signature="()" line-rate="1" branch-rate="1" complexity="1">
              <lines>
                <line number="461" hits="1" branch="false" />
                <line number="462" hits="1" branch="false" />
                <line number="463" hits="1" branch="false" />
                <line number="464" hits="1" branch="false" />
                <line number="465" hits="1" branch="false" />
                <line number="466" hits="1" branch="false" />
                <line number="467" hits="1" branch="false" />
                <line number="468" hits="1" branch="false" />
                <line number="469" hits="1" branch="false" />
                <line number="471" hits="1" branch="false" />
                <line number="472" hits="1" branch="false" />
                <line number="473" hits="1" branch="false" />
                <line number="474" hits="1" branch="false" />
                <line number="476" hits="1" branch="false" />
                <line number="477" hits="1" branch="false" />
              </lines>
            </method>
            <method name="SuccessfulJsonSearchTest" signature="()" line-rate="1" branch-rate="1" complexity="4">
              <lines>
                <line number="827" hits="1" branch="false" />
                <line number="828" hits="1" branch="false" />
                <line number="829" hits="1" branch="false" />
                <line number="830" hits="1" branch="false" />
                <line number="831" hits="1" branch="false" />
                <line number="832" hits="1" branch="false" />
                <line number="833" hits="1" branch="false" />
                <line number="834" hits="1" branch="false" />
                <line number="835" hits="1" branch="false" />
                <line number="837" hits="1" branch="false" />
                <line number="838" hits="1" branch="false" />
                <line number="839" hits="1" branch="false" />
                <line number="840" hits="1" branch="false" />
                <line number="841" hits="1" branch="false" />
                <line number="842" hits="1" branch="false" />
                <line number="843" hits="1" branch="false" />
                <line number="844" hits="1" branch="false" />
                <line number="845" hits="1" branch="false" />
                <line number="846" hits="1" branch="true" condition-coverage="100% (2/2)" />
                <line number="849" hits="1" branch="false" />
                <line number="852" hits="1" branch="false" />
                <line number="855" hits="1" branch="false" />
                <line number="856" hits="1" branch="false" />
                <line number="857" hits="1" branch="false" />
                <line number="860" hits="1" branch="true" condition-coverage="100% (2/2)" />
                <line number="861" hits="1" branch="false" />
              </lines>
            </method>
            <method name="UploadAsyncBlobNameWithUpperCaseExtensionReturnsFailure" signature="()" line-rate="1" branch-rate="1" complexity="1">
              <lines>
                <line number="192" hits="1" branch="false" />
                <line number="194" hits="1" branch="false" />
                <line number="195" hits="1" branch="false" />
                <line number="196" hits="1" branch="false" />
                <line number="197" hits="1" branch="false" />
                <line number="200" hits="1" branch="false" />
                <line number="203" hits="1" branch="false" />
                <line number="204" hits="1" branch="false" />
              </lines>
            </method>
            <method name="UploadAsyncBlobNameWithValidExtensionReturnsSuccess" signature="()" line-rate="1" branch-rate="1" complexity="1">
              <lines>
                <line number="211" hits="1" branch="false" />
                <line number="213" hits="1" branch="false" />
                <line number="214" hits="1" branch="false" />
                <line number="215" hits="1" branch="false" />
                <line number="216" hits="1" branch="false" />
                <line number="219" hits="1" branch="false" />
                <line number="222" hits="1" branch="false" />
                <line number="223" hits="1" branch="false" />
              </lines>
            </method>
            <method name="UploadAsyncBlobNameWithoutExtensionReturnsFailure" signature="()" line-rate="1" branch-rate="1" complexity="1">
              <lines>
                <line number="173" hits="1" branch="false" />
                <line number="175" hits="1" branch="false" />
                <line number="176" hits="1" branch="false" />
                <line number="177" hits="1" branch="false" />
                <line number="178" hits="1" branch="false" />
                <line number="181" hits="1" branch="false" />
                <line number="184" hits="1" branch="false" />
                <line number="185" hits="1" branch="false" />
              </lines>
            </method>
            <method name="UploadAsyncNullContentReturnsFailure" signature="()" line-rate="1" branch-rate="1" complexity="1">
              <lines>
                <line number="81" hits="1" branch="false" />
                <line number="83" hits="1" branch="false" />
                <line number="84" hits="1" branch="false" />
                <line number="85" hits="1" branch="false" />
                <line number="88" hits="1" branch="false" />
                <line number="90" hits="2" branch="false" />
                <line number="91" hits="1" branch="false" />
                <line number="92" hits="1" branch="false" />
                <line number="93" hits="1" branch="false" />
                <line number="94" hits="2" branch="false" />
                <line number="95" hits="1" branch="false" />
              </lines>
            </method>
            <method name="UploadAsyncZeroContentLengthReturnsFailure" signature="()" line-rate="1" branch-rate="1" complexity="1">
              <lines>
                <line number="151" hits="1" branch="false" />
                <line number="153" hits="1" branch="false" />
                <line number="154" hits="1" branch="false" />
                <line number="155" hits="1" branch="false" />
                <line number="156" hits="1" branch="false" />
                <line number="159" hits="1" branch="false" />
                <line number="161" hits="2" branch="false" />
                <line number="162" hits="1" branch="false" />
                <line number="163" hits="1" branch="false" />
                <line number="164" hits="1" branch="false" />
                <line number="165" hits="2" branch="false" />
                <line number="166" hits="1" branch="false" />
              </lines>
            </method>
            <method name="UploadFailsForUnsupportedContentType" signature="()" line-rate="1" branch-rate="1" complexity="1">
              <lines>
                <line number="230" hits="1" branch="false" />
                <line number="231" hits="1" branch="false" />
                <line number="232" hits="1" branch="false" />
                <line number="233" hits="1" branch="false" />
                <line number="234" hits="1" branch="false" />
                <line number="235" hits="1" branch="false" />
                <line number="236" hits="1" branch="false" />
                <line number="237" hits="1" branch="false" />
                <line number="238" hits="1" branch="false" />
                <line number="240" hits="1" branch="false" />
                <line number="241" hits="1" branch="false" />
                <line number="243" hits="1" branch="false" />
                <line number="245" hits="2" branch="false" />
                <line number="246" hits="1" branch="false" />
                <line number="247" hits="1" branch="false" />
                <line number="248" hits="2" branch="false" />
                <line number="249" hits="1" branch="false" />
              </lines>
            </method>
            <method name="UploadFailsWithErrorMessage" signature="()" line-rate="1" branch-rate="1" complexity="1">
              <lines>
                <line number="298" hits="1" branch="false" />
                <line number="299" hits="1" branch="false" />
                <line number="302" hits="2" branch="false" />
                <line number="303" hits="1" branch="false" />
                <line number="304" hits="1" branch="false" />
                <line number="305" hits="1" branch="false" />
                <line number="306" hits="1" branch="false" />
                <line number="307" hits="2" branch="false" />
                <line number="309" hits="1" branch="false" />
                <line number="310" hits="1" branch="false" />
                <line number="311" hits="1" branch="false" />
                <line number="312" hits="1" branch="false" />
                <line number="313" hits="1" branch="false" />
                <line number="314" hits="1" branch="false" />
                <line number="315" hits="1" branch="false" />
                <line number="317" hits="1" branch="false" />
                <line number="318" hits="1" branch="false" />
                <line number="320" hits="1" branch="false" />
                <line number="321" hits="1" branch="false" />
                <line number="323" hits="1" branch="false" />
                <line number="324" hits="1" branch="false" />
              </lines>
            </method>
            <method name="UploadHandlesExceptionGracefully" signature="()" line-rate="1" branch-rate="1" complexity="1">
              <lines>
                <line number="331" hits="1" branch="false" />
                <line number="332" hits="1" branch="false" />
                <line number="335" hits="2" branch="false" />
                <line number="336" hits="1" branch="false" />
                <line number="337" hits="1" branch="false" />
                <line number="339" hits="1" branch="false" />
                <line number="340" hits="1" branch="false" />
                <line number="341" hits="1" branch="false" />
                <line number="342" hits="1" branch="false" />
                <line number="343" hits="1" branch="false" />
                <line number="344" hits="1" branch="false" />
                <line number="345" hits="1" branch="false" />
                <line number="347" hits="1" branch="false" />
                <line number="348" hits="1" branch="false" />
                <line number="350" hits="1" branch="false" />
                <line number="352" hits="2" branch="false" />
                <line number="353" hits="1" branch="false" />
                <line number="354" hits="1" branch="false" />
                <line number="355" hits="2" branch="false" />
                <line number="356" hits="1" branch="false" />
              </lines>
            </method>
          </methods>
          <lines>
            <line number="46" hits="1" branch="false" />
            <line number="47" hits="1" branch="false" />
            <line number="55" hits="42" branch="false" />
            <line number="56" hits="42" branch="false" />
            <line number="57" hits="42" branch="false" />
            <line number="58" hits="42" branch="false" />
            <line number="59" hits="42" branch="false" />
            <line number="60" hits="42" branch="false" />
            <line number="61" hits="42" branch="false" />
            <line number="62" hits="42" branch="false" />
            <line number="63" hits="42" branch="false" />
            <line number="64" hits="42" branch="false" />
            <line number="65" hits="42" branch="false" />
            <line number="72" hits="42" branch="false" />
            <line number="73" hits="42" branch="true" condition-coverage="50% (1/2)" />
            <line number="74" hits="42" branch="false" />
            <line number="81" hits="1" branch="false" />
            <line number="83" hits="1" branch="false" />
            <line number="84" hits="1" branch="false" />
            <line number="85" hits="1" branch="false" />
            <line number="88" hits="1" branch="false" />
            <line number="90" hits="2" branch="false" />
            <line number="91" hits="1" branch="false" />
            <line number="92" hits="1" branch="false" />
            <line number="93" hits="1" branch="false" />
            <line number="94" hits="2" branch="false" />
            <line number="95" hits="1" branch="false" />
            <line number="99" hits="1" branch="false" />
            <line number="101" hits="2" branch="false" />
            <line number="102" hits="1" branch="false" />
            <line number="106" hits="1" branch="false" />
            <line number="108" hits="2" branch="false" />
            <line number="109" hits="1" branch="false" />
            <line number="113" hits="1" branch="false" />
            <line number="115" hits="2" branch="false" />
            <line number="116" hits="1" branch="false" />
            <line number="120" hits="1" branch="false" />
            <line number="122" hits="2" branch="false" />
            <line number="123" hits="1" branch="false" />
            <line number="127" hits="1" branch="false" />
            <line number="129" hits="2" branch="false" />
            <line number="130" hits="1" branch="false" />
            <line number="134" hits="1" branch="false" />
            <line number="136" hits="2" branch="false" />
            <line number="137" hits="1" branch="false" />
            <line number="141" hits="1" branch="false" />
            <line number="143" hits="2" branch="false" />
            <line number="144" hits="1" branch="false" />
            <line number="151" hits="1" branch="false" />
            <line number="153" hits="1" branch="false" />
            <line number="154" hits="1" branch="false" />
            <line number="155" hits="1" branch="false" />
            <line number="156" hits="1" branch="false" />
            <line number="159" hits="1" branch="false" />
            <line number="161" hits="2" branch="false" />
            <line number="162" hits="1" branch="false" />
            <line number="163" hits="1" branch="false" />
            <line number="164" hits="1" branch="false" />
            <line number="165" hits="2" branch="false" />
            <line number="166" hits="1" branch="false" />
            <line number="173" hits="1" branch="false" />
            <line number="175" hits="1" branch="false" />
            <line number="176" hits="1" branch="false" />
            <line number="177" hits="1" branch="false" />
            <line number="178" hits="1" branch="false" />
            <line number="181" hits="1" branch="false" />
            <line number="184" hits="1" branch="false" />
            <line number="185" hits="1" branch="false" />
            <line number="192" hits="1" branch="false" />
            <line number="194" hits="1" branch="false" />
            <line number="195" hits="1" branch="false" />
            <line number="196" hits="1" branch="false" />
            <line number="197" hits="1" branch="false" />
            <line number="200" hits="1" branch="false" />
            <line number="203" hits="1" branch="false" />
            <line number="204" hits="1" branch="false" />
            <line number="211" hits="1" branch="false" />
            <line number="213" hits="1" branch="false" />
            <line number="214" hits="1" branch="false" />
            <line number="215" hits="1" branch="false" />
            <line number="216" hits="1" branch="false" />
            <line number="219" hits="1" branch="false" />
            <line number="222" hits="1" branch="false" />
            <line number="223" hits="1" branch="false" />
            <line number="230" hits="1" branch="false" />
            <line number="231" hits="1" branch="false" />
            <line number="232" hits="1" branch="false" />
            <line number="233" hits="1" branch="false" />
            <line number="234" hits="1" branch="false" />
            <line number="235" hits="1" branch="false" />
            <line number="236" hits="1" branch="false" />
            <line number="237" hits="1" branch="false" />
            <line number="238" hits="1" branch="false" />
            <line number="240" hits="1" branch="false" />
            <line number="241" hits="1" branch="false" />
            <line number="243" hits="1" branch="false" />
            <line number="245" hits="2" branch="false" />
            <line number="246" hits="1" branch="false" />
            <line number="247" hits="1" branch="false" />
            <line number="248" hits="2" branch="false" />
            <line number="249" hits="1" branch="false" />
            <line number="256" hits="1" branch="false" />
            <line number="257" hits="1" branch="false" />
            <line number="258" hits="1" branch="false" />
            <line number="259" hits="1" branch="false" />
            <line number="260" hits="1" branch="false" />
            <line number="261" hits="1" branch="false" />
            <line number="262" hits="1" branch="false" />
            <line number="263" hits="1" branch="false" />
            <line number="264" hits="1" branch="false" />
            <line number="266" hits="1" branch="false" />
            <line number="267" hits="1" branch="false" />
            <line number="268" hits="1" branch="false" />
            <line number="269" hits="1" branch="false" />
            <line number="270" hits="1" branch="false" />
            <line number="271" hits="1" branch="false" />
            <line number="278" hits="1" branch="false" />
            <line number="279" hits="1" branch="false" />
            <line number="282" hits="1" branch="false" />
            <line number="285" hits="1" branch="false" />
            <line number="288" hits="1" branch="false" />
            <line number="289" hits="1" branch="false" />
            <line number="290" hits="1" branch="false" />
            <line number="291" hits="1" branch="false" />
            <line number="298" hits="1" branch="false" />
            <line number="299" hits="1" branch="false" />
            <line number="302" hits="2" branch="false" />
            <line number="303" hits="1" branch="false" />
            <line number="304" hits="1" branch="false" />
            <line number="305" hits="1" branch="false" />
            <line number="306" hits="1" branch="false" />
            <line number="307" hits="2" branch="false" />
            <line number="309" hits="1" branch="false" />
            <line number="310" hits="1" branch="false" />
            <line number="311" hits="1" branch="false" />
            <line number="312" hits="1" branch="false" />
            <line number="313" hits="1" branch="false" />
            <line number="314" hits="1" branch="false" />
            <line number="315" hits="1" branch="false" />
            <line number="317" hits="1" branch="false" />
            <line number="318" hits="1" branch="false" />
            <line number="320" hits="1" branch="false" />
            <line number="321" hits="1" branch="false" />
            <line number="323" hits="1" branch="false" />
            <line number="324" hits="1" branch="false" />
            <line number="331" hits="1" branch="false" />
            <line number="332" hits="1" branch="false" />
            <line number="335" hits="2" branch="false" />
            <line number="336" hits="1" branch="false" />
            <line number="337" hits="1" branch="false" />
            <line number="339" hits="1" branch="false" />
            <line number="340" hits="1" branch="false" />
            <line number="341" hits="1" branch="false" />
            <line number="342" hits="1" branch="false" />
            <line number="343" hits="1" branch="false" />
            <line number="344" hits="1" branch="false" />
            <line number="345" hits="1" branch="false" />
            <line number="347" hits="1" branch="false" />
            <line number="348" hits="1" branch="false" />
            <line number="350" hits="1" branch="false" />
            <line number="352" hits="2" branch="false" />
            <line number="353" hits="1" branch="false" />
            <line number="354" hits="1" branch="false" />
            <line number="355" hits="2" branch="false" />
            <line number="356" hits="1" branch="false" />
            <line number="363" hits="1" branch="false" />
            <line number="364" hits="1" branch="false" />
            <line number="365" hits="1" branch="false" />
            <line number="366" hits="1" branch="false" />
            <line number="367" hits="1" branch="false" />
            <line number="368" hits="1" branch="false" />
            <line number="369" hits="1" branch="false" />
            <line number="370" hits="1" branch="false" />
            <line number="371" hits="1" branch="false" />
            <line number="373" hits="1" branch="false" />
            <line number="374" hits="1" branch="false" />
            <line number="375" hits="1" branch="false" />
            <line number="377" hits="1" branch="false" />
            <line number="378" hits="1" branch="false" />
            <line number="379" hits="1" branch="false" />
            <line number="381" hits="1" branch="false" />
            <line number="382" hits="1" branch="false" />
            <line number="389" hits="1" branch="false" />
            <line number="390" hits="1" branch="false" />
            <line number="391" hits="1" branch="false" />
            <line number="392" hits="1" branch="false" />
            <line number="393" hits="1" branch="false" />
            <line number="394" hits="1" branch="false" />
            <line number="395" hits="1" branch="false" />
            <line number="396" hits="1" branch="false" />
            <line number="397" hits="1" branch="false" />
            <line number="400" hits="1" branch="false" />
            <line number="401" hits="1" branch="false" />
            <line number="402" hits="1" branch="false" />
            <line number="403" hits="1" branch="false" />
            <line number="406" hits="1" branch="false" />
            <line number="407" hits="1" branch="false" />
            <line number="408" hits="1" branch="false" />
            <line number="415" hits="1" branch="false" />
            <line number="416" hits="1" branch="false" />
            <line number="417" hits="1" branch="false" />
            <line number="418" hits="1" branch="false" />
            <line number="419" hits="1" branch="false" />
            <line number="420" hits="1" branch="false" />
            <line number="421" hits="1" branch="false" />
            <line number="422" hits="1" branch="false" />
            <line number="423" hits="1" branch="false" />
            <line number="425" hits="1" branch="false" />
            <line number="426" hits="1" branch="false" />
            <line number="427" hits="1" branch="false" />
            <line number="428" hits="1" branch="false" />
            <line number="430" hits="1" branch="false" />
            <line number="431" hits="1" branch="false" />
            <line number="438" hits="1" branch="false" />
            <line number="439" hits="1" branch="false" />
            <line number="440" hits="1" branch="false" />
            <line number="441" hits="1" branch="false" />
            <line number="442" hits="1" branch="false" />
            <line number="443" hits="1" branch="false" />
            <line number="444" hits="1" branch="false" />
            <line number="445" hits="1" branch="false" />
            <line number="446" hits="1" branch="false" />
            <line number="448" hits="1" branch="false" />
            <line number="449" hits="1" branch="false" />
            <line number="450" hits="1" branch="false" />
            <line number="451" hits="1" branch="false" />
            <line number="453" hits="1" branch="false" />
            <line number="454" hits="1" branch="false" />
            <line number="461" hits="1" branch="false" />
            <line number="462" hits="1" branch="false" />
            <line number="463" hits="1" branch="false" />
            <line number="464" hits="1" branch="false" />
            <line number="465" hits="1" branch="false" />
            <line number="466" hits="1" branch="false" />
            <line number="467" hits="1" branch="false" />
            <line number="468" hits="1" branch="false" />
            <line number="469" hits="1" branch="false" />
            <line number="471" hits="1" branch="false" />
            <line number="472" hits="1" branch="false" />
            <line number="473" hits="1" branch="false" />
            <line number="474" hits="1" branch="false" />
            <line number="476" hits="1" branch="false" />
            <line number="477" hits="1" branch="false" />
            <line number="484" hits="1" branch="false" />
            <line number="485" hits="1" branch="false" />
            <line number="486" hits="1" branch="false" />
            <line number="487" hits="1" branch="false" />
            <line number="488" hits="1" branch="false" />
            <line number="489" hits="1" branch="false" />
            <line number="490" hits="1" branch="false" />
            <line number="491" hits="1" branch="false" />
            <line number="492" hits="1" branch="false" />
            <line number="493" hits="1" branch="false" />
            <line number="495" hits="1" branch="false" />
            <line number="496" hits="12" branch="true" condition-coverage="100% (2/2)" />
            <line number="497" hits="5" branch="false" />
            <line number="498" hits="5" branch="false" />
            <line number="499" hits="5" branch="false" />
            <line number="500" hits="5" branch="false" />
            <line number="502" hits="5" branch="false" />
            <line number="503" hits="5" branch="false" />
            <line number="504" hits="1" branch="false" />
            <line number="506" hits="13" branch="true" condition-coverage="100% (2/2)" />
            <line number="507" hits="5" branch="false" />
            <line number="508" hits="5" branch="false" />
            <line number="509" hits="5" branch="false" />
            <line number="510" hits="5" branch="false" />
            <line number="512" hits="1" branch="false" />
            <line number="519" hits="1" branch="false" />
            <line number="520" hits="1" branch="false" />
            <line number="521" hits="1" branch="false" />
            <line number="522" hits="1" branch="false" />
            <line number="523" hits="1" branch="false" />
            <line number="524" hits="1" branch="false" />
            <line number="525" hits="1" branch="false" />
            <line number="526" hits="1" branch="false" />
            <line number="527" hits="1" branch="false" />
            <line number="529" hits="1" branch="false" />
            <line number="530" hits="1" branch="false" />
            <line number="532" hits="1" branch="false" />
            <line number="533" hits="1" branch="false" />
            <line number="540" hits="1" branch="false" />
            <line number="541" hits="1" branch="false" />
            <line number="542" hits="1" branch="false" />
            <line number="543" hits="1" branch="false" />
            <line number="544" hits="1" branch="false" />
            <line number="545" hits="1" branch="false" />
            <line number="546" hits="1" branch="false" />
            <line number="547" hits="1" branch="false" />
            <line number="548" hits="1" branch="false" />
            <line number="550" hits="1" branch="false" />
            <line number="551" hits="1" branch="false" />
            <line number="552" hits="1" branch="false" />
            <line number="553" hits="1" branch="false" />
            <line number="560" hits="1" branch="false" />
            <line number="561" hits="1" branch="false" />
            <line number="562" hits="1" branch="false" />
            <line number="563" hits="1" branch="false" />
            <line number="564" hits="1" branch="false" />
            <line number="565" hits="1" branch="false" />
            <line number="566" hits="1" branch="false" />
            <line number="567" hits="1" branch="false" />
            <line number="568" hits="1" branch="false" />
            <line number="570" hits="1" branch="false" />
            <line number="571" hits="1" branch="false" />
            <line number="572" hits="1" branch="false" />
            <line number="573" hits="1" branch="false" />
            <line number="575" hits="1" branch="false" />
            <line number="576" hits="1" branch="false" />
            <line number="577" hits="1" branch="false" />
            <line number="584" hits="1" branch="false" />
            <line number="585" hits="1" branch="false" />
            <line number="586" hits="1" branch="false" />
            <line number="587" hits="1" branch="false" />
            <line number="588" hits="1" branch="false" />
            <line number="589" hits="1" branch="false" />
            <line number="590" hits="1" branch="false" />
            <line number="591" hits="1" branch="false" />
            <line number="592" hits="1" branch="false" />
            <line number="594" hits="1" branch="false" />
            <line number="595" hits="1" branch="false" />
            <line number="596" hits="1" branch="false" />
            <line number="597" hits="1" branch="false" />
            <line number="604" hits="1" branch="false" />
            <line number="605" hits="1" branch="false" />
            <line number="606" hits="1" branch="false" />
            <line number="607" hits="1" branch="false" />
            <line number="608" hits="1" branch="false" />
            <line number="609" hits="1" branch="false" />
            <line number="610" hits="1" branch="false" />
            <line number="611" hits="1" branch="false" />
            <line number="612" hits="1" branch="false" />
            <line number="614" hits="1" branch="false" />
            <line number="615" hits="1" branch="false" />
            <line number="616" hits="1" branch="false" />
            <line number="617" hits="1" branch="false" />
            <line number="624" hits="1" branch="false" />
            <line number="625" hits="1" branch="false" />
            <line number="626" hits="1" branch="false" />
            <line number="627" hits="1" branch="false" />
            <line number="628" hits="1" branch="false" />
            <line number="629" hits="1" branch="false" />
            <line number="630" hits="1" branch="false" />
            <line number="631" hits="1" branch="false" />
            <line number="632" hits="1" branch="false" />
            <line number="634" hits="1" branch="false" />
            <line number="635" hits="1" branch="false" />
            <line number="636" hits="1" branch="false" />
            <line number="637" hits="1" branch="false" />
            <line number="644" hits="1" branch="false" />
            <line number="645" hits="1" branch="false" />
            <line number="646" hits="1" branch="false" />
            <line number="647" hits="1" branch="false" />
            <line number="648" hits="1" branch="false" />
            <line number="649" hits="1" branch="false" />
            <line number="650" hits="1" branch="false" />
            <line number="651" hits="1" branch="false" />
            <line number="652" hits="1" branch="false" />
            <line number="654" hits="1" branch="false" />
            <line number="656" hits="1" branch="false" />
            <line number="657" hits="1" branch="false" />
            <line number="658" hits="1" branch="false" />
            <line number="659" hits="1" branch="false" />
            <line number="661" hits="1" branch="false" />
            <line number="662" hits="1" branch="false" />
            <line number="663" hits="1" branch="false" />
            <line number="664" hits="1" branch="false" />
            <line number="665" hits="1" branch="false" />
            <line number="672" hits="1" branch="false" />
            <line number="673" hits="1" branch="false" />
            <line number="674" hits="1" branch="false" />
            <line number="675" hits="1" branch="false" />
            <line number="676" hits="1" branch="false" />
            <line number="677" hits="1" branch="false" />
            <line number="678" hits="1" branch="false" />
            <line number="679" hits="1" branch="false" />
            <line number="680" hits="1" branch="false" />
            <line number="682" hits="1" branch="false" />
            <line number="684" hits="1" branch="false" />
            <line number="685" hits="1" branch="false" />
            <line number="686" hits="1" branch="false" />
            <line number="688" hits="1" branch="false" />
            <line number="689" hits="1" branch="false" />
            <line number="690" hits="1" branch="false" />
            <line number="697" hits="1" branch="false" />
            <line number="698" hits="1" branch="false" />
            <line number="699" hits="1" branch="false" />
            <line number="700" hits="1" branch="false" />
            <line number="701" hits="1" branch="false" />
            <line number="702" hits="1" branch="false" />
            <line number="703" hits="1" branch="false" />
            <line number="704" hits="1" branch="false" />
            <line number="705" hits="1" branch="false" />
            <line number="707" hits="1" branch="false" />
            <line number="708" hits="1" branch="false" />
            <line number="709" hits="1" branch="false" />
            <line number="710" hits="1" branch="false" />
            <line number="712" hits="1" branch="true" condition-coverage="100% (2/2)" />
            <line number="713" hits="1" branch="false" />
            <line number="714" hits="1" branch="false" />
            <line number="715" hits="1" branch="false" />
            <line number="716" hits="1" branch="false" />
            <line number="717" hits="1" branch="false" />
            <line number="724" hits="1" branch="false" />
            <line number="725" hits="1" branch="false" />
            <line number="726" hits="1" branch="false" />
            <line number="727" hits="1" branch="false" />
            <line number="728" hits="1" branch="false" />
            <line number="729" hits="1" branch="false" />
            <line number="730" hits="1" branch="false" />
            <line number="731" hits="1" branch="false" />
            <line number="732" hits="1" branch="false" />
            <line number="734" hits="1" branch="false" />
            <line number="735" hits="1" branch="false" />
            <line number="736" hits="1" branch="false" />
            <line number="737" hits="1" branch="false" />
            <line number="744" hits="1" branch="false" />
            <line number="745" hits="1" branch="false" />
            <line number="746" hits="1" branch="false" />
            <line number="747" hits="1" branch="false" />
            <line number="748" hits="1" branch="false" />
            <line number="749" hits="1" branch="false" />
            <line number="750" hits="1" branch="false" />
            <line number="751" hits="1" branch="false" />
            <line number="752" hits="1" branch="false" />
            <line number="754" hits="1" branch="false" />
            <line number="755" hits="1" branch="false" />
            <line number="756" hits="1" branch="false" />
            <line number="763" hits="1" branch="false" />
            <line number="764" hits="1" branch="false" />
            <line number="765" hits="1" branch="false" />
            <line number="766" hits="1" branch="false" />
            <line number="767" hits="1" branch="false" />
            <line number="768" hits="1" branch="false" />
            <line number="769" hits="1" branch="false" />
            <line number="770" hits="1" branch="false" />
            <line number="771" hits="1" branch="false" />
            <line number="773" hits="1" branch="false" />
            <line number="774" hits="1" branch="false" />
            <line number="775" hits="1" branch="false" />
            <line number="782" hits="1" branch="false" />
            <line number="784" hits="2" branch="false" />
            <line number="785" hits="1" branch="false" />
            <line number="786" hits="1" branch="false" />
            <line number="787" hits="1" branch="false" />
            <line number="788" hits="1" branch="false" />
            <line number="789" hits="2" branch="false" />
            <line number="791" hits="1" branch="false" />
            <line number="794" hits="1" branch="false" />
            <line number="796" hits="2" branch="false" />
            <line number="797" hits="1" branch="false" />
            <line number="798" hits="1" branch="false" />
            <line number="799" hits="1" branch="false" />
            <line number="800" hits="2" branch="false" />
            <line number="801" hits="1" branch="false" />
            <line number="808" hits="1" branch="false" />
            <line number="809" hits="1" branch="false" />
            <line number="810" hits="1" branch="false" />
            <line number="811" hits="1" branch="false" />
            <line number="812" hits="1" branch="false" />
            <line number="813" hits="1" branch="false" />
            <line number="814" hits="1" branch="false" />
            <line number="815" hits="1" branch="false" />
            <line number="816" hits="1" branch="false" />
            <line number="818" hits="1" branch="false" />
            <line number="819" hits="1" branch="false" />
            <line number="820" hits="1" branch="false" />
            <line number="827" hits="1" branch="false" />
            <line number="828" hits="1" branch="false" />
            <line number="829" hits="1" branch="false" />
            <line number="830" hits="1" branch="false" />
            <line number="831" hits="1" branch="false" />
            <line number="832" hits="1" branch="false" />
            <line number="833" hits="1" branch="false" />
            <line number="834" hits="1" branch="false" />
            <line number="835" hits="1" branch="false" />
            <line number="837" hits="1" branch="false" />
            <line number="838" hits="1" branch="false" />
            <line number="839" hits="1" branch="false" />
            <line number="840" hits="1" branch="false" />
            <line number="841" hits="1" branch="false" />
            <line number="842" hits="1" branch="false" />
            <line number="843" hits="1" branch="false" />
            <line number="844" hits="1" branch="false" />
            <line number="845" hits="1" branch="false" />
            <line number="846" hits="1" branch="true" condition-coverage="100% (2/2)" />
            <line number="849" hits="1" branch="false" />
            <line number="852" hits="1" branch="false" />
            <line number="855" hits="1" branch="false" />
            <line number="856" hits="1" branch="false" />
            <line number="857" hits="1" branch="false" />
            <line number="860" hits="1" branch="true" condition-coverage="100% (2/2)" />
            <line number="861" hits="1" branch="false" />
            <line number="868" hits="1" branch="false" />
            <line number="869" hits="1" branch="false" />
            <line number="870" hits="1" branch="false" />
            <line number="871" hits="1" branch="false" />
            <line number="872" hits="1" branch="false" />
            <line number="873" hits="1" branch="false" />
            <line number="874" hits="1" branch="false" />
            <line number="875" hits="1" branch="false" />
            <line number="876" hits="1" branch="false" />
            <line number="879" hits="1" branch="false" />
            <line number="880" hits="1" branch="false" />
            <line number="881" hits="1" branch="false" />
            <line number="884" hits="1" branch="false" />
            <line number="885" hits="1" branch="false" />
            <line number="892" hits="1" branch="false" />
            <line number="893" hits="1" branch="false" />
            <line number="894" hits="1" branch="false" />
            <line number="895" hits="1" branch="false" />
            <line number="896" hits="1" branch="false" />
            <line number="897" hits="1" branch="false" />
            <line number="898" hits="1" branch="false" />
            <line number="899" hits="1" branch="false" />
            <line number="900" hits="1" branch="false" />
            <line number="902" hits="1" branch="false" />
            <line number="903" hits="1" branch="false" />
            <line number="904" hits="1" branch="true" condition-coverage="100% (2/2)" />
            <line number="905" hits="1" branch="false" />
            <line number="907" hits="1" branch="false" />
            <line number="908" hits="1" branch="false" />
            <line number="909" hits="1" branch="true" condition-coverage="100% (2/2)" />
            <line number="910" hits="1" branch="false" />
            <line number="912" hits="1" branch="false" />
            <line number="913" hits="1" branch="false" />
            <line number="914" hits="1" branch="false" />
            <line number="915" hits="1" branch="false" />
            <line number="918" hits="1" branch="false" />
            <line number="919" hits="1" branch="false" />
            <line number="920" hits="1" branch="false" />
            <line number="921" hits="1" branch="false" />
            <line number="923" hits="1" branch="false" />
            <line number="924" hits="1" branch="false" />
            <line number="931" hits="1" branch="false" />
            <line number="932" hits="1" branch="false" />
            <line number="935" hits="2" branch="false" />
            <line number="936" hits="1" branch="false" />
            <line number="937" hits="1" branch="false" />
            <line number="938" hits="1" branch="false" />
            <line number="939" hits="1" branch="false" />
[...]
                <line number="370" hits="1" branch="false" />
                <line number="372" hits="1" branch="false" />
                <line number="373" hits="1" branch="false" />
                <line number="374" hits="1" branch="false" />
                <line number="375" hits="1" branch="false" />
                <line number="376" hits="1" branch="false" />
                <line number="378" hits="2" branch="false" />
              </lines>
            </method>
            <method name="UploadAsync" signature="()" line-rate="1" branch-rate="0.8125" complexity="16">
              <lines>
                <line number="97" hits="26" branch="false" />
                <line number="98" hits="26" branch="false" />
                <line number="101" hits="26" branch="false" />
                <line number="102" hits="26" branch="false" />
                <line number="103" hits="26" branch="false" />
                <line number="104" hits="26" branch="false" />
                <line number="105" hits="26" branch="false" />
                <line number="106" hits="26" branch="false" />
                <line number="107" hits="26" branch="false" />
                <line number="108" hits="26" branch="false" />
                <line number="109" hits="26" branch="false" />
                <line number="110" hits="26" branch="false" />
                <line number="113" hits="26" branch="true" condition-coverage="100% (2/2)" />
                <line number="114" hits="1" branch="false" />
                <line number="115" hits="1" branch="false" />
                <line number="116" hits="1" branch="false" />
                <line number="117" hits="1" branch="false" />
                <line number="118" hits="1" branch="false" />
                <line number="119" hits="1" branch="false" />
                <line number="120" hits="1" branch="false" />
                <line number="124" hits="25" branch="true" condition-coverage="75% (3/4)" />
                <line number="125" hits="3" branch="false" />
                <line number="126" hits="3" branch="false" />
                <line number="127" hits="3" branch="false" />
                <line number="128" hits="3" branch="false" />
                <line number="129" hits="3" branch="false" />
                <line number="130" hits="3" branch="false" />
                <line number="131" hits="3" branch="false" />
                <line number="135" hits="22" branch="true" condition-coverage="50% (1/2)" />
                <line number="136" hits="22" branch="true" condition-coverage="75% (3/4)" />
                <line number="137" hits="1" branch="false" />
                <line number="138" hits="1" branch="false" />
                <line number="139" hits="1" branch="false" />
                <line number="140" hits="1" branch="false" />
                <line number="141" hits="1" branch="false" />
                <line number="142" hits="1" branch="false" />
                <line number="143" hits="1" branch="false" />
                <line number="146" hits="21" branch="true" condition-coverage="100% (2/2)" />
                <line number="147" hits="6" branch="false" />
                <line number="148" hits="6" branch="false" />
                <line number="149" hits="6" branch="false" />
                <line number="150" hits="6" branch="false" />
                <line number="151" hits="6" branch="false" />
                <line number="152" hits="6" branch="false" />
                <line number="153" hits="6" branch="false" />
                <line number="156" hits="15" branch="false" />
                <line number="159" hits="15" branch="false" />
                <line number="162" hits="15" branch="false" />
                <line number="164" hits="15" branch="false" />
                <line number="165" hits="15" branch="false" />
                <line number="168" hits="15" branch="false" />
                <line number="171" hits="15" branch="false" />
                <line number="173" hits="15" branch="false" />
                <line number="176" hits="15" branch="false" />
                <line number="179" hits="14" branch="true" condition-coverage="100% (2/2)" />
                <line number="180" hits="13" branch="false" />
                <line number="181" hits="13" branch="false" />
                <line number="182" hits="13" branch="false" />
                <line number="183" hits="13" branch="false" />
                <line number="184" hits="13" branch="false" />
                <line number="185" hits="13" branch="false" />
                <line number="186" hits="13" branch="false" />
                <line number="187" hits="13" branch="false" />
                <line number="188" hits="13" branch="false" />
                <line number="192" hits="1" branch="false" />
                <line number="193" hits="1" branch="false" />
                <line number="194" hits="1" branch="false" />
                <line number="196" hits="1" branch="false" />
                <line number="197" hits="1" branch="false" />
                <line number="198" hits="1" branch="false" />
                <line number="199" hits="1" branch="false" />
                <line number="200" hits="1" branch="false" />
                <line number="202" hits="1" branch="false" />
                <line number="203" hits="1" branch="false" />
                <line number="205" hits="1" branch="false" />
                <line number="206" hits="1" branch="false" />
                <line number="207" hits="1" branch="false" />
                <line number="208" hits="1" branch="false" />
                <line number="209" hits="1" branch="false" />
                <line number="210" hits="1" branch="false" />
                <line number="212" hits="26" branch="false" />
              </lines>
            </method>
          </methods>
          <lines>
            <line number="47" hits="41" branch="false" />
            <line number="48" hits="41" branch="false" />
            <line number="49" hits="41" branch="false" />
            <line number="50" hits="41" branch="false" />
            <line number="51" hits="41" branch="false" />
            <line number="52" hits="41" branch="false" />
            <line number="53" hits="41" branch="false" />
            <line number="54" hits="41" branch="true" condition-coverage="100% (2/2)" />
            <line number="55" hits="2" branch="false" />
            <line number="56" hits="2" branch="false" />
            <line number="59" hits="39" branch="true" condition-coverage="100% (2/2)" />
            <line number="60" hits="2" branch="false" />
            <line number="61" hits="2" branch="false" />
            <line number="64" hits="37" branch="true" condition-coverage="100% (4/4)" />
            <line number="65" hits="1" branch="false" />
            <line number="66" hits="1" branch="false" />
            <line number="68" hits="36" branch="true" condition-coverage="100% (2/2)" />
            <line number="69" hits="35" branch="false" />
            <line number="70" hits="35" branch="false" />
            <line number="71" hits="35" branch="false" />
            <line number="72" hits="35" branch="true" condition-coverage="100% (2/2)" />
            <line number="74" hits="34" branch="false" />
            <line number="75" hits="34" branch="false" />
            <line number="83" hits="32" branch="false" />
            <line number="84" hits="32" branch="false" />
            <line number="85" hits="32" branch="false" />
            <line number="86" hits="32" branch="false" />
            <line number="87" hits="32" branch="false" />
            <line number="97" hits="26" branch="false" />
            <line number="98" hits="26" branch="false" />
            <line number="101" hits="26" branch="false" />
            <line number="102" hits="26" branch="false" />
            <line number="103" hits="26" branch="false" />
            <line number="104" hits="26" branch="false" />
            <line number="105" hits="26" branch="false" />
            <line number="106" hits="26" branch="false" />
            <line number="107" hits="26" branch="false" />
            <line number="108" hits="26" branch="false" />
            <line number="109" hits="26" branch="false" />
            <line number="110" hits="26" branch="false" />
            <line number="113" hits="26" branch="true" condition-coverage="100% (2/2)" />
            <line number="114" hits="1" branch="false" />
            <line number="115" hits="1" branch="false" />
            <line number="116" hits="1" branch="false" />
            <line number="117" hits="1" branch="false" />
            <line number="118" hits="1" branch="false" />
            <line number="119" hits="1" branch="false" />
            <line number="120" hits="1" branch="false" />
            <line number="124" hits="25" branch="true" condition-coverage="75% (3/4)" />
            <line number="125" hits="3" branch="false" />
            <line number="126" hits="3" branch="false" />
            <line number="127" hits="3" branch="false" />
            <line number="128" hits="3" branch="false" />
            <line number="129" hits="3" branch="false" />
            <line number="130" hits="3" branch="false" />
            <line number="131" hits="3" branch="false" />
            <line number="135" hits="22" branch="true" condition-coverage="50% (1/2)" />
            <line number="136" hits="22" branch="true" condition-coverage="75% (3/4)" />
            <line number="137" hits="1" branch="false" />
            <line number="138" hits="1" branch="false" />
            <line number="139" hits="1" branch="false" />
            <line number="140" hits="1" branch="false" />
            <line number="141" hits="1" branch="false" />
            <line number="142" hits="1" branch="false" />
            <line number="143" hits="1" branch="false" />
            <line number="146" hits="21" branch="true" condition-coverage="100% (2/2)" />
            <line number="147" hits="6" branch="false" />
            <line number="148" hits="6" branch="false" />
            <line number="149" hits="6" branch="false" />
            <line number="150" hits="6" branch="false" />
            <line number="151" hits="6" branch="false" />
            <line number="152" hits="6" branch="false" />
            <line number="153" hits="6" branch="false" />
            <line number="156" hits="15" branch="false" />
            <line number="159" hits="15" branch="false" />
            <line number="162" hits="15" branch="false" />
            <line number="164" hits="15" branch="false" />
            <line number="165" hits="15" branch="false" />
            <line number="168" hits="15" branch="false" />
            <line number="171" hits="15" branch="false" />
            <line number="173" hits="15" branch="false" />
            <line number="176" hits="15" branch="false" />
            <line number="179" hits="14" branch="true" condition-coverage="100% (2/2)" />
            <line number="180" hits="13" branch="false" />
            <line number="181" hits="13" branch="false" />
            <line number="182" hits="13" branch="false" />
            <line number="183" hits="13" branch="false" />
            <line number="184" hits="13" branch="false" />
            <line number="185" hits="13" branch="false" />
            <line number="186" hits="13" branch="false" />
            <line number="187" hits="13" branch="false" />
            <line number="188" hits="13" branch="false" />
            <line number="192" hits="1" branch="false" />
            <line number="193" hits="1" branch="false" />
            <line number="194" hits="1" branch="false" />
            <line number="196" hits="1" branch="false" />
            <line number="197" hits="1" branch="false" />
            <line number="198" hits="1" branch="false" />
            <line number="199" hits="1" branch="false" />
            <line number="200" hits="1" branch="false" />
            <line number="202" hits="1" branch="false" />
            <line number="203" hits="1" branch="false" />
            <line number="205" hits="1" branch="false" />
            <line number="206" hits="1" branch="false" />
            <line number="207" hits="1" branch="false" />
            <line number="208" hits="1" branch="false" />
            <line number="209" hits="1" branch="false" />
            <line number="210" hits="1" branch="false" />
            <line number="212" hits="26" branch="false" />
            <line number="221" hits="3" branch="false" />
            <line number="222" hits="3" branch="false" />
            <line number="226" hits="3" branch="false" />
            <line number="227" hits="3" branch="false" />
            <line number="229" hits="3" branch="true" condition-coverage="100% (2/2)" />
            <line number="230" hits="1" branch="false" />
            <line number="231" hits="1" branch="false" />
            <line number="232" hits="1" branch="false" />
            <line number="233" hits="1" branch="false" />
            <line number="236" hits="2" branch="false" />
            <line number="237" hits="2" branch="false" />
            <line number="238" hits="2" branch="false" />
            <line number="240" hits="3" branch="false" />
            <line number="248" hits="2" branch="false" />
            <line number="249" hits="2" branch="false" />
            <line number="253" hits="2" branch="false" />
            <line number="254" hits="2" branch="false" />
            <line number="256" hits="2" branch="true" condition-coverage="100% (2/2)" />
            <line number="257" hits="1" branch="false" />
            <line number="258" hits="1" branch="false" />
            <line number="259" hits="1" branch="false" />
            <line number="261" hits="1" branch="false" />
            <line number="262" hits="1" branch="false" />
            <line number="263" hits="1" branch="false" />
            <line number="264" hits="1" branch="false" />
            <line number="266" hits="2" branch="true" condition-coverage="100% (2/2)" />
            <line number="267" hits="2" branch="false" />
            <line number="268" hits="2" branch="false" />
            <line number="269" hits="2" branch="false" />
            <line number="270" hits="2" branch="false" />
            <line number="271" hits="2" branch="false" />
            <line number="273" hits="2" branch="false" />
            <line number="280" hits="4" branch="false" />
            <line number="281" hits="4" branch="false" />
            <line number="286" hits="4" branch="false" />
            <line number="287" hits="4" branch="false" />
            <line number="289" hits="4" branch="true" condition-coverage="100% (2/2)" />
            <line number="290" hits="3" branch="false" />
            <line number="292" hits="3" branch="false" />
            <line number="293" hits="3" branch="true" condition-coverage="100% (2/2)" />
            <line number="295" hits="3" branch="true" condition-coverage="100% (2/2)" />
            <line number="296" hits="3" branch="false" />
            <line number="299" hits="1" branch="false" />
            <line number="300" hits="1" branch="false" />
            <line number="301" hits="1" branch="false" />
            <line number="303" hits="4" branch="false" />
            <line number="311" hits="3" branch="false" />
            <line number="312" hits="3" branch="false" />
            <line number="316" hits="3" branch="false" />
            <line number="317" hits="3" branch="false" />
            <line number="319" hits="3" branch="true" condition-coverage="100% (2/2)" />
            <line number="320" hits="1" branch="false" />
            <line number="321" hits="1" branch="false" />
            <line number="322" hits="1" branch="false" />
            <line number="323" hits="1" branch="false" />
            <line number="326" hits="2" branch="false" />
            <line number="327" hits="2" branch="false" />
            <line number="328" hits="2" branch="false" />
            <line number="330" hits="3" branch="false" />
            <line number="340" hits="2" branch="false" />
            <line number="341" hits="2" branch="false" />
            <line number="345" hits="2" branch="false" />
            <line number="348" hits="2" branch="false" />
            <line number="351" hits="2" branch="false" />
            <line number="354" hits="2" branch="false" />
            <line number="356" hits="2" branch="true" condition-coverage="100% (2/2)" />
            <line number="357" hits="1" branch="false" />
            <line number="358" hits="1" branch="false" />
            <line number="359" hits="1" branch="false" />
            <line number="360" hits="1" branch="false" />
            <line number="361" hits="1" branch="false" />
            <line number="362" hits="1" branch="false" />
            <line number="363" hits="1" branch="false" />
            <line number="364" hits="1" branch="false" />
            <line number="365" hits="1" branch="false" />
            <line number="368" hits="1" branch="false" />
            <line number="369" hits="1" branch="false" />
            <line number="370" hits="1" branch="false" />
            <line number="372" hits="1" branch="false" />
            <line number="373" hits="1" branch="false" />
            <line number="374" hits="1" branch="false" />
            <line number="375" hits="1" branch="false" />
            <line number="376" hits="1" branch="false" />
            <line number="378" hits="2" branch="false" />
            <line number="387" hits="5" branch="false" />
            <line number="388" hits="5" branch="false" />
            <line number="392" hits="5" branch="true" condition-coverage="100% (4/4)" />
            <line number="393" hits="2" branch="false" />
            <line number="394" hits="2" branch="false" />
            <line number="395" hits="2" branch="false" />
            <line number="396" hits="2" branch="false" />
            <line number="397" hits="2" branch="false" />
            <line number="398" hits="2" branch="false" />
            <line number="401" hits="3" branch="false" />
            <line number="402" hits="3" branch="false" />
            <line number="404" hits="3" branch="true" condition-coverage="100% (2/2)" />
            <line number="405" hits="2" branch="false" />
            <line number="406" hits="2" branch="false" />
            <line number="407" hits="2" branch="true" condition-coverage="100% (2/2)" />
            <line number="409" hits="2" branch="true" condition-coverage="100% (2/2)" />
            <line number="410" hits="2" branch="false" />
            <line number="411" hits="2" branch="false" />
            <line number="412" hits="2" branch="false" />
            <line number="413" hits="2" branch="false" />
            <line number="414" hits="2" branch="false" />
            <line number="417" hits="1" branch="false" />
            <line number="418" hits="1" branch="false" />
            <line number="420" hits="1" branch="false" />
            <line number="421" hits="1" branch="false" />
            <line number="422" hits="1" branch="false" />
            <line number="423" hits="1" branch="false" />
            <line number="424" hits="1" branch="false" />
            <line number="426" hits="5" branch="false" />
          </lines>
        </class>
      </classes>
    </package>
  </packages>
</coverage>